/home/cjh/droncon_ws/install/vision_pkg/lib/python3.10/site-packages/vision_pkg/cv_tools.py
/home/cjh/droncon_ws/install/vision_pkg/lib/python3.10/site-packages/vision_pkg/ground_plane_mapper_d435.py
/home/cjh/droncon_ws/install/vision_pkg/lib/python3.10/site-packages/vision_pkg/vision_camera.py
/home/cjh/droncon_ws/install/vision_pkg/lib/python3.10/site-packages/vision_pkg/__init__.py
/home/cjh/droncon_ws/install/vision_pkg/lib/python3.10/site-packages/vision_pkg/vision_base.py
/home/cjh/droncon_ws/install/vision_pkg/lib/python3.10/site-packages/vision_pkg/vision_d435.py
/home/cjh/droncon_ws/install/vision_pkg/lib/python3.10/site-packages/vision_pkg/__pycache__/cv_tools.cpython-310.pyc
/home/cjh/droncon_ws/install/vision_pkg/lib/python3.10/site-packages/vision_pkg/__pycache__/ground_plane_mapper_d435.cpython-310.pyc
/home/cjh/droncon_ws/install/vision_pkg/lib/python3.10/site-packages/vision_pkg/__pycache__/vision_camera.cpython-310.pyc
/home/cjh/droncon_ws/install/vision_pkg/lib/python3.10/site-packages/vision_pkg/__pycache__/__init__.cpython-310.pyc
/home/cjh/droncon_ws/install/vision_pkg/lib/python3.10/site-packages/vision_pkg/__pycache__/vision_base.cpython-310.pyc
/home/cjh/droncon_ws/install/vision_pkg/lib/python3.10/site-packages/vision_pkg/__pycache__/vision_d435.cpython-310.pyc
/home/cjh/droncon_ws/install/vision_pkg/share/ament_index/resource_index/packages/vision_pkg
/home/cjh/droncon_ws/install/vision_pkg/share/vision_pkg/package.xml
/home/cjh/droncon_ws/install/vision_pkg/share/vision_pkg/launch/vision_combined.launch.py
/home/cjh/droncon_ws/install/vision_pkg/lib/python3.10/site-packages/vision_pkg-0.0.0-py3.10.egg-info/SOURCES.txt
/home/cjh/droncon_ws/install/vision_pkg/lib/python3.10/site-packages/vision_pkg-0.0.0-py3.10.egg-info/dependency_links.txt
/home/cjh/droncon_ws/install/vision_pkg/lib/python3.10/site-packages/vision_pkg-0.0.0-py3.10.egg-info/requires.txt
/home/cjh/droncon_ws/install/vision_pkg/lib/python3.10/site-packages/vision_pkg-0.0.0-py3.10.egg-info/PKG-INFO
/home/cjh/droncon_ws/install/vision_pkg/lib/python3.10/site-packages/vision_pkg-0.0.0-py3.10.egg-info/zip-safe
/home/cjh/droncon_ws/install/vision_pkg/lib/python3.10/site-packages/vision_pkg-0.0.0-py3.10.egg-info/top_level.txt
/home/cjh/droncon_ws/install/vision_pkg/lib/python3.10/site-packages/vision_pkg-0.0.0-py3.10.egg-info/entry_points.txt
/home/cjh/droncon_ws/install/vision_pkg/lib/vision_pkg/vision_camera
/home/cjh/droncon_ws/install/vision_pkg/lib/vision_pkg/vision_d435
