[90.052s] Invoking command in '/home/cjh/droncon_ws/src/vision_pkg': PYTHONPATH=/home/cjh/droncon_ws/build/vision_pkg/prefix_override:/usr/lib/python3/dist-packages/colcon_core/task/python/colcon_distutils_commands:/home/cjh/droncon_ws/install/vision_pkg/lib/python3.10/site-packages:${PYTHONPATH} /usr/bin/python3 -W ignore:setup.py install is deprecated -W ignore:easy_install command is deprecated setup.py egg_info --egg-base ../../build/vision_pkg build --build-base /home/cjh/droncon_ws/build/vision_pkg/build install --record /home/cjh/droncon_ws/build/vision_pkg/install.log --single-version-externally-managed install_data
[90.269s] running egg_info
[90.269s] writing ../../build/vision_pkg/vision_pkg.egg-info/PKG-INFO
[90.270s] writing dependency_links to ../../build/vision_pkg/vision_pkg.egg-info/dependency_links.txt
[90.271s] writing entry points to ../../build/vision_pkg/vision_pkg.egg-info/entry_points.txt
[90.271s] writing requirements to ../../build/vision_pkg/vision_pkg.egg-info/requires.txt
[90.271s] writing top-level names to ../../build/vision_pkg/vision_pkg.egg-info/top_level.txt
[90.273s] reading manifest file '../../build/vision_pkg/vision_pkg.egg-info/SOURCES.txt'
[90.274s] writing manifest file '../../build/vision_pkg/vision_pkg.egg-info/SOURCES.txt'
[90.274s] running build
[90.274s] running build_py
[90.275s] running install
[90.275s] running install_lib
[90.276s] running install_data
[90.276s] running install_egg_info
[90.278s] removing '/home/cjh/droncon_ws/install/vision_pkg/lib/python3.10/site-packages/vision_pkg-0.0.0-py3.10.egg-info' (and everything under it)
[90.279s] Copying ../../build/vision_pkg/vision_pkg.egg-info to /home/cjh/droncon_ws/install/vision_pkg/lib/python3.10/site-packages/vision_pkg-0.0.0-py3.10.egg-info
[90.280s] running install_scripts
[90.306s] Installing vision_camera script to /home/cjh/droncon_ws/install/vision_pkg/lib/vision_pkg
[90.306s] Installing vision_d435 script to /home/cjh/droncon_ws/install/vision_pkg/lib/vision_pkg
[90.307s] writing list of installed files to '/home/cjh/droncon_ws/build/vision_pkg/install.log'
[120.080s] Invoked command in '/home/cjh/droncon_ws/src/vision_pkg' returned '0': PYTHONPATH=/home/cjh/droncon_ws/build/vision_pkg/prefix_override:/usr/lib/python3/dist-packages/colcon_core/task/python/colcon_distutils_commands:/home/cjh/droncon_ws/install/vision_pkg/lib/python3.10/site-packages:${PYTHONPATH} /usr/bin/python3 -W ignore:setup.py install is deprecated -W ignore:easy_install command is deprecated setup.py egg_info --egg-base ../../build/vision_pkg build --build-base /home/cjh/droncon_ws/build/vision_pkg/build install --record /home/cjh/droncon_ws/build/vision_pkg/install.log --single-version-externally-managed install_data
