[0.079s] DEBUG:colcon:Command line arguments: ['/usr/bin/colcon', 'build']
[0.079s] DEBUG:colcon:Parsed command line arguments: Namespace(log_base=None, log_level=None, verb_name='build', build_base='build', install_base='install', merge_install=False, symlink_install=False, test_result_base=None, continue_on_error=False, executor='parallel', parallel_workers=16, event_handlers=None, ignore_user_meta=False, metas=['./colcon.meta'], base_paths=['.'], packages_ignore=None, packages_ignore_regex=None, paths=None, packages_up_to=None, packages_up_to_regex=None, packages_above=None, packages_above_and_dependencies=None, packages_above_depth=None, packages_select_by_dep=None, packages_skip_by_dep=None, packages_skip_up_to=None, packages_select_build_failed=False, packages_skip_build_finished=False, packages_select_test_failures=False, packages_skip_test_passed=False, packages_select=None, packages_skip=None, packages_select_regex=None, packages_skip_regex=None, packages_start=None, packages_end=None, allow_overriding=[], cmake_args=None, cmake_target=None, cmake_target_skip_unavailable=False, cmake_clean_cache=False, cmake_clean_first=False, cmake_force_configure=False, ament_cmake_args=None, catkin_cmake_args=None, catkin_skip_building_tests=False, verb_parser=<colcon_defaults.argument_parser.defaults.DefaultArgumentsDecorator object at 0x74f6d5862b30>, verb_extension=<colcon_core.verb.build.BuildVerb object at 0x74f6d58626e0>, main=<bound method BuildVerb.main of <colcon_core.verb.build.BuildVerb object at 0x74f6d58626e0>>)
[0.199s] Level 1:colcon.colcon_core.package_discovery:discover_packages(colcon_meta) check parameters
[0.199s] Level 1:colcon.colcon_core.package_discovery:discover_packages(recursive) check parameters
[0.199s] Level 1:colcon.colcon_core.package_discovery:discover_packages(ignore) check parameters
[0.199s] Level 1:colcon.colcon_core.package_discovery:discover_packages(path) check parameters
[0.199s] Level 1:colcon.colcon_core.package_discovery:discover_packages(colcon_meta) discover
[0.199s] Level 1:colcon.colcon_core.package_discovery:discover_packages(recursive) discover
[0.199s] INFO:colcon.colcon_core.package_discovery:Crawling recursively for packages in '/home/cjh/droncon_ws'
[0.199s] Level 1:colcon.colcon_core.package_identification:_identify(.) by extensions ['ignore', 'ignore_ament_install']
[0.199s] Level 1:colcon.colcon_core.package_identification:_identify(.) by extension 'ignore'
[0.199s] Level 1:colcon.colcon_core.package_identification:_identify(.) by extension 'ignore_ament_install'
[0.199s] Level 1:colcon.colcon_core.package_identification:_identify(.) by extensions ['colcon_pkg']
[0.199s] Level 1:colcon.colcon_core.package_identification:_identify(.) by extension 'colcon_pkg'
[0.199s] Level 1:colcon.colcon_core.package_identification:_identify(.) by extensions ['colcon_meta']
[0.199s] Level 1:colcon.colcon_core.package_identification:_identify(.) by extension 'colcon_meta'
[0.199s] Level 1:colcon.colcon_core.package_identification:_identify(.) by extensions ['ros']
[0.199s] Level 1:colcon.colcon_core.package_identification:_identify(.) by extension 'ros'
[0.208s] Level 1:colcon.colcon_core.package_identification:_identify(.) by extensions ['cmake', 'python']
[0.208s] Level 1:colcon.colcon_core.package_identification:_identify(.) by extension 'cmake'
[0.208s] Level 1:colcon.colcon_core.package_identification:_identify(.) by extension 'python'
[0.208s] Level 1:colcon.colcon_core.package_identification:_identify(.) by extensions ['python_setup_py']
[0.208s] Level 1:colcon.colcon_core.package_identification:_identify(.) by extension 'python_setup_py'
[0.208s] Level 1:colcon.colcon_core.package_identification:_identify(build) by extensions ['ignore', 'ignore_ament_install']
[0.208s] Level 1:colcon.colcon_core.package_identification:_identify(build) by extension 'ignore'
[0.208s] Level 1:colcon.colcon_core.package_identification:_identify(build) ignored
[0.208s] Level 1:colcon.colcon_core.package_identification:_identify(install) by extensions ['ignore', 'ignore_ament_install']
[0.208s] Level 1:colcon.colcon_core.package_identification:_identify(install) by extension 'ignore'
[0.208s] Level 1:colcon.colcon_core.package_identification:_identify(install) ignored
[0.208s] Level 1:colcon.colcon_core.package_identification:_identify(log) by extensions ['ignore', 'ignore_ament_install']
[0.208s] Level 1:colcon.colcon_core.package_identification:_identify(log) by extension 'ignore'
[0.208s] Level 1:colcon.colcon_core.package_identification:_identify(log) ignored
[0.208s] Level 1:colcon.colcon_core.package_identification:_identify(src) by extensions ['ignore', 'ignore_ament_install']
[0.208s] Level 1:colcon.colcon_core.package_identification:_identify(src) by extension 'ignore'
[0.208s] Level 1:colcon.colcon_core.package_identification:_identify(src) by extension 'ignore_ament_install'
[0.209s] Level 1:colcon.colcon_core.package_identification:_identify(src) by extensions ['colcon_pkg']
[0.209s] Level 1:colcon.colcon_core.package_identification:_identify(src) by extension 'colcon_pkg'
[0.209s] Level 1:colcon.colcon_core.package_identification:_identify(src) by extensions ['colcon_meta']
[0.209s] Level 1:colcon.colcon_core.package_identification:_identify(src) by extension 'colcon_meta'
[0.209s] Level 1:colcon.colcon_core.package_identification:_identify(src) by extensions ['ros']
[0.209s] Level 1:colcon.colcon_core.package_identification:_identify(src) by extension 'ros'
[0.209s] Level 1:colcon.colcon_core.package_identification:_identify(src) by extensions ['cmake', 'python']
[0.209s] Level 1:colcon.colcon_core.package_identification:_identify(src) by extension 'cmake'
[0.209s] Level 1:colcon.colcon_core.package_identification:_identify(src) by extension 'python'
[0.209s] Level 1:colcon.colcon_core.package_identification:_identify(src) by extensions ['python_setup_py']
[0.209s] Level 1:colcon.colcon_core.package_identification:_identify(src) by extension 'python_setup_py'
[0.209s] Level 1:colcon.colcon_core.package_identification:_identify(src/core) by extensions ['ignore', 'ignore_ament_install']
[0.209s] Level 1:colcon.colcon_core.package_identification:_identify(src/core) by extension 'ignore'
[0.209s] Level 1:colcon.colcon_core.package_identification:_identify(src/core) by extension 'ignore_ament_install'
[0.209s] Level 1:colcon.colcon_core.package_identification:_identify(src/core) by extensions ['colcon_pkg']
[0.209s] Level 1:colcon.colcon_core.package_identification:_identify(src/core) by extension 'colcon_pkg'
[0.209s] Level 1:colcon.colcon_core.package_identification:_identify(src/core) by extensions ['colcon_meta']
[0.209s] Level 1:colcon.colcon_core.package_identification:_identify(src/core) by extension 'colcon_meta'
[0.209s] Level 1:colcon.colcon_core.package_identification:_identify(src/core) by extensions ['ros']
[0.209s] Level 1:colcon.colcon_core.package_identification:_identify(src/core) by extension 'ros'
[0.211s] DEBUG:colcon.colcon_core.package_identification:Package 'src/core' with type 'ros.ament_cmake' and name 'core'
[0.211s] Level 1:colcon.colcon_core.package_identification:_identify(src/vision_interfaces) by extensions ['ignore', 'ignore_ament_install']
[0.211s] Level 1:colcon.colcon_core.package_identification:_identify(src/vision_interfaces) by extension 'ignore'
[0.211s] Level 1:colcon.colcon_core.package_identification:_identify(src/vision_interfaces) by extension 'ignore_ament_install'
[0.211s] Level 1:colcon.colcon_core.package_identification:_identify(src/vision_interfaces) by extensions ['colcon_pkg']
[0.211s] Level 1:colcon.colcon_core.package_identification:_identify(src/vision_interfaces) by extension 'colcon_pkg'
[0.211s] Level 1:colcon.colcon_core.package_identification:_identify(src/vision_interfaces) by extensions ['colcon_meta']
[0.211s] Level 1:colcon.colcon_core.package_identification:_identify(src/vision_interfaces) by extension 'colcon_meta'
[0.211s] Level 1:colcon.colcon_core.package_identification:_identify(src/vision_interfaces) by extensions ['ros']
[0.211s] Level 1:colcon.colcon_core.package_identification:_identify(src/vision_interfaces) by extension 'ros'
[0.211s] DEBUG:colcon.colcon_core.package_identification:Package 'src/vision_interfaces' with type 'ros.ament_cmake' and name 'vision_interfaces'
[0.211s] Level 1:colcon.colcon_core.package_identification:_identify(src/vision_pkg) by extensions ['ignore', 'ignore_ament_install']
[0.212s] Level 1:colcon.colcon_core.package_identification:_identify(src/vision_pkg) by extension 'ignore'
[0.212s] Level 1:colcon.colcon_core.package_identification:_identify(src/vision_pkg) by extension 'ignore_ament_install'
[0.212s] Level 1:colcon.colcon_core.package_identification:_identify(src/vision_pkg) by extensions ['colcon_pkg']
[0.212s] Level 1:colcon.colcon_core.package_identification:_identify(src/vision_pkg) by extension 'colcon_pkg'
[0.212s] Level 1:colcon.colcon_core.package_identification:_identify(src/vision_pkg) by extensions ['colcon_meta']
[0.212s] Level 1:colcon.colcon_core.package_identification:_identify(src/vision_pkg) by extension 'colcon_meta'
[0.212s] Level 1:colcon.colcon_core.package_identification:_identify(src/vision_pkg) by extensions ['ros']
[0.212s] Level 1:colcon.colcon_core.package_identification:_identify(src/vision_pkg) by extension 'ros'
[0.212s] DEBUG:colcon.colcon_core.package_identification:Package 'src/vision_pkg' with type 'ros.ament_python' and name 'vision_pkg'
[0.212s] Level 1:colcon.colcon_core.package_discovery:discover_packages(recursive) using defaults
[0.212s] Level 1:colcon.colcon_core.package_discovery:discover_packages(ignore) discover
[0.212s] Level 1:colcon.colcon_core.package_discovery:discover_packages(ignore) using defaults
[0.212s] Level 1:colcon.colcon_core.package_discovery:discover_packages(path) discover
[0.212s] Level 1:colcon.colcon_core.package_discovery:discover_packages(path) using defaults
[0.233s] Level 1:colcon.colcon_core.package_discovery:discover_packages(prefix_path) check parameters
[0.233s] Level 1:colcon.colcon_core.package_discovery:discover_packages(prefix_path) discover
[0.233s] WARNING:colcon.colcon_ros.prefix_path.ament:The path '/home/cjh/droncon_ws/install/vision_pkg' in the environment variable AMENT_PREFIX_PATH doesn't exist
[0.233s] WARNING:colcon.colcon_ros.prefix_path.ament:The path '/home/cjh/droncon_ws/install/vision_interfaces' in the environment variable AMENT_PREFIX_PATH doesn't exist
[0.233s] WARNING:colcon.colcon_ros.prefix_path.ament:The path '/home/cjh/droncon_ws/install/core' in the environment variable AMENT_PREFIX_PATH doesn't exist
[0.234s] WARNING:colcon.colcon_ros.prefix_path.catkin:The path '/home/cjh/droncon_ws/install/vision_interfaces' in the environment variable CMAKE_PREFIX_PATH doesn't exist
[0.234s] WARNING:colcon.colcon_ros.prefix_path.catkin:The path '/home/cjh/droncon_ws/install/core' in the environment variable CMAKE_PREFIX_PATH doesn't exist
[0.235s] DEBUG:colcon.colcon_installed_package_information.package_discovery:Found 1 installed packages in /home/cjh/oradar_ws/install
[0.235s] DEBUG:colcon.colcon_installed_package_information.package_discovery:Found 2 installed packages in //home/cjh/pluginlib_ws/install
[0.235s] DEBUG:colcon.colcon_installed_package_information.package_discovery:Found 4 installed packages in //home/cjh/nav2_ros2/install
[0.236s] DEBUG:colcon.colcon_installed_package_information.package_discovery:Found 5 installed packages in /home/cjh/realsense_ws/install
[0.236s] DEBUG:colcon.colcon_installed_package_information.package_discovery:Found 0 installed packages in /home/cjh/droncon_ws/install
[0.236s] DEBUG:colcon.colcon_installed_package_information.package_discovery:Found 2 installed packages in /home/cjh/px4_control/install
[0.236s] DEBUG:colcon.colcon_installed_package_information.package_discovery:Found 1 installed packages in /home/cjh/pcl_test/install
[0.237s] DEBUG:colcon.colcon_installed_package_information.package_discovery:Found 2 installed packages in /home/cjh/pluginlib_ws/install
[0.237s] DEBUG:colcon.colcon_installed_package_information.package_discovery:Found 4 installed packages in /home/cjh/nav2_ros2/install
[0.239s] DEBUG:colcon.colcon_installed_package_information.package_discovery:Found 464 installed packages in /opt/ros/humble
[0.240s] Level 1:colcon.colcon_core.package_discovery:discover_packages(prefix_path) using defaults
[0.285s] Level 5:colcon.colcon_core.verb:set package 'core' build argument 'cmake_args' from command line to 'None'
[0.285s] Level 5:colcon.colcon_core.verb:set package 'core' build argument 'cmake_target' from command line to 'None'
[0.285s] Level 5:colcon.colcon_core.verb:set package 'core' build argument 'cmake_target_skip_unavailable' from command line to 'False'
[0.285s] Level 5:colcon.colcon_core.verb:set package 'core' build argument 'cmake_clean_cache' from command line to 'False'
[0.285s] Level 5:colcon.colcon_core.verb:set package 'core' build argument 'cmake_clean_first' from command line to 'False'
[0.285s] Level 5:colcon.colcon_core.verb:set package 'core' build argument 'cmake_force_configure' from command line to 'False'
[0.285s] Level 5:colcon.colcon_core.verb:set package 'core' build argument 'ament_cmake_args' from command line to 'None'
[0.285s] Level 5:colcon.colcon_core.verb:set package 'core' build argument 'catkin_cmake_args' from command line to 'None'
[0.285s] Level 5:colcon.colcon_core.verb:set package 'core' build argument 'catkin_skip_building_tests' from command line to 'False'
[0.285s] DEBUG:colcon.colcon_core.verb:Building package 'core' with the following arguments: {'ament_cmake_args': None, 'build_base': '/home/cjh/droncon_ws/build/core', 'catkin_cmake_args': None, 'catkin_skip_building_tests': False, 'cmake_args': None, 'cmake_clean_cache': False, 'cmake_clean_first': False, 'cmake_force_configure': False, 'cmake_target': None, 'cmake_target_skip_unavailable': False, 'install_base': '/home/cjh/droncon_ws/install/core', 'merge_install': False, 'path': '/home/cjh/droncon_ws/src/core', 'symlink_install': False, 'test_result_base': None}
[0.285s] Level 5:colcon.colcon_core.verb:set package 'vision_interfaces' build argument 'cmake_args' from command line to 'None'
[0.285s] Level 5:colcon.colcon_core.verb:set package 'vision_interfaces' build argument 'cmake_target' from command line to 'None'
[0.285s] Level 5:colcon.colcon_core.verb:set package 'vision_interfaces' build argument 'cmake_target_skip_unavailable' from command line to 'False'
[0.285s] Level 5:colcon.colcon_core.verb:set package 'vision_interfaces' build argument 'cmake_clean_cache' from command line to 'False'
[0.285s] Level 5:colcon.colcon_core.verb:set package 'vision_interfaces' build argument 'cmake_clean_first' from command line to 'False'
[0.285s] Level 5:colcon.colcon_core.verb:set package 'vision_interfaces' build argument 'cmake_force_configure' from command line to 'False'
[0.285s] Level 5:colcon.colcon_core.verb:set package 'vision_interfaces' build argument 'ament_cmake_args' from command line to 'None'
[0.285s] Level 5:colcon.colcon_core.verb:set package 'vision_interfaces' build argument 'catkin_cmake_args' from command line to 'None'
[0.285s] Level 5:colcon.colcon_core.verb:set package 'vision_interfaces' build argument 'catkin_skip_building_tests' from command line to 'False'
[0.285s] DEBUG:colcon.colcon_core.verb:Building package 'vision_interfaces' with the following arguments: {'ament_cmake_args': None, 'build_base': '/home/cjh/droncon_ws/build/vision_interfaces', 'catkin_cmake_args': None, 'catkin_skip_building_tests': False, 'cmake_args': None, 'cmake_clean_cache': False, 'cmake_clean_first': False, 'cmake_force_configure': False, 'cmake_target': None, 'cmake_target_skip_unavailable': False, 'install_base': '/home/cjh/droncon_ws/install/vision_interfaces', 'merge_install': False, 'path': '/home/cjh/droncon_ws/src/vision_interfaces', 'symlink_install': False, 'test_result_base': None}
[0.285s] Level 5:colcon.colcon_core.verb:set package 'vision_pkg' build argument 'cmake_args' from command line to 'None'
[0.285s] Level 5:colcon.colcon_core.verb:set package 'vision_pkg' build argument 'cmake_target' from command line to 'None'
[0.285s] Level 5:colcon.colcon_core.verb:set package 'vision_pkg' build argument 'cmake_target_skip_unavailable' from command line to 'False'
[0.285s] Level 5:colcon.colcon_core.verb:set package 'vision_pkg' build argument 'cmake_clean_cache' from command line to 'False'
[0.285s] Level 5:colcon.colcon_core.verb:set package 'vision_pkg' build argument 'cmake_clean_first' from command line to 'False'
[0.285s] Level 5:colcon.colcon_core.verb:set package 'vision_pkg' build argument 'cmake_force_configure' from command line to 'False'
[0.285s] Level 5:colcon.colcon_core.verb:set package 'vision_pkg' build argument 'ament_cmake_args' from command line to 'None'
[0.285s] Level 5:colcon.colcon_core.verb:set package 'vision_pkg' build argument 'catkin_cmake_args' from command line to 'None'
[0.285s] Level 5:colcon.colcon_core.verb:set package 'vision_pkg' build argument 'catkin_skip_building_tests' from command line to 'False'
[0.285s] DEBUG:colcon.colcon_core.verb:Building package 'vision_pkg' with the following arguments: {'ament_cmake_args': None, 'build_base': '/home/cjh/droncon_ws/build/vision_pkg', 'catkin_cmake_args': None, 'catkin_skip_building_tests': False, 'cmake_args': None, 'cmake_clean_cache': False, 'cmake_clean_first': False, 'cmake_force_configure': False, 'cmake_target': None, 'cmake_target_skip_unavailable': False, 'install_base': '/home/cjh/droncon_ws/install/vision_pkg', 'merge_install': False, 'path': '/home/cjh/droncon_ws/src/vision_pkg', 'symlink_install': False, 'test_result_base': None}
[0.286s] INFO:colcon.colcon_core.executor:Executing jobs using 'parallel' executor
[0.287s] DEBUG:colcon.colcon_parallel_executor.executor.parallel:run_until_complete
[0.287s] INFO:colcon.colcon_ros.task.ament_cmake.build:Building ROS package in '/home/cjh/droncon_ws/src/core' with build type 'ament_cmake'
[0.287s] INFO:colcon.colcon_cmake.task.cmake.build:Building CMake package in '/home/cjh/droncon_ws/src/core'
[0.290s] INFO:colcon.colcon_core.plugin_system:Skipping extension 'colcon_core.shell.bat': Not used on non-Windows systems
[0.290s] INFO:colcon.colcon_core.shell:Skip shell extension 'powershell' for command environment: Not usable outside of PowerShell
[0.290s] DEBUG:colcon.colcon_core.shell:Skip shell extension 'dsv' for command environment
[0.297s] INFO:colcon.colcon_ros.task.ament_cmake.build:Building ROS package in '/home/cjh/droncon_ws/src/vision_interfaces' with build type 'ament_cmake'
[0.297s] INFO:colcon.colcon_cmake.task.cmake.build:Building CMake package in '/home/cjh/droncon_ws/src/vision_interfaces'
[0.297s] INFO:colcon.colcon_core.shell:Skip shell extension 'powershell' for command environment: Not usable outside of PowerShell
[0.297s] DEBUG:colcon.colcon_core.shell:Skip shell extension 'dsv' for command environment
[0.305s] INFO:colcon.colcon_ros.task.ament_python.build:Building ROS package in '/home/cjh/droncon_ws/src/vision_pkg' with build type 'ament_python'
[0.305s] Level 1:colcon.colcon_core.shell:create_environment_hook('vision_pkg', 'ament_prefix_path')
[0.305s] INFO:colcon.colcon_core.shell:Creating environment hook '/home/cjh/droncon_ws/install/vision_pkg/share/vision_pkg/hook/ament_prefix_path.ps1'
[0.306s] INFO:colcon.colcon_core.shell:Creating environment descriptor '/home/cjh/droncon_ws/install/vision_pkg/share/vision_pkg/hook/ament_prefix_path.dsv'
[0.307s] INFO:colcon.colcon_core.shell:Creating environment hook '/home/cjh/droncon_ws/install/vision_pkg/share/vision_pkg/hook/ament_prefix_path.sh'
[0.307s] INFO:colcon.colcon_core.shell:Skip shell extension 'powershell' for command environment: Not usable outside of PowerShell
[0.307s] DEBUG:colcon.colcon_core.shell:Skip shell extension 'dsv' for command environment
[0.319s] DEBUG:colcon.colcon_core.event_handler.log_command:Invoking command in '/home/cjh/droncon_ws/build/core': CMAKE_PREFIX_PATH=${CMAKE_PREFIX_PATH}:/home/cjh/droncon_ws/install/vision_pkg:/home/cjh/realsense_ws/install/realsense2_ros_mqtt_bridge:/home/cjh/nav2_ros2/install/robot_application://home/cjh/nav2_ros2/install/robot_application:/opt/ros/humble /usr/bin/cmake /home/cjh/droncon_ws/src/core -DCMAKE_INSTALL_PREFIX=/home/cjh/droncon_ws/install/core
[0.321s] DEBUG:colcon.colcon_core.event_handler.log_command:Invoking command in '/home/cjh/droncon_ws/build/vision_interfaces': CMAKE_PREFIX_PATH=${CMAKE_PREFIX_PATH}:/home/cjh/droncon_ws/install/vision_pkg:/home/cjh/realsense_ws/install/realsense2_ros_mqtt_bridge:/home/cjh/nav2_ros2/install/robot_application://home/cjh/nav2_ros2/install/robot_application:/opt/ros/humble /usr/bin/cmake /home/cjh/droncon_ws/src/vision_interfaces -DCMAKE_INSTALL_PREFIX=/home/cjh/droncon_ws/install/vision_interfaces
[0.561s] INFO:colcon.colcon_core.task.python.build:Building Python package in '/home/cjh/droncon_ws/src/vision_pkg'
[0.562s] INFO:colcon.colcon_core.shell:Skip shell extension 'powershell' for command environment: Not usable outside of PowerShell
[0.562s] DEBUG:colcon.colcon_core.shell:Skip shell extension 'dsv' for command environment
[0.922s] DEBUG:colcon.colcon_core.event_handler.log_command:Invoking command in '/home/cjh/droncon_ws/src/vision_pkg': PYTHONPATH=/home/cjh/droncon_ws/build/vision_pkg/prefix_override:/usr/lib/python3/dist-packages/colcon_core/task/python/colcon_distutils_commands:/home/cjh/droncon_ws/install/vision_pkg/lib/python3.10/site-packages:${PYTHONPATH} /usr/bin/python3 -W ignore:setup.py install is deprecated -W ignore:easy_install command is deprecated setup.py egg_info --egg-base ../../build/vision_pkg build --build-base /home/cjh/droncon_ws/build/vision_pkg/build install --record /home/cjh/droncon_ws/build/vision_pkg/install.log --single-version-externally-managed install_data
[1.181s] DEBUG:colcon.colcon_core.event_handler.log_command:Invoked command in '/home/cjh/droncon_ws/src/vision_pkg' returned '0': PYTHONPATH=/home/cjh/droncon_ws/build/vision_pkg/prefix_override:/usr/lib/python3/dist-packages/colcon_core/task/python/colcon_distutils_commands:/home/cjh/droncon_ws/install/vision_pkg/lib/python3.10/site-packages:${PYTHONPATH} /usr/bin/python3 -W ignore:setup.py install is deprecated -W ignore:easy_install command is deprecated setup.py egg_info --egg-base ../../build/vision_pkg build --build-base /home/cjh/droncon_ws/build/vision_pkg/build install --record /home/cjh/droncon_ws/build/vision_pkg/install.log --single-version-externally-managed install_data
[1.183s] Level 1:colcon.colcon_core.environment:checking '/home/cjh/droncon_ws/install/vision_pkg' for CMake module files
[1.183s] Level 1:colcon.colcon_core.environment:checking '/home/cjh/droncon_ws/install/vision_pkg' for CMake config files
[1.184s] Level 1:colcon.colcon_core.environment:checking '/home/cjh/droncon_ws/install/vision_pkg/lib'
[1.184s] Level 1:colcon.colcon_core.environment:checking '/home/cjh/droncon_ws/install/vision_pkg/bin'
[1.184s] Level 1:colcon.colcon_core.environment:checking '/home/cjh/droncon_ws/install/vision_pkg/lib/pkgconfig/vision_pkg.pc'
[1.184s] Level 1:colcon.colcon_core.environment:checking '/home/cjh/droncon_ws/install/vision_pkg/lib/python3.10/site-packages'
[1.184s] Level 1:colcon.colcon_core.shell:create_environment_hook('vision_pkg', 'pythonpath')
[1.185s] INFO:colcon.colcon_core.shell:Creating environment hook '/home/cjh/droncon_ws/install/vision_pkg/share/vision_pkg/hook/pythonpath.ps1'
[1.185s] INFO:colcon.colcon_core.shell:Creating environment descriptor '/home/cjh/droncon_ws/install/vision_pkg/share/vision_pkg/hook/pythonpath.dsv'
[1.185s] INFO:colcon.colcon_core.shell:Creating environment hook '/home/cjh/droncon_ws/install/vision_pkg/share/vision_pkg/hook/pythonpath.sh'
[1.186s] Level 1:colcon.colcon_core.environment:checking '/home/cjh/droncon_ws/install/vision_pkg/bin'
[1.186s] Level 1:colcon.colcon_core.environment:create_environment_scripts_only(vision_pkg)
[1.186s] INFO:colcon.colcon_core.shell:Creating package script '/home/cjh/droncon_ws/install/vision_pkg/share/vision_pkg/package.ps1'
[1.187s] INFO:colcon.colcon_core.shell:Creating package descriptor '/home/cjh/droncon_ws/install/vision_pkg/share/vision_pkg/package.dsv'
[1.187s] INFO:colcon.colcon_core.shell:Creating package script '/home/cjh/droncon_ws/install/vision_pkg/share/vision_pkg/package.sh'
[1.187s] INFO:colcon.colcon_core.shell:Creating package script '/home/cjh/droncon_ws/install/vision_pkg/share/vision_pkg/package.bash'
[1.188s] INFO:colcon.colcon_core.shell:Creating package script '/home/cjh/droncon_ws/install/vision_pkg/share/vision_pkg/package.zsh'
[1.189s] Level 1:colcon.colcon_core.environment:create_file_with_runtime_dependencies(/home/cjh/droncon_ws/install/vision_pkg/share/colcon-core/packages/vision_pkg)
[2.417s] DEBUG:colcon.colcon_core.event_handler.log_command:Invoked command in '/home/cjh/droncon_ws/build/vision_interfaces' returned '0': CMAKE_PREFIX_PATH=${CMAKE_PREFIX_PATH}:/home/cjh/droncon_ws/install/vision_pkg:/home/cjh/realsense_ws/install/realsense2_ros_mqtt_bridge:/home/cjh/nav2_ros2/install/robot_application://home/cjh/nav2_ros2/install/robot_application:/opt/ros/humble /usr/bin/cmake /home/cjh/droncon_ws/src/vision_interfaces -DCMAKE_INSTALL_PREFIX=/home/cjh/droncon_ws/install/vision_interfaces
[2.419s] DEBUG:colcon.colcon_core.event_handler.log_command:Invoking command in '/home/cjh/droncon_ws/build/vision_interfaces': CMAKE_PREFIX_PATH=${CMAKE_PREFIX_PATH}:/home/cjh/droncon_ws/install/vision_pkg:/home/cjh/realsense_ws/install/realsense2_ros_mqtt_bridge:/home/cjh/nav2_ros2/install/robot_application://home/cjh/nav2_ros2/install/robot_application:/opt/ros/humble /usr/bin/cmake --build /home/cjh/droncon_ws/build/vision_interfaces -- -j16 -l16
[2.505s] DEBUG:colcon.colcon_core.event_handler.log_command:Invoked command in '/home/cjh/droncon_ws/build/core' returned '0': CMAKE_PREFIX_PATH=${CMAKE_PREFIX_PATH}:/home/cjh/droncon_ws/install/vision_pkg:/home/cjh/realsense_ws/install/realsense2_ros_mqtt_bridge:/home/cjh/nav2_ros2/install/robot_application://home/cjh/nav2_ros2/install/robot_application:/opt/ros/humble /usr/bin/cmake /home/cjh/droncon_ws/src/core -DCMAKE_INSTALL_PREFIX=/home/cjh/droncon_ws/install/core
[2.507s] DEBUG:colcon.colcon_core.event_handler.log_command:Invoking command in '/home/cjh/droncon_ws/build/core': CMAKE_PREFIX_PATH=${CMAKE_PREFIX_PATH}:/home/cjh/droncon_ws/install/vision_pkg:/home/cjh/realsense_ws/install/realsense2_ros_mqtt_bridge:/home/cjh/nav2_ros2/install/robot_application://home/cjh/nav2_ros2/install/robot_application:/opt/ros/humble /usr/bin/cmake --build /home/cjh/droncon_ws/build/core -- -j16 -l16
[7.240s] DEBUG:colcon.colcon_core.event_handler.log_command:Invoked command in '/home/cjh/droncon_ws/build/vision_interfaces' returned '0': CMAKE_PREFIX_PATH=${CMAKE_PREFIX_PATH}:/home/cjh/droncon_ws/install/vision_pkg:/home/cjh/realsense_ws/install/realsense2_ros_mqtt_bridge:/home/cjh/nav2_ros2/install/robot_application://home/cjh/nav2_ros2/install/robot_application:/opt/ros/humble /usr/bin/cmake --build /home/cjh/droncon_ws/build/vision_interfaces -- -j16 -l16
[7.262s] DEBUG:colcon.colcon_core.event_handler.log_command:Invoking command in '/home/cjh/droncon_ws/build/vision_interfaces': CMAKE_PREFIX_PATH=${CMAKE_PREFIX_PATH}:/home/cjh/droncon_ws/install/vision_pkg:/home/cjh/realsense_ws/install/realsense2_ros_mqtt_bridge:/home/cjh/nav2_ros2/install/robot_application://home/cjh/nav2_ros2/install/robot_application:/opt/ros/humble /usr/bin/cmake --install /home/cjh/droncon_ws/build/vision_interfaces
[7.472s] Level 1:colcon.colcon_core.environment:create_environment_scripts_only(vision_interfaces)
[7.472s] Level 1:colcon.colcon_core.environment:checking '/home/cjh/droncon_ws/install/vision_interfaces' for CMake module files
[7.473s] DEBUG:colcon.colcon_core.event_handler.log_command:Invoked command in '/home/cjh/droncon_ws/build/vision_interfaces' returned '0': CMAKE_PREFIX_PATH=${CMAKE_PREFIX_PATH}:/home/cjh/droncon_ws/install/vision_pkg:/home/cjh/realsense_ws/install/realsense2_ros_mqtt_bridge:/home/cjh/nav2_ros2/install/robot_application://home/cjh/nav2_ros2/install/robot_application:/opt/ros/humble /usr/bin/cmake --install /home/cjh/droncon_ws/build/vision_interfaces
[7.473s] Level 1:colcon.colcon_core.environment:checking '/home/cjh/droncon_ws/install/vision_interfaces' for CMake config files
[7.474s] Level 1:colcon.colcon_core.shell:create_environment_hook('vision_interfaces', 'cmake_prefix_path')
[7.474s] INFO:colcon.colcon_core.shell:Creating environment hook '/home/cjh/droncon_ws/install/vision_interfaces/share/vision_interfaces/hook/cmake_prefix_path.ps1'
[7.475s] INFO:colcon.colcon_core.shell:Creating environment descriptor '/home/cjh/droncon_ws/install/vision_interfaces/share/vision_interfaces/hook/cmake_prefix_path.dsv'
[7.475s] INFO:colcon.colcon_core.shell:Creating environment hook '/home/cjh/droncon_ws/install/vision_interfaces/share/vision_interfaces/hook/cmake_prefix_path.sh'
[7.476s] Level 1:colcon.colcon_core.environment:checking '/home/cjh/droncon_ws/install/vision_interfaces/lib'
[7.476s] Level 1:colcon.colcon_core.shell:create_environment_hook('vision_interfaces', 'ld_library_path_lib')
[7.476s] INFO:colcon.colcon_core.shell:Creating environment hook '/home/cjh/droncon_ws/install/vision_interfaces/share/vision_interfaces/hook/ld_library_path_lib.ps1'
[7.476s] INFO:colcon.colcon_core.shell:Creating environment descriptor '/home/cjh/droncon_ws/install/vision_interfaces/share/vision_interfaces/hook/ld_library_path_lib.dsv'
[7.476s] INFO:colcon.colcon_core.shell:Creating environment hook '/home/cjh/droncon_ws/install/vision_interfaces/share/vision_interfaces/hook/ld_library_path_lib.sh'
[7.477s] Level 1:colcon.colcon_core.environment:checking '/home/cjh/droncon_ws/install/vision_interfaces/bin'
[7.477s] Level 1:colcon.colcon_core.environment:checking '/home/cjh/droncon_ws/install/vision_interfaces/lib/pkgconfig/vision_interfaces.pc'
[7.477s] Level 1:colcon.colcon_core.environment:checking '/home/cjh/droncon_ws/install/vision_interfaces/lib/python3.10/site-packages'
[7.477s] Level 1:colcon.colcon_core.environment:checking '/home/cjh/droncon_ws/install/vision_interfaces/bin'
[7.478s] INFO:colcon.colcon_core.shell:Creating package script '/home/cjh/droncon_ws/install/vision_interfaces/share/vision_interfaces/package.ps1'
[7.479s] INFO:colcon.colcon_core.shell:Creating package descriptor '/home/cjh/droncon_ws/install/vision_interfaces/share/vision_interfaces/package.dsv'
[7.480s] INFO:colcon.colcon_core.shell:Creating package script '/home/cjh/droncon_ws/install/vision_interfaces/share/vision_interfaces/package.sh'
[7.481s] INFO:colcon.colcon_core.shell:Creating package script '/home/cjh/droncon_ws/install/vision_interfaces/share/vision_interfaces/package.bash'
[7.483s] INFO:colcon.colcon_core.shell:Creating package script '/home/cjh/droncon_ws/install/vision_interfaces/share/vision_interfaces/package.zsh'
[7.484s] Level 1:colcon.colcon_core.environment:create_file_with_runtime_dependencies(/home/cjh/droncon_ws/install/vision_interfaces/share/colcon-core/packages/vision_interfaces)
[7.485s] Level 1:colcon.colcon_core.environment:create_environment_scripts_only(vision_interfaces)
[7.485s] Level 1:colcon.colcon_core.environment:checking '/home/cjh/droncon_ws/install/vision_interfaces' for CMake module files
[7.486s] Level 1:colcon.colcon_core.environment:checking '/home/cjh/droncon_ws/install/vision_interfaces' for CMake config files
[7.486s] Level 1:colcon.colcon_core.shell:create_environment_hook('vision_interfaces', 'cmake_prefix_path')
[7.487s] INFO:colcon.colcon_core.shell:Creating environment hook '/home/cjh/droncon_ws/install/vision_interfaces/share/vision_interfaces/hook/cmake_prefix_path.ps1'
[7.487s] INFO:colcon.colcon_core.shell:Creating environment descriptor '/home/cjh/droncon_ws/install/vision_interfaces/share/vision_interfaces/hook/cmake_prefix_path.dsv'
[7.488s] INFO:colcon.colcon_core.shell:Creating environment hook '/home/cjh/droncon_ws/install/vision_interfaces/share/vision_interfaces/hook/cmake_prefix_path.sh'
[7.488s] Level 1:colcon.colcon_core.environment:checking '/home/cjh/droncon_ws/install/vision_interfaces/lib'
[7.488s] Level 1:colcon.colcon_core.shell:create_environment_hook('vision_interfaces', 'ld_library_path_lib')
[7.488s] INFO:colcon.colcon_core.shell:Creating environment hook '/home/cjh/droncon_ws/install/vision_interfaces/share/vision_interfaces/hook/ld_library_path_lib.ps1'
[7.489s] INFO:colcon.colcon_core.shell:Creating environment descriptor '/home/cjh/droncon_ws/install/vision_interfaces/share/vision_interfaces/hook/ld_library_path_lib.dsv'
[7.489s] INFO:colcon.colcon_core.shell:Creating environment hook '/home/cjh/droncon_ws/install/vision_interfaces/share/vision_interfaces/hook/ld_library_path_lib.sh'
[7.490s] Level 1:colcon.colcon_core.environment:checking '/home/cjh/droncon_ws/install/vision_interfaces/bin'
[7.490s] Level 1:colcon.colcon_core.environment:checking '/home/cjh/droncon_ws/install/vision_interfaces/lib/pkgconfig/vision_interfaces.pc'
[7.490s] Level 1:colcon.colcon_core.environment:checking '/home/cjh/droncon_ws/install/vision_interfaces/lib/python3.10/site-packages'
[7.490s] Level 1:colcon.colcon_core.environment:checking '/home/cjh/droncon_ws/install/vision_interfaces/bin'
[7.491s] INFO:colcon.colcon_core.shell:Creating package script '/home/cjh/droncon_ws/install/vision_interfaces/share/vision_interfaces/package.ps1'
[7.492s] INFO:colcon.colcon_core.shell:Creating package descriptor '/home/cjh/droncon_ws/install/vision_interfaces/share/vision_interfaces/package.dsv'
[7.492s] INFO:colcon.colcon_core.shell:Creating package script '/home/cjh/droncon_ws/install/vision_interfaces/share/vision_interfaces/package.sh'
[7.493s] INFO:colcon.colcon_core.shell:Creating package script '/home/cjh/droncon_ws/install/vision_interfaces/share/vision_interfaces/package.bash'
[7.493s] INFO:colcon.colcon_core.shell:Creating package script '/home/cjh/droncon_ws/install/vision_interfaces/share/vision_interfaces/package.zsh'
[7.494s] Level 1:colcon.colcon_core.environment:create_file_with_runtime_dependencies(/home/cjh/droncon_ws/install/vision_interfaces/share/colcon-core/packages/vision_interfaces)
[22.525s] DEBUG:colcon.colcon_core.event_handler.log_command:Invoked command in '/home/cjh/droncon_ws/build/core' returned '0': CMAKE_PREFIX_PATH=${CMAKE_PREFIX_PATH}:/home/cjh/droncon_ws/install/vision_pkg:/home/cjh/realsense_ws/install/realsense2_ros_mqtt_bridge:/home/cjh/nav2_ros2/install/robot_application://home/cjh/nav2_ros2/install/robot_application:/opt/ros/humble /usr/bin/cmake --build /home/cjh/droncon_ws/build/core -- -j16 -l16
[22.527s] DEBUG:colcon.colcon_core.event_handler.log_command:Invoking command in '/home/cjh/droncon_ws/build/core': CMAKE_PREFIX_PATH=${CMAKE_PREFIX_PATH}:/home/cjh/droncon_ws/install/vision_pkg:/home/cjh/realsense_ws/install/realsense2_ros_mqtt_bridge:/home/cjh/nav2_ros2/install/robot_application://home/cjh/nav2_ros2/install/robot_application:/opt/ros/humble /usr/bin/cmake --install /home/cjh/droncon_ws/build/core
[22.550s] Level 1:colcon.colcon_core.environment:create_environment_scripts_only(core)
[22.551s] Level 1:colcon.colcon_core.environment:checking '/home/cjh/droncon_ws/install/core' for CMake module files
[22.551s] DEBUG:colcon.colcon_core.event_handler.log_command:Invoked command in '/home/cjh/droncon_ws/build/core' returned '0': CMAKE_PREFIX_PATH=${CMAKE_PREFIX_PATH}:/home/cjh/droncon_ws/install/vision_pkg:/home/cjh/realsense_ws/install/realsense2_ros_mqtt_bridge:/home/cjh/nav2_ros2/install/robot_application://home/cjh/nav2_ros2/install/robot_application:/opt/ros/humble /usr/bin/cmake --install /home/cjh/droncon_ws/build/core
[22.552s] Level 1:colcon.colcon_core.environment:checking '/home/cjh/droncon_ws/install/core' for CMake config files
[22.552s] Level 1:colcon.colcon_core.shell:create_environment_hook('core', 'cmake_prefix_path')
[22.552s] INFO:colcon.colcon_core.shell:Creating environment hook '/home/cjh/droncon_ws/install/core/share/core/hook/cmake_prefix_path.ps1'
[22.552s] INFO:colcon.colcon_core.shell:Creating environment descriptor '/home/cjh/droncon_ws/install/core/share/core/hook/cmake_prefix_path.dsv'
[22.552s] INFO:colcon.colcon_core.shell:Creating environment hook '/home/cjh/droncon_ws/install/core/share/core/hook/cmake_prefix_path.sh'
[22.553s] Level 1:colcon.colcon_core.environment:checking '/home/cjh/droncon_ws/install/core/lib'
[22.553s] Level 1:colcon.colcon_core.environment:checking '/home/cjh/droncon_ws/install/core/bin'
[22.553s] Level 1:colcon.colcon_core.environment:checking '/home/cjh/droncon_ws/install/core/lib/pkgconfig/core.pc'
[22.553s] Level 1:colcon.colcon_core.environment:checking '/home/cjh/droncon_ws/install/core/lib/python3.10/site-packages'
[22.553s] Level 1:colcon.colcon_core.environment:checking '/home/cjh/droncon_ws/install/core/bin'
[22.554s] INFO:colcon.colcon_core.shell:Creating package script '/home/cjh/droncon_ws/install/core/share/core/package.ps1'
[22.554s] INFO:colcon.colcon_core.shell:Creating package descriptor '/home/cjh/droncon_ws/install/core/share/core/package.dsv'
[22.555s] INFO:colcon.colcon_core.shell:Creating package script '/home/cjh/droncon_ws/install/core/share/core/package.sh'
[22.555s] INFO:colcon.colcon_core.shell:Creating package script '/home/cjh/droncon_ws/install/core/share/core/package.bash'
[22.555s] INFO:colcon.colcon_core.shell:Creating package script '/home/cjh/droncon_ws/install/core/share/core/package.zsh'
[22.555s] Level 1:colcon.colcon_core.environment:create_file_with_runtime_dependencies(/home/cjh/droncon_ws/install/core/share/colcon-core/packages/core)
[22.556s] Level 1:colcon.colcon_core.environment:create_environment_scripts_only(core)
[22.556s] Level 1:colcon.colcon_core.environment:checking '/home/cjh/droncon_ws/install/core' for CMake module files
[22.556s] Level 1:colcon.colcon_core.environment:checking '/home/cjh/droncon_ws/install/core' for CMake config files
[22.556s] Level 1:colcon.colcon_core.shell:create_environment_hook('core', 'cmake_prefix_path')
[22.557s] INFO:colcon.colcon_core.shell:Creating environment hook '/home/cjh/droncon_ws/install/core/share/core/hook/cmake_prefix_path.ps1'
[22.557s] INFO:colcon.colcon_core.shell:Creating environment descriptor '/home/cjh/droncon_ws/install/core/share/core/hook/cmake_prefix_path.dsv'
[22.557s] INFO:colcon.colcon_core.shell:Creating environment hook '/home/cjh/droncon_ws/install/core/share/core/hook/cmake_prefix_path.sh'
[22.558s] Level 1:colcon.colcon_core.environment:checking '/home/cjh/droncon_ws/install/core/lib'
[22.558s] Level 1:colcon.colcon_core.environment:checking '/home/cjh/droncon_ws/install/core/bin'
[22.558s] Level 1:colcon.colcon_core.environment:checking '/home/cjh/droncon_ws/install/core/lib/pkgconfig/core.pc'
[22.558s] Level 1:colcon.colcon_core.environment:checking '/home/cjh/droncon_ws/install/core/lib/python3.10/site-packages'
[22.558s] Level 1:colcon.colcon_core.environment:checking '/home/cjh/droncon_ws/install/core/bin'
[22.558s] INFO:colcon.colcon_core.shell:Creating package script '/home/cjh/droncon_ws/install/core/share/core/package.ps1'
[22.559s] INFO:colcon.colcon_core.shell:Creating package descriptor '/home/cjh/droncon_ws/install/core/share/core/package.dsv'
[22.560s] INFO:colcon.colcon_core.shell:Creating package script '/home/cjh/droncon_ws/install/core/share/core/package.sh'
[22.560s] INFO:colcon.colcon_core.shell:Creating package script '/home/cjh/droncon_ws/install/core/share/core/package.bash'
[22.560s] INFO:colcon.colcon_core.shell:Creating package script '/home/cjh/droncon_ws/install/core/share/core/package.zsh'
[22.561s] Level 1:colcon.colcon_core.environment:create_file_with_runtime_dependencies(/home/cjh/droncon_ws/install/core/share/colcon-core/packages/core)
[22.561s] DEBUG:colcon.colcon_parallel_executor.executor.parallel:closing loop
[22.562s] DEBUG:colcon.colcon_parallel_executor.executor.parallel:loop closed
[22.562s] DEBUG:colcon.colcon_parallel_executor.executor.parallel:run_until_complete finished with '0'
[22.562s] DEBUG:colcon.colcon_core.event_reactor:joining thread
[22.567s] INFO:colcon.colcon_core.plugin_system:Skipping extension 'colcon_notification.desktop_notification.terminal_notifier': Not used on non-Darwin systems
[22.568s] INFO:colcon.colcon_core.plugin_system:Skipping extension 'colcon_notification.desktop_notification.win32': Not used on non-Windows systems
[22.568s] INFO:colcon.colcon_notification.desktop_notification:Sending desktop notification using 'notify2'
[22.587s] DEBUG:colcon.colcon_core.event_reactor:joined thread
[22.587s] INFO:colcon.colcon_core.shell:Creating prefix script '/home/cjh/droncon_ws/install/local_setup.ps1'
[22.588s] INFO:colcon.colcon_core.shell:Creating prefix util module '/home/cjh/droncon_ws/install/_local_setup_util_ps1.py'
[22.589s] INFO:colcon.colcon_core.shell:Creating prefix chain script '/home/cjh/droncon_ws/install/setup.ps1'
[22.591s] INFO:colcon.colcon_core.shell:Creating prefix script '/home/cjh/droncon_ws/install/local_setup.sh'
[22.591s] INFO:colcon.colcon_core.shell:Creating prefix util module '/home/cjh/droncon_ws/install/_local_setup_util_sh.py'
[22.591s] INFO:colcon.colcon_core.shell:Creating prefix chain script '/home/cjh/droncon_ws/install/setup.sh'
[22.593s] INFO:colcon.colcon_core.shell:Creating prefix script '/home/cjh/droncon_ws/install/local_setup.bash'
[22.593s] INFO:colcon.colcon_core.shell:Creating prefix chain script '/home/cjh/droncon_ws/install/setup.bash'
[22.595s] INFO:colcon.colcon_core.shell:Creating prefix script '/home/cjh/droncon_ws/install/local_setup.zsh'
[22.595s] INFO:colcon.colcon_core.shell:Creating prefix chain script '/home/cjh/droncon_ws/install/setup.zsh'
