running egg_info
creating ../../build/vision_pkg/vision_pkg.egg-info
writing ../../build/vision_pkg/vision_pkg.egg-info/PKG-INFO
writing dependency_links to ../../build/vision_pkg/vision_pkg.egg-info/dependency_links.txt
writing entry points to ../../build/vision_pkg/vision_pkg.egg-info/entry_points.txt
writing requirements to ../../build/vision_pkg/vision_pkg.egg-info/requires.txt
writing top-level names to ../../build/vision_pkg/vision_pkg.egg-info/top_level.txt
writing manifest file '../../build/vision_pkg/vision_pkg.egg-info/SOURCES.txt'
reading manifest file '../../build/vision_pkg/vision_pkg.egg-info/SOURCES.txt'
writing manifest file '../../build/vision_pkg/vision_pkg.egg-info/SOURCES.txt'
running build
running build_py
creating /home/cjh/droncon_ws/build/vision_pkg/build
creating /home/cjh/droncon_ws/build/vision_pkg/build/lib
creating /home/cjh/droncon_ws/build/vision_pkg/build/lib/vision_pkg
copying vision_pkg/cv_tools.py -> /home/cjh/droncon_ws/build/vision_pkg/build/lib/vision_pkg
copying vision_pkg/vision_camera.py -> /home/cjh/droncon_ws/build/vision_pkg/build/lib/vision_pkg
copying vision_pkg/__init__.py -> /home/cjh/droncon_ws/build/vision_pkg/build/lib/vision_pkg
copying vision_pkg/vision_base.py -> /home/cjh/droncon_ws/build/vision_pkg/build/lib/vision_pkg
copying vision_pkg/vision_d435.py -> /home/cjh/droncon_ws/build/vision_pkg/build/lib/vision_pkg
running install
running install_lib
creating /home/cjh/droncon_ws/install/vision_pkg/lib/python3.10/site-packages/vision_pkg
copying /home/cjh/droncon_ws/build/vision_pkg/build/lib/vision_pkg/cv_tools.py -> /home/cjh/droncon_ws/install/vision_pkg/lib/python3.10/site-packages/vision_pkg
copying /home/cjh/droncon_ws/build/vision_pkg/build/lib/vision_pkg/vision_camera.py -> /home/cjh/droncon_ws/install/vision_pkg/lib/python3.10/site-packages/vision_pkg
copying /home/cjh/droncon_ws/build/vision_pkg/build/lib/vision_pkg/__init__.py -> /home/cjh/droncon_ws/install/vision_pkg/lib/python3.10/site-packages/vision_pkg
copying /home/cjh/droncon_ws/build/vision_pkg/build/lib/vision_pkg/vision_base.py -> /home/cjh/droncon_ws/install/vision_pkg/lib/python3.10/site-packages/vision_pkg
copying /home/cjh/droncon_ws/build/vision_pkg/build/lib/vision_pkg/vision_d435.py -> /home/cjh/droncon_ws/install/vision_pkg/lib/python3.10/site-packages/vision_pkg
byte-compiling /home/cjh/droncon_ws/install/vision_pkg/lib/python3.10/site-packages/vision_pkg/cv_tools.py to cv_tools.cpython-310.pyc
byte-compiling /home/cjh/droncon_ws/install/vision_pkg/lib/python3.10/site-packages/vision_pkg/vision_camera.py to vision_camera.cpython-310.pyc
byte-compiling /home/cjh/droncon_ws/install/vision_pkg/lib/python3.10/site-packages/vision_pkg/__init__.py to __init__.cpython-310.pyc
byte-compiling /home/cjh/droncon_ws/install/vision_pkg/lib/python3.10/site-packages/vision_pkg/vision_base.py to vision_base.cpython-310.pyc
byte-compiling /home/cjh/droncon_ws/install/vision_pkg/lib/python3.10/site-packages/vision_pkg/vision_d435.py to vision_d435.cpython-310.pyc
running install_data
creating /home/cjh/droncon_ws/install/vision_pkg/share/ament_index
creating /home/cjh/droncon_ws/install/vision_pkg/share/ament_index/resource_index
creating /home/cjh/droncon_ws/install/vision_pkg/share/ament_index/resource_index/packages
copying resource/vision_pkg -> /home/cjh/droncon_ws/install/vision_pkg/share/ament_index/resource_index/packages
copying package.xml -> /home/cjh/droncon_ws/install/vision_pkg/share/vision_pkg
creating /home/cjh/droncon_ws/install/vision_pkg/share/vision_pkg/launch
running install_egg_info
Copying ../../build/vision_pkg/vision_pkg.egg-info to /home/cjh/droncon_ws/install/vision_pkg/lib/python3.10/site-packages/vision_pkg-0.0.0-py3.10.egg-info
running install_scripts
Installing vision_camera script to /home/cjh/droncon_ws/install/vision_pkg/lib/vision_pkg
Installing vision_d435 script to /home/cjh/droncon_ws/install/vision_pkg/lib/vision_pkg
writing list of installed files to '/home/cjh/droncon_ws/build/vision_pkg/install.log'
