[0.616s] Invoking command in '/home/cjh/droncon_ws/src/vision_pkg': PYTHONPATH=/home/cjh/droncon_ws/build/vision_pkg/prefix_override:/usr/lib/python3/dist-packages/colcon_core/task/python/colcon_distutils_commands:/home/cjh/droncon_ws/install/vision_pkg/lib/python3.10/site-packages:${PYTHONPATH} /usr/bin/python3 -W ignore:setup.py install is deprecated -W ignore:easy_install command is deprecated setup.py egg_info --egg-base ../../build/vision_pkg build --build-base /home/cjh/droncon_ws/build/vision_pkg/build install --record /home/cjh/droncon_ws/build/vision_pkg/install.log --single-version-externally-managed install_data
[0.818s] running egg_info
[0.818s] creating ../../build/vision_pkg/vision_pkg.egg-info
[0.819s] writing ../../build/vision_pkg/vision_pkg.egg-info/PKG-INFO
[0.819s] writing dependency_links to ../../build/vision_pkg/vision_pkg.egg-info/dependency_links.txt
[0.819s] writing entry points to ../../build/vision_pkg/vision_pkg.egg-info/entry_points.txt
[0.820s] writing requirements to ../../build/vision_pkg/vision_pkg.egg-info/requires.txt
[0.820s] writing top-level names to ../../build/vision_pkg/vision_pkg.egg-info/top_level.txt
[0.820s] writing manifest file '../../build/vision_pkg/vision_pkg.egg-info/SOURCES.txt'
[0.823s] reading manifest file '../../build/vision_pkg/vision_pkg.egg-info/SOURCES.txt'
[0.824s] writing manifest file '../../build/vision_pkg/vision_pkg.egg-info/SOURCES.txt'
[0.824s] running build
[0.824s] running build_py
[0.825s] creating /home/cjh/droncon_ws/build/vision_pkg/build
[0.825s] creating /home/cjh/droncon_ws/build/vision_pkg/build/lib
[0.825s] creating /home/cjh/droncon_ws/build/vision_pkg/build/lib/vision_pkg
[0.825s] copying vision_pkg/cv_tools.py -> /home/cjh/droncon_ws/build/vision_pkg/build/lib/vision_pkg
[0.825s] copying vision_pkg/vision_camera.py -> /home/cjh/droncon_ws/build/vision_pkg/build/lib/vision_pkg
[0.825s] copying vision_pkg/__init__.py -> /home/cjh/droncon_ws/build/vision_pkg/build/lib/vision_pkg
[0.826s] copying vision_pkg/vision_base.py -> /home/cjh/droncon_ws/build/vision_pkg/build/lib/vision_pkg
[0.826s] copying vision_pkg/vision_d435.py -> /home/cjh/droncon_ws/build/vision_pkg/build/lib/vision_pkg
[0.826s] running install
[0.826s] running install_lib
[0.826s] creating /home/cjh/droncon_ws/install/vision_pkg/lib/python3.10/site-packages/vision_pkg
[0.826s] copying /home/cjh/droncon_ws/build/vision_pkg/build/lib/vision_pkg/cv_tools.py -> /home/cjh/droncon_ws/install/vision_pkg/lib/python3.10/site-packages/vision_pkg
[0.827s] copying /home/cjh/droncon_ws/build/vision_pkg/build/lib/vision_pkg/vision_camera.py -> /home/cjh/droncon_ws/install/vision_pkg/lib/python3.10/site-packages/vision_pkg
[0.827s] copying /home/cjh/droncon_ws/build/vision_pkg/build/lib/vision_pkg/__init__.py -> /home/cjh/droncon_ws/install/vision_pkg/lib/python3.10/site-packages/vision_pkg
[0.827s] copying /home/cjh/droncon_ws/build/vision_pkg/build/lib/vision_pkg/vision_base.py -> /home/cjh/droncon_ws/install/vision_pkg/lib/python3.10/site-packages/vision_pkg
[0.827s] copying /home/cjh/droncon_ws/build/vision_pkg/build/lib/vision_pkg/vision_d435.py -> /home/cjh/droncon_ws/install/vision_pkg/lib/python3.10/site-packages/vision_pkg
[0.828s] byte-compiling /home/cjh/droncon_ws/install/vision_pkg/lib/python3.10/site-packages/vision_pkg/cv_tools.py to cv_tools.cpython-310.pyc
[0.829s] byte-compiling /home/cjh/droncon_ws/install/vision_pkg/lib/python3.10/site-packages/vision_pkg/vision_camera.py to vision_camera.cpython-310.pyc
[0.830s] byte-compiling /home/cjh/droncon_ws/install/vision_pkg/lib/python3.10/site-packages/vision_pkg/__init__.py to __init__.cpython-310.pyc
[0.830s] byte-compiling /home/cjh/droncon_ws/install/vision_pkg/lib/python3.10/site-packages/vision_pkg/vision_base.py to vision_base.cpython-310.pyc
[0.831s] byte-compiling /home/cjh/droncon_ws/install/vision_pkg/lib/python3.10/site-packages/vision_pkg/vision_d435.py to vision_d435.cpython-310.pyc
[0.833s] running install_data
[0.833s] creating /home/cjh/droncon_ws/install/vision_pkg/share/ament_index
[0.833s] creating /home/cjh/droncon_ws/install/vision_pkg/share/ament_index/resource_index
[0.833s] creating /home/cjh/droncon_ws/install/vision_pkg/share/ament_index/resource_index/packages
[0.833s] copying resource/vision_pkg -> /home/cjh/droncon_ws/install/vision_pkg/share/ament_index/resource_index/packages
[0.833s] copying package.xml -> /home/cjh/droncon_ws/install/vision_pkg/share/vision_pkg
[0.833s] creating /home/cjh/droncon_ws/install/vision_pkg/share/vision_pkg/launch
[0.833s] running install_egg_info
[0.834s] Copying ../../build/vision_pkg/vision_pkg.egg-info to /home/cjh/droncon_ws/install/vision_pkg/lib/python3.10/site-packages/vision_pkg-0.0.0-py3.10.egg-info
[0.835s] running install_scripts
[0.853s] Installing vision_camera script to /home/cjh/droncon_ws/install/vision_pkg/lib/vision_pkg
[0.854s] Installing vision_d435 script to /home/cjh/droncon_ws/install/vision_pkg/lib/vision_pkg
[0.854s] writing list of installed files to '/home/cjh/droncon_ws/build/vision_pkg/install.log'
[0.876s] Invoked command in '/home/cjh/droncon_ws/src/vision_pkg' returned '0': PYTHONPATH=/home/cjh/droncon_ws/build/vision_pkg/prefix_override:/usr/lib/python3/dist-packages/colcon_core/task/python/colcon_distutils_commands:/home/cjh/droncon_ws/install/vision_pkg/lib/python3.10/site-packages:${PYTHONPATH} /usr/bin/python3 -W ignore:setup.py install is deprecated -W ignore:easy_install command is deprecated setup.py egg_info --egg-base ../../build/vision_pkg build --build-base /home/cjh/droncon_ws/build/vision_pkg/build install --record /home/cjh/droncon_ws/build/vision_pkg/install.log --single-version-externally-managed install_data
