[30.019s] Invoking command in '/home/cjh/droncon_ws/src/vision_pkg': PYTHONPATH=/home/cjh/droncon_ws/build/vision_pkg/prefix_override:/usr/lib/python3/dist-packages/colcon_core/task/python/colcon_distutils_commands:/home/cjh/droncon_ws/install/vision_pkg/lib/python3.10/site-packages:${PYTHONPATH} /usr/bin/python3 -W ignore:setup.py install is deprecated -W ignore:easy_install command is deprecated setup.py egg_info --egg-base ../../build/vision_pkg build --build-base /home/cjh/droncon_ws/build/vision_pkg/build install --record /home/cjh/droncon_ws/build/vision_pkg/install.log --single-version-externally-managed install_data
[30.235s] running egg_info
[30.235s] writing ../../build/vision_pkg/vision_pkg.egg-info/PKG-INFO
[30.236s] writing dependency_links to ../../build/vision_pkg/vision_pkg.egg-info/dependency_links.txt
[30.236s] writing entry points to ../../build/vision_pkg/vision_pkg.egg-info/entry_points.txt
[30.236s] writing requirements to ../../build/vision_pkg/vision_pkg.egg-info/requires.txt
[30.237s] writing top-level names to ../../build/vision_pkg/vision_pkg.egg-info/top_level.txt
[30.238s] reading manifest file '../../build/vision_pkg/vision_pkg.egg-info/SOURCES.txt'
[30.240s] writing manifest file '../../build/vision_pkg/vision_pkg.egg-info/SOURCES.txt'
[30.240s] running build
[30.240s] running build_py
[30.241s] copying vision_pkg/vision_d435.py -> /home/cjh/droncon_ws/build/vision_pkg/build/lib/vision_pkg
[30.241s] running install
[30.241s] running install_lib
[30.243s] copying /home/cjh/droncon_ws/build/vision_pkg/build/lib/vision_pkg/vision_d435.py -> /home/cjh/droncon_ws/install/vision_pkg/lib/python3.10/site-packages/vision_pkg
[30.243s] byte-compiling /home/cjh/droncon_ws/install/vision_pkg/lib/python3.10/site-packages/vision_pkg/vision_d435.py to vision_d435.cpython-310.pyc
[30.246s] running install_data
[30.246s] running install_egg_info
[30.248s] removing '/home/cjh/droncon_ws/install/vision_pkg/lib/python3.10/site-packages/vision_pkg-0.0.0-py3.10.egg-info' (and everything under it)
[30.249s] Copying ../../build/vision_pkg/vision_pkg.egg-info to /home/cjh/droncon_ws/install/vision_pkg/lib/python3.10/site-packages/vision_pkg-0.0.0-py3.10.egg-info
[30.251s] running install_scripts
[30.270s] Installing vision_camera script to /home/cjh/droncon_ws/install/vision_pkg/lib/vision_pkg
[30.270s] Installing vision_d435 script to /home/cjh/droncon_ws/install/vision_pkg/lib/vision_pkg
[30.270s] writing list of installed files to '/home/cjh/droncon_ws/build/vision_pkg/install.log'
[30.288s] Invoked command in '/home/cjh/droncon_ws/src/vision_pkg' returned '0': PYTHONPATH=/home/cjh/droncon_ws/build/vision_pkg/prefix_override:/usr/lib/python3/dist-packages/colcon_core/task/python/colcon_distutils_commands:/home/cjh/droncon_ws/install/vision_pkg/lib/python3.10/site-packages:${PYTHONPATH} /usr/bin/python3 -W ignore:setup.py install is deprecated -W ignore:easy_install command is deprecated setup.py egg_info --egg-base ../../build/vision_pkg build --build-base /home/cjh/droncon_ws/build/vision_pkg/build install --record /home/cjh/droncon_ws/build/vision_pkg/install.log --single-version-externally-managed install_data
