-- The C compiler identification is GNU 11.4.0
-- The CXX compiler identification is GNU 11.4.0
-- Detecting C compiler ABI info
-- Detecting C compiler ABI info - done
-- Check for working C compiler: /usr/bin/cc - skipped
-- Detecting C compile features
-- Detecting C compile features - done
-- Detecting CXX compiler ABI info
-- Detecting CXX compiler ABI info - done
-- Check for working CXX compiler: /usr/bin/c++ - skipped
-- Detecting CXX compile features
-- Detecting CXX compile features - done
-- Found ament_cmake: 1.3.14 (/opt/ros/humble/share/ament_cmake/cmake)
-- Found Python3: /usr/bin/python3 (found version "3.10.12") found components: Interpreter 
-- Found rclcpp: 16.0.19 (/opt/ros/humble/share/rclcpp/cmake)
-- Found rosidl_generator_c: 3.1.8 (/opt/ros/humble/share/rosidl_generator_c/cmake)
-- Found rosidl_adapter: 3.1.8 (/opt/ros/humble/share/rosidl_adapter/cmake)
-- Found rosidl_generator_cpp: 3.1.8 (/opt/ros/humble/share/rosidl_generator_cpp/cmake)
-- Using all available rosidl_typesupport_c: rosidl_typesupport_fastrtps_c;rosidl_typesupport_introspection_c
-- Using all available rosidl_typesupport_cpp: rosidl_typesupport_fastrtps_cpp;rosidl_typesupport_introspection_cpp
-- Found rmw_implementation_cmake: 6.1.2 (/opt/ros/humble/share/rmw_implementation_cmake/cmake)
-- Found rmw_fastrtps_cpp: 6.2.10 (/opt/ros/humble/share/rmw_fastrtps_cpp/cmake)
-- Found OpenSSL: /usr/lib/x86_64-linux-gnu/libcrypto.so (found version "3.0.2")  
-- Found FastRTPS: /opt/ros/humble/include  
-- Using RMW implementation 'rmw_fastrtps_cpp' as default
-- Looking for pthread.h
-- Looking for pthread.h - found
-- Performing Test CMAKE_HAVE_LIBC_PTHREAD
-- Performing Test CMAKE_HAVE_LIBC_PTHREAD - Success
-- Found Threads: TRUE  
-- Found mavros_msgs: 2.14.0 (/opt/ros/humble/share/mavros_msgs/cmake)
-- Found nav_msgs: 4.9.1 (/opt/ros/humble/share/nav_msgs/cmake)
-- Found ament_lint_auto: 0.12.15 (/opt/ros/humble/share/ament_lint_auto/cmake)
-- Added test 'cppcheck' to perform static code analysis on C / C++ code
-- Configured cppcheck include dirs: $<BUILD_INTERFACE:/home/cjh/droncon_ws/src/core/src>
-- Configured cppcheck exclude dirs and/or files: 
-- Added test 'flake8' to check Python code syntax and style conventions
-- Added test 'lint_cmake' to check CMake code style
-- Added test 'pep257' to check Python code against some of the docstring style conventions in PEP 257
-- Added test 'uncrustify' to check C / C++ code style
-- Configured uncrustify additional arguments: 
-- Added test 'xmllint' to check XML markup files
-- Configuring done
-- Generating done
-- Build files have been written to: /home/cjh/droncon_ws/build/core
[ 28%] [32mBuilding CXX object CMakeFiles/drone_node.dir/src/layer3_mission/mission_executor.cpp.o[0m
[ 28%] [32mBuilding CXX object CMakeFiles/drone_node.dir/src/layer2_control/flight_controller.cpp.o[0m
[ 42%] [32mBuilding CXX object CMakeFiles/drone_node.dir/src/layer1_hal/drone_hal.cpp.o[0m
[ 71%] [32mBuilding CXX object CMakeFiles/drone_node.dir/src/main.cpp.o[0m
[ 71%] [32mBuilding CXX object CMakeFiles/drone_node.dir/src/layer2_control/pid_controller.cpp.o[0m
[ 85%] [32mBuilding CXX object CMakeFiles/drone_node.dir/src/layer4_system/drone_system.cpp.o[0m
[100%] [32m[1mLinking CXX executable drone_node[0m
[100%] Built target drone_node
-- Install configuration: ""
-- Installing: /home/cjh/droncon_ws/install/core/lib/core/drone_node
-- Set runtime path of "/home/cjh/droncon_ws/install/core/lib/core/drone_node" to ""
-- Installing: /home/cjh/droncon_ws/install/core/share/core/
-- Installing: /home/cjh/droncon_ws/install/core/share/core//gazebo_launch.py
-- Installing: /home/cjh/droncon_ws/install/core/share/core//core_launch.py
-- Installing: /home/cjh/droncon_ws/install/core/share/ament_index/resource_index/package_run_dependencies/core
-- Installing: /home/cjh/droncon_ws/install/core/share/ament_index/resource_index/parent_prefix_path/core
-- Installing: /home/cjh/droncon_ws/install/core/share/core/environment/ament_prefix_path.sh
-- Installing: /home/cjh/droncon_ws/install/core/share/core/environment/ament_prefix_path.dsv
-- Installing: /home/cjh/droncon_ws/install/core/share/core/environment/path.sh
-- Installing: /home/cjh/droncon_ws/install/core/share/core/environment/path.dsv
-- Installing: /home/cjh/droncon_ws/install/core/share/core/local_setup.bash
-- Installing: /home/cjh/droncon_ws/install/core/share/core/local_setup.sh
-- Installing: /home/cjh/droncon_ws/install/core/share/core/local_setup.zsh
-- Installing: /home/cjh/droncon_ws/install/core/share/core/local_setup.dsv
-- Installing: /home/cjh/droncon_ws/install/core/share/core/package.dsv
-- Installing: /home/cjh/droncon_ws/install/core/share/ament_index/resource_index/packages/core
-- Installing: /home/cjh/droncon_ws/install/core/share/core/cmake/coreConfig.cmake
-- Installing: /home/cjh/droncon_ws/install/core/share/core/cmake/coreConfig-version.cmake
-- Installing: /home/cjh/droncon_ws/install/core/share/core/package.xml
