[0.971s] Invoking command in '/home/cjh/droncon_ws/src/vision_pkg': PYTHONPATH=/home/cjh/droncon_ws/build/vision_pkg/prefix_override:/usr/lib/python3/dist-packages/colcon_core/task/python/colcon_distutils_commands:/home/cjh/droncon_ws/install/vision_pkg/lib/python3.10/site-packages:${PYTHONPATH} /usr/bin/python3 -W ignore:setup.py install is deprecated -W ignore:easy_install command is deprecated setup.py egg_info --egg-base ../../build/vision_pkg build --build-base /home/cjh/droncon_ws/build/vision_pkg/build install --record /home/cjh/droncon_ws/build/vision_pkg/install.log --single-version-externally-managed install_data
[1.232s] running egg_info
[1.233s] writing ../../build/vision_pkg/vision_pkg.egg-info/PKG-INFO
[1.233s] writing dependency_links to ../../build/vision_pkg/vision_pkg.egg-info/dependency_links.txt
[1.234s] writing entry points to ../../build/vision_pkg/vision_pkg.egg-info/entry_points.txt
[1.234s] writing requirements to ../../build/vision_pkg/vision_pkg.egg-info/requires.txt
[1.234s] writing top-level names to ../../build/vision_pkg/vision_pkg.egg-info/top_level.txt
[1.236s] reading manifest file '../../build/vision_pkg/vision_pkg.egg-info/SOURCES.txt'
[1.239s] writing manifest file '../../build/vision_pkg/vision_pkg.egg-info/SOURCES.txt'
[1.239s] running build
[1.239s] running build_py
[1.239s] copying vision_pkg/cv_tools.py -> /home/cjh/droncon_ws/build/vision_pkg/build/lib/vision_pkg
[1.240s] copying vision_pkg/ground_plane_mapper.py -> /home/cjh/droncon_ws/build/vision_pkg/build/lib/vision_pkg
[1.241s] copying vision_pkg/vision_base.py -> /home/cjh/droncon_ws/build/vision_pkg/build/lib/vision_pkg
[1.241s] copying vision_pkg/vision_d435.py -> /home/cjh/droncon_ws/build/vision_pkg/build/lib/vision_pkg
[1.242s] running install
[1.243s] running install_lib
[1.243s] copying /home/cjh/droncon_ws/build/vision_pkg/build/lib/vision_pkg/cv_tools.py -> /home/cjh/droncon_ws/install/vision_pkg/lib/python3.10/site-packages/vision_pkg
[1.244s] copying /home/cjh/droncon_ws/build/vision_pkg/build/lib/vision_pkg/ground_plane_mapper.py -> /home/cjh/droncon_ws/install/vision_pkg/lib/python3.10/site-packages/vision_pkg
[1.245s] copying /home/cjh/droncon_ws/build/vision_pkg/build/lib/vision_pkg/vision_base.py -> /home/cjh/droncon_ws/install/vision_pkg/lib/python3.10/site-packages/vision_pkg
[1.245s] copying /home/cjh/droncon_ws/build/vision_pkg/build/lib/vision_pkg/vision_d435.py -> /home/cjh/droncon_ws/install/vision_pkg/lib/python3.10/site-packages/vision_pkg
[1.246s] byte-compiling /home/cjh/droncon_ws/install/vision_pkg/lib/python3.10/site-packages/vision_pkg/cv_tools.py to cv_tools.cpython-310.pyc
[1.249s] byte-compiling /home/cjh/droncon_ws/install/vision_pkg/lib/python3.10/site-packages/vision_pkg/ground_plane_mapper.py to ground_plane_mapper.cpython-310.pyc
[1.252s] byte-compiling /home/cjh/droncon_ws/install/vision_pkg/lib/python3.10/site-packages/vision_pkg/vision_base.py to vision_base.cpython-310.pyc
[1.254s] byte-compiling /home/cjh/droncon_ws/install/vision_pkg/lib/python3.10/site-packages/vision_pkg/vision_d435.py to vision_d435.cpython-310.pyc
[1.256s] running install_data
[1.256s] running install_egg_info
[1.258s] removing '/home/cjh/droncon_ws/install/vision_pkg/lib/python3.10/site-packages/vision_pkg-0.0.0-py3.10.egg-info' (and everything under it)
[1.259s] Copying ../../build/vision_pkg/vision_pkg.egg-info to /home/cjh/droncon_ws/install/vision_pkg/lib/python3.10/site-packages/vision_pkg-0.0.0-py3.10.egg-info
[1.262s] running install_scripts
[1.284s] Installing vision_camera script to /home/cjh/droncon_ws/install/vision_pkg/lib/vision_pkg
[1.285s] Installing vision_d435 script to /home/cjh/droncon_ws/install/vision_pkg/lib/vision_pkg
[1.285s] writing list of installed files to '/home/cjh/droncon_ws/build/vision_pkg/install.log'
[1.308s] Invoked command in '/home/cjh/droncon_ws/src/vision_pkg' returned '0': PYTHONPATH=/home/cjh/droncon_ws/build/vision_pkg/prefix_override:/usr/lib/python3/dist-packages/colcon_core/task/python/colcon_distutils_commands:/home/cjh/droncon_ws/install/vision_pkg/lib/python3.10/site-packages:${PYTHONPATH} /usr/bin/python3 -W ignore:setup.py install is deprecated -W ignore:easy_install command is deprecated setup.py egg_info --egg-base ../../build/vision_pkg build --build-base /home/cjh/droncon_ws/build/vision_pkg/build install --record /home/cjh/droncon_ws/build/vision_pkg/install.log --single-version-externally-managed install_data
