[0.051s] Invoking command in '/home/cjh/droncon_ws/build/vision_interfaces': CMAKE_PREFIX_PATH=${CMAKE_PREFIX_PATH}:/home/cjh/droncon_ws/install/vision_pkg:/home/cjh/realsense_ws/install/realsense2_ros_mqtt_bridge:/home/cjh/nav2_ros2/install/robot_application://home/cjh/nav2_ros2/install/robot_application:/opt/ros/humble /usr/bin/cmake --build /home/cjh/droncon_ws/build/vision_interfaces -- -j16 -l16
[0.172s] [  2%] Built target vision_interfaces__cpp
[0.174s] [  4%] Built target vision_interfaces__rs
[0.176s] [ 14%] Built target vision_interfaces__rosidl_generator_c
[0.204s] [ 14%] Built target ament_cmake_python_copy_vision_interfaces
[0.238s] [ 25%] Built target vision_interfaces__rosidl_typesupport_introspection_cpp
[0.239s] [ 35%] Built target vision_interfaces__rosidl_typesupport_cpp
[0.242s] [ 45%] Built target vision_interfaces__rosidl_typesupport_fastrtps_cpp
[0.245s] [ 56%] Built target vision_interfaces__rosidl_typesupport_c
[0.247s] [ 66%] Built target vision_interfaces__rosidl_typesupport_introspection_c
[0.253s] [ 77%] Built target vision_interfaces__rosidl_typesupport_fastrtps_c
[0.315s] [ 77%] Built target vision_interfaces
[0.380s] [ 79%] Built target vision_interfaces__py
[0.451s] [ 87%] Built target vision_interfaces__rosidl_generator_py
[0.516s] [ 95%] Built target vision_interfaces__rosidl_typesupport_introspection_c__pyext
[0.516s] [ 95%] Built target vision_interfaces__rosidl_typesupport_fastrtps_c__pyext
[0.517s] [100%] Built target vision_interfaces__rosidl_typesupport_c__pyext
[0.721s] running egg_info
[0.722s] writing vision_interfaces.egg-info/PKG-INFO
[0.723s] writing dependency_links to vision_interfaces.egg-info/dependency_links.txt
[0.723s] writing top-level names to vision_interfaces.egg-info/top_level.txt
[0.730s] reading manifest file 'vision_interfaces.egg-info/SOURCES.txt'
[0.731s] writing manifest file 'vision_interfaces.egg-info/SOURCES.txt'
[0.792s] [100%] Built target ament_cmake_python_build_vision_interfaces_egg
[0.820s] Invoked command in '/home/cjh/droncon_ws/build/vision_interfaces' returned '0': CMAKE_PREFIX_PATH=${CMAKE_PREFIX_PATH}:/home/cjh/droncon_ws/install/vision_pkg:/home/cjh/realsense_ws/install/realsense2_ros_mqtt_bridge:/home/cjh/nav2_ros2/install/robot_application://home/cjh/nav2_ros2/install/robot_application:/opt/ros/humble /usr/bin/cmake --build /home/cjh/droncon_ws/build/vision_interfaces -- -j16 -l16
[0.826s] Invoking command in '/home/cjh/droncon_ws/build/vision_interfaces': CMAKE_PREFIX_PATH=${CMAKE_PREFIX_PATH}:/home/cjh/droncon_ws/install/vision_pkg:/home/cjh/realsense_ws/install/realsense2_ros_mqtt_bridge:/home/cjh/nav2_ros2/install/robot_application://home/cjh/nav2_ros2/install/robot_application:/opt/ros/humble /usr/bin/cmake --install /home/cjh/droncon_ws/build/vision_interfaces
[0.846s] -- Install configuration: ""
[0.847s] -- Up-to-date: /home/cjh/droncon_ws/install/vision_interfaces/share/ament_index/resource_index/rosidl_interfaces/vision_interfaces
[0.847s] -- Up-to-date: /home/cjh/droncon_ws/install/vision_interfaces/include/vision_interfaces/vision_interfaces
[0.847s] -- Up-to-date: /home/cjh/droncon_ws/install/vision_interfaces/include/vision_interfaces/vision_interfaces/msg
[0.848s] -- Up-to-date: /home/cjh/droncon_ws/install/vision_interfaces/include/vision_interfaces/vision_interfaces/msg/target_array.h
[0.848s] -- Up-to-date: /home/cjh/droncon_ws/install/vision_interfaces/include/vision_interfaces/vision_interfaces/msg/vision.h
[0.848s] -- Up-to-date: /home/cjh/droncon_ws/install/vision_interfaces/include/vision_interfaces/vision_interfaces/msg/rosidl_generator_c__visibility_control.h
[0.849s] -- Up-to-date: /home/cjh/droncon_ws/install/vision_interfaces/include/vision_interfaces/vision_interfaces/msg/target.h
[0.849s] -- Up-to-date: /home/cjh/droncon_ws/install/vision_interfaces/include/vision_interfaces/vision_interfaces/msg/detail
[0.849s] -- Up-to-date: /home/cjh/droncon_ws/install/vision_interfaces/include/vision_interfaces/vision_interfaces/msg/detail/target_array__functions.c
[0.849s] -- Up-to-date: /home/cjh/droncon_ws/install/vision_interfaces/include/vision_interfaces/vision_interfaces/msg/detail/target_array__functions.h
[0.850s] -- Up-to-date: /home/cjh/droncon_ws/install/vision_interfaces/include/vision_interfaces/vision_interfaces/msg/detail/target_array__struct.h
[0.850s] -- Up-to-date: /home/cjh/droncon_ws/install/vision_interfaces/include/vision_interfaces/vision_interfaces/msg/detail/target__functions.c
[0.850s] -- Up-to-date: /home/cjh/droncon_ws/install/vision_interfaces/include/vision_interfaces/vision_interfaces/msg/detail/target__type_support.h
[0.850s] -- Up-to-date: /home/cjh/droncon_ws/install/vision_interfaces/include/vision_interfaces/vision_interfaces/msg/detail/vision__functions.c
[0.851s] -- Up-to-date: /home/cjh/droncon_ws/install/vision_interfaces/include/vision_interfaces/vision_interfaces/msg/detail/target__struct.h
[0.851s] -- Up-to-date: /home/cjh/droncon_ws/install/vision_interfaces/include/vision_interfaces/vision_interfaces/msg/detail/target__functions.h
[0.851s] -- Up-to-date: /home/cjh/droncon_ws/install/vision_interfaces/include/vision_interfaces/vision_interfaces/msg/detail/target_array__type_support.h
[0.851s] -- Up-to-date: /home/cjh/droncon_ws/install/vision_interfaces/include/vision_interfaces/vision_interfaces/msg/detail/vision__struct.h
[0.852s] -- Up-to-date: /home/cjh/droncon_ws/install/vision_interfaces/include/vision_interfaces/vision_interfaces/msg/detail/vision__functions.h
[0.852s] -- Up-to-date: /home/cjh/droncon_ws/install/vision_interfaces/include/vision_interfaces/vision_interfaces/msg/detail/vision__type_support.h
[0.853s] -- Up-to-date: /home/cjh/droncon_ws/install/vision_interfaces/share/vision_interfaces/environment/library_path.sh
[0.853s] -- Up-to-date: /home/cjh/droncon_ws/install/vision_interfaces/share/vision_interfaces/environment/library_path.dsv
[0.853s] -- Up-to-date: /home/cjh/droncon_ws/install/vision_interfaces/lib/libvision_interfaces__rosidl_generator_c.so
[0.854s] -- Up-to-date: /home/cjh/droncon_ws/install/vision_interfaces/include/vision_interfaces/vision_interfaces
[0.854s] -- Up-to-date: /home/cjh/droncon_ws/install/vision_interfaces/include/vision_interfaces/vision_interfaces/msg
[0.854s] -- Up-to-date: /home/cjh/droncon_ws/install/vision_interfaces/include/vision_interfaces/vision_interfaces/msg/detail
[0.854s] -- Up-to-date: /home/cjh/droncon_ws/install/vision_interfaces/include/vision_interfaces/vision_interfaces/msg/detail/vision__rosidl_typesupport_fastrtps_c.h
[0.855s] -- Up-to-date: /home/cjh/droncon_ws/install/vision_interfaces/include/vision_interfaces/vision_interfaces/msg/detail/target_array__rosidl_typesupport_fastrtps_c.h
[0.855s] -- Up-to-date: /home/cjh/droncon_ws/install/vision_interfaces/include/vision_interfaces/vision_interfaces/msg/detail/target__rosidl_typesupport_fastrtps_c.h
[0.855s] -- Up-to-date: /home/cjh/droncon_ws/install/vision_interfaces/include/vision_interfaces/vision_interfaces/msg/rosidl_typesupport_fastrtps_c__visibility_control.h
[0.855s] -- Up-to-date: /home/cjh/droncon_ws/install/vision_interfaces/lib/libvision_interfaces__rosidl_typesupport_fastrtps_c.so
[0.856s] -- Up-to-date: /home/cjh/droncon_ws/install/vision_interfaces/include/vision_interfaces/vision_interfaces
[0.856s] -- Up-to-date: /home/cjh/droncon_ws/install/vision_interfaces/include/vision_interfaces/vision_interfaces/msg
[0.856s] -- Up-to-date: /home/cjh/droncon_ws/install/vision_interfaces/include/vision_interfaces/vision_interfaces/msg/detail
[0.856s] -- Up-to-date: /home/cjh/droncon_ws/install/vision_interfaces/include/vision_interfaces/vision_interfaces/msg/detail/target__type_support.c
[0.856s] -- Up-to-date: /home/cjh/droncon_ws/install/vision_interfaces/include/vision_interfaces/vision_interfaces/msg/detail/vision__rosidl_typesupport_introspection_c.h
[0.857s] -- Up-to-date: /home/cjh/droncon_ws/install/vision_interfaces/include/vision_interfaces/vision_interfaces/msg/detail/vision__type_support.c
[0.857s] -- Up-to-date: /home/cjh/droncon_ws/install/vision_interfaces/include/vision_interfaces/vision_interfaces/msg/detail/target_array__type_support.c
[0.857s] -- Up-to-date: /home/cjh/droncon_ws/install/vision_interfaces/include/vision_interfaces/vision_interfaces/msg/detail/target_array__rosidl_typesupport_introspection_c.h
[0.857s] -- Up-to-date: /home/cjh/droncon_ws/install/vision_interfaces/include/vision_interfaces/vision_interfaces/msg/detail/target__rosidl_typesupport_introspection_c.h
[0.857s] -- Up-to-date: /home/cjh/droncon_ws/install/vision_interfaces/include/vision_interfaces/vision_interfaces/msg/rosidl_typesupport_introspection_c__visibility_control.h
[0.858s] -- Up-to-date: /home/cjh/droncon_ws/install/vision_interfaces/lib/libvision_interfaces__rosidl_typesupport_introspection_c.so
[0.858s] -- Up-to-date: /home/cjh/droncon_ws/install/vision_interfaces/lib/libvision_interfaces__rosidl_typesupport_c.so
[0.858s] -- Up-to-date: /home/cjh/droncon_ws/install/vision_interfaces/include/vision_interfaces/vision_interfaces
[0.858s] -- Up-to-date: /home/cjh/droncon_ws/install/vision_interfaces/include/vision_interfaces/vision_interfaces/msg
[0.858s] -- Up-to-date: /home/cjh/droncon_ws/install/vision_interfaces/include/vision_interfaces/vision_interfaces/msg/rosidl_generator_cpp__visibility_control.hpp
[0.859s] -- Up-to-date: /home/cjh/droncon_ws/install/vision_interfaces/include/vision_interfaces/vision_interfaces/msg/target.hpp
[0.859s] -- Up-to-date: /home/cjh/droncon_ws/install/vision_interfaces/include/vision_interfaces/vision_interfaces/msg/vision.hpp
[0.859s] -- Up-to-date: /home/cjh/droncon_ws/install/vision_interfaces/include/vision_interfaces/vision_interfaces/msg/detail
[0.859s] -- Up-to-date: /home/cjh/droncon_ws/install/vision_interfaces/include/vision_interfaces/vision_interfaces/msg/detail/target_array__type_support.hpp
[0.859s] -- Up-to-date: /home/cjh/droncon_ws/install/vision_interfaces/include/vision_interfaces/vision_interfaces/msg/detail/vision__builder.hpp
[0.860s] -- Up-to-date: /home/cjh/droncon_ws/install/vision_interfaces/include/vision_interfaces/vision_interfaces/msg/detail/target_array__struct.hpp
[0.860s] -- Up-to-date: /home/cjh/droncon_ws/install/vision_interfaces/include/vision_interfaces/vision_interfaces/msg/detail/vision__traits.hpp
[0.860s] -- Up-to-date: /home/cjh/droncon_ws/install/vision_interfaces/include/vision_interfaces/vision_interfaces/msg/detail/target__traits.hpp
[0.860s] -- Up-to-date: /home/cjh/droncon_ws/install/vision_interfaces/include/vision_interfaces/vision_interfaces/msg/detail/target_array__traits.hpp
[0.860s] -- Up-to-date: /home/cjh/droncon_ws/install/vision_interfaces/include/vision_interfaces/vision_interfaces/msg/detail/vision__struct.hpp
[0.860s] -- Up-to-date: /home/cjh/droncon_ws/install/vision_interfaces/include/vision_interfaces/vision_interfaces/msg/detail/vision__type_support.hpp
[0.860s] -- Up-to-date: /home/cjh/droncon_ws/install/vision_interfaces/include/vision_interfaces/vision_interfaces/msg/detail/target__type_support.hpp
[0.861s] -- Up-to-date: /home/cjh/droncon_ws/install/vision_interfaces/include/vision_interfaces/vision_interfaces/msg/detail/target__builder.hpp
[0.861s] -- Up-to-date: /home/cjh/droncon_ws/install/vision_interfaces/include/vision_interfaces/vision_interfaces/msg/detail/target_array__builder.hpp
[0.861s] -- Up-to-date: /home/cjh/droncon_ws/install/vision_interfaces/include/vision_interfaces/vision_interfaces/msg/detail/target__struct.hpp
[0.861s] -- Up-to-date: /home/cjh/droncon_ws/install/vision_interfaces/include/vision_interfaces/vision_interfaces/msg/target_array.hpp
[0.861s] -- Up-to-date: /home/cjh/droncon_ws/install/vision_interfaces/include/vision_interfaces/vision_interfaces
[0.861s] -- Up-to-date: /home/cjh/droncon_ws/install/vision_interfaces/include/vision_interfaces/vision_interfaces/msg
[0.862s] -- Up-to-date: /home/cjh/droncon_ws/install/vision_interfaces/include/vision_interfaces/vision_interfaces/msg/rosidl_typesupport_fastrtps_cpp__visibility_control.h
[0.862s] -- Up-to-date: /home/cjh/droncon_ws/install/vision_interfaces/include/vision_interfaces/vision_interfaces/msg/detail
[0.862s] -- Up-to-date: /home/cjh/droncon_ws/install/vision_interfaces/include/vision_interfaces/vision_interfaces/msg/detail/dds_fastrtps
[0.862s] -- Up-to-date: /home/cjh/droncon_ws/install/vision_interfaces/include/vision_interfaces/vision_interfaces/msg/detail/target__rosidl_typesupport_fastrtps_cpp.hpp
[0.862s] -- Up-to-date: /home/cjh/droncon_ws/install/vision_interfaces/include/vision_interfaces/vision_interfaces/msg/detail/target_array__rosidl_typesupport_fastrtps_cpp.hpp
[0.862s] -- Up-to-date: /home/cjh/droncon_ws/install/vision_interfaces/include/vision_interfaces/vision_interfaces/msg/detail/vision__rosidl_typesupport_fastrtps_cpp.hpp
[0.863s] -- Up-to-date: /home/cjh/droncon_ws/install/vision_interfaces/lib/libvision_interfaces__rosidl_typesupport_fastrtps_cpp.so
[0.863s] -- Up-to-date: /home/cjh/droncon_ws/install/vision_interfaces/include/vision_interfaces/vision_interfaces
[0.863s] -- Up-to-date: /home/cjh/droncon_ws/install/vision_interfaces/include/vision_interfaces/vision_interfaces/msg
[0.863s] -- Up-to-date: /home/cjh/droncon_ws/install/vision_interfaces/include/vision_interfaces/vision_interfaces/msg/detail
[0.863s] -- Up-to-date: /home/cjh/droncon_ws/install/vision_interfaces/include/vision_interfaces/vision_interfaces/msg/detail/vision__rosidl_typesupport_introspection_cpp.hpp
[0.863s] -- Up-to-date: /home/cjh/droncon_ws/install/vision_interfaces/include/vision_interfaces/vision_interfaces/msg/detail/target__type_support.cpp
[0.864s] -- Up-to-date: /home/cjh/droncon_ws/install/vision_interfaces/include/vision_interfaces/vision_interfaces/msg/detail/target_array__rosidl_typesupport_introspection_cpp.hpp
[0.864s] -- Up-to-date: /home/cjh/droncon_ws/install/vision_interfaces/include/vision_interfaces/vision_interfaces/msg/detail/vision__type_support.cpp
[0.864s] -- Up-to-date: /home/cjh/droncon_ws/install/vision_interfaces/include/vision_interfaces/vision_interfaces/msg/detail/target__rosidl_typesupport_introspection_cpp.hpp
[0.864s] -- Up-to-date: /home/cjh/droncon_ws/install/vision_interfaces/include/vision_interfaces/vision_interfaces/msg/detail/target_array__type_support.cpp
[0.865s] -- Up-to-date: /home/cjh/droncon_ws/install/vision_interfaces/lib/libvision_interfaces__rosidl_typesupport_introspection_cpp.so
[0.865s] -- Up-to-date: /home/cjh/droncon_ws/install/vision_interfaces/lib/libvision_interfaces__rosidl_typesupport_cpp.so
[0.865s] -- Up-to-date: /home/cjh/droncon_ws/install/vision_interfaces/share/vision_interfaces/environment/pythonpath.sh
[0.865s] -- Up-to-date: /home/cjh/droncon_ws/install/vision_interfaces/share/vision_interfaces/environment/pythonpath.dsv
[0.865s] -- Up-to-date: /home/cjh/droncon_ws/install/vision_interfaces/local/lib/python3.10/dist-packages/vision_interfaces-0.0.0-py3.10.egg-info
[0.865s] -- Installing: /home/cjh/droncon_ws/install/vision_interfaces/local/lib/python3.10/dist-packages/vision_interfaces-0.0.0-py3.10.egg-info/SOURCES.txt
[0.865s] -- Installing: /home/cjh/droncon_ws/install/vision_interfaces/local/lib/python3.10/dist-packages/vision_interfaces-0.0.0-py3.10.egg-info/dependency_links.txt
[0.865s] -- Installing: /home/cjh/droncon_ws/install/vision_interfaces/local/lib/python3.10/dist-packages/vision_interfaces-0.0.0-py3.10.egg-info/PKG-INFO
[0.865s] -- Installing: /home/cjh/droncon_ws/install/vision_interfaces/local/lib/python3.10/dist-packages/vision_interfaces-0.0.0-py3.10.egg-info/top_level.txt
[0.865s] -- Up-to-date: /home/cjh/droncon_ws/install/vision_interfaces/local/lib/python3.10/dist-packages/vision_interfaces
[0.865s] -- Up-to-date: /home/cjh/droncon_ws/install/vision_interfaces/local/lib/python3.10/dist-packages/vision_interfaces/vision_interfaces_s__rosidl_typesupport_fastrtps_c.cpython-310-x86_64-linux-gnu.so
[0.865s] -- Up-to-date: /home/cjh/droncon_ws/install/vision_interfaces/local/lib/python3.10/dist-packages/vision_interfaces/msg
[0.865s] -- Up-to-date: /home/cjh/droncon_ws/install/vision_interfaces/local/lib/python3.10/dist-packages/vision_interfaces/msg/_target.py
[0.865s] -- Up-to-date: /home/cjh/droncon_ws/install/vision_interfaces/local/lib/python3.10/dist-packages/vision_interfaces/msg/_target_array_s.c
[0.865s] -- Up-to-date: /home/cjh/droncon_ws/install/vision_interfaces/local/lib/python3.10/dist-packages/vision_interfaces/msg/_vision_s.c
[0.865s] -- Up-to-date: /home/cjh/droncon_ws/install/vision_interfaces/local/lib/python3.10/dist-packages/vision_interfaces/msg/_vision.py
[0.865s] -- Up-to-date: /home/cjh/droncon_ws/install/vision_interfaces/local/lib/python3.10/dist-packages/vision_interfaces/msg/_target_array.py
[0.865s] -- Up-to-date: /home/cjh/droncon_ws/install/vision_interfaces/local/lib/python3.10/dist-packages/vision_interfaces/msg/_target_s.c
[0.866s] -- Up-to-date: /home/cjh/droncon_ws/install/vision_interfaces/local/lib/python3.10/dist-packages/vision_interfaces/msg/__init__.py
[0.866s] -- Up-to-date: /home/cjh/droncon_ws/install/vision_interfaces/local/lib/python3.10/dist-packages/vision_interfaces/vision_interfaces_s__rosidl_typesupport_c.cpython-310-x86_64-linux-gnu.so
[0.866s] -- Up-to-date: /home/cjh/droncon_ws/install/vision_interfaces/local/lib/python3.10/dist-packages/vision_interfaces/_vision_interfaces_s.ep.rosidl_typesupport_c.c
[0.866s] -- Up-to-date: /home/cjh/droncon_ws/install/vision_interfaces/local/lib/python3.10/dist-packages/vision_interfaces/_vision_interfaces_s.ep.rosidl_typesupport_fastrtps_c.c
[0.866s] -- Up-to-date: /home/cjh/droncon_ws/install/vision_interfaces/local/lib/python3.10/dist-packages/vision_interfaces/vision_interfaces_s__rosidl_typesupport_introspection_c.cpython-310-x86_64-linux-gnu.so
[0.866s] -- Up-to-date: /home/cjh/droncon_ws/install/vision_interfaces/local/lib/python3.10/dist-packages/vision_interfaces/__init__.py
[0.866s] -- Up-to-date: /home/cjh/droncon_ws/install/vision_interfaces/local/lib/python3.10/dist-packages/vision_interfaces/libvision_interfaces__rosidl_generator_py.so
[0.866s] -- Up-to-date: /home/cjh/droncon_ws/install/vision_interfaces/local/lib/python3.10/dist-packages/vision_interfaces/_vision_interfaces_s.ep.rosidl_typesupport_introspection_c.c
[0.930s] Listing '/home/cjh/droncon_ws/install/vision_interfaces/local/lib/python3.10/dist-packages/vision_interfaces'...
[0.930s] Listing '/home/cjh/droncon_ws/install/vision_interfaces/local/lib/python3.10/dist-packages/vision_interfaces/msg'...
[0.937s] -- Up-to-date: /home/cjh/droncon_ws/install/vision_interfaces/local/lib/python3.10/dist-packages/vision_interfaces/vision_interfaces_s__rosidl_typesupport_fastrtps_c.cpython-310-x86_64-linux-gnu.so
[0.938s] -- Up-to-date: /home/cjh/droncon_ws/install/vision_interfaces/local/lib/python3.10/dist-packages/vision_interfaces/vision_interfaces_s__rosidl_typesupport_introspection_c.cpython-310-x86_64-linux-gnu.so
[0.939s] -- Up-to-date: /home/cjh/droncon_ws/install/vision_interfaces/local/lib/python3.10/dist-packages/vision_interfaces/vision_interfaces_s__rosidl_typesupport_c.cpython-310-x86_64-linux-gnu.so
[0.940s] -- Up-to-date: /home/cjh/droncon_ws/install/vision_interfaces/lib/libvision_interfaces__rosidl_generator_py.so
[0.941s] -- Up-to-date: /home/cjh/droncon_ws/install/vision_interfaces/share/ament_index/resource_index/rust_packages/vision_interfaces
[0.942s] -- Up-to-date: /home/cjh/droncon_ws/install/vision_interfaces/share/vision_interfaces/rust
[0.942s] -- Up-to-date: /home/cjh/droncon_ws/install/vision_interfaces/share/vision_interfaces/rust/build.rs
[0.942s] -- Up-to-date: /home/cjh/droncon_ws/install/vision_interfaces/share/vision_interfaces/rust/src
[0.943s] -- Up-to-date: /home/cjh/droncon_ws/install/vision_interfaces/share/vision_interfaces/rust/src/msg
[0.943s] -- Up-to-date: /home/cjh/droncon_ws/install/vision_interfaces/share/vision_interfaces/rust/src/msg/rmw.rs
[0.943s] -- Up-to-date: /home/cjh/droncon_ws/install/vision_interfaces/share/vision_interfaces/rust/src/lib.rs
[0.943s] -- Up-to-date: /home/cjh/droncon_ws/install/vision_interfaces/share/vision_interfaces/rust/src/msg.rs
[0.943s] -- Up-to-date: /home/cjh/droncon_ws/install/vision_interfaces/share/vision_interfaces/rust/Cargo.toml
[0.943s] -- Up-to-date: /home/cjh/droncon_ws/install/vision_interfaces/share/vision_interfaces/msg/Target.idl
[0.943s] -- Up-to-date: /home/cjh/droncon_ws/install/vision_interfaces/share/vision_interfaces/msg/TargetArray.idl
[0.944s] -- Up-to-date: /home/cjh/droncon_ws/install/vision_interfaces/share/vision_interfaces/msg/Vision.idl
[0.944s] -- Up-to-date: /home/cjh/droncon_ws/install/vision_interfaces/share/vision_interfaces/msg/Target.msg
[0.944s] -- Up-to-date: /home/cjh/droncon_ws/install/vision_interfaces/share/vision_interfaces/msg/TargetArray.msg
[0.944s] -- Up-to-date: /home/cjh/droncon_ws/install/vision_interfaces/share/vision_interfaces/msg/Vision.msg
[0.944s] -- Up-to-date: /home/cjh/droncon_ws/install/vision_interfaces/share/ament_index/resource_index/package_run_dependencies/vision_interfaces
[0.944s] -- Up-to-date: /home/cjh/droncon_ws/install/vision_interfaces/share/ament_index/resource_index/parent_prefix_path/vision_interfaces
[0.944s] -- Up-to-date: /home/cjh/droncon_ws/install/vision_interfaces/share/vision_interfaces/environment/ament_prefix_path.sh
[0.944s] -- Up-to-date: /home/cjh/droncon_ws/install/vision_interfaces/share/vision_interfaces/environment/ament_prefix_path.dsv
[0.945s] -- Up-to-date: /home/cjh/droncon_ws/install/vision_interfaces/share/vision_interfaces/environment/path.sh
[0.945s] -- Up-to-date: /home/cjh/droncon_ws/install/vision_interfaces/share/vision_interfaces/environment/path.dsv
[0.945s] -- Up-to-date: /home/cjh/droncon_ws/install/vision_interfaces/share/vision_interfaces/local_setup.bash
[0.945s] -- Up-to-date: /home/cjh/droncon_ws/install/vision_interfaces/share/vision_interfaces/local_setup.sh
[0.945s] -- Up-to-date: /home/cjh/droncon_ws/install/vision_interfaces/share/vision_interfaces/local_setup.zsh
[0.946s] -- Up-to-date: /home/cjh/droncon_ws/install/vision_interfaces/share/vision_interfaces/local_setup.dsv
[0.946s] -- Installing: /home/cjh/droncon_ws/install/vision_interfaces/share/vision_interfaces/package.dsv
[0.946s] -- Up-to-date: /home/cjh/droncon_ws/install/vision_interfaces/share/ament_index/resource_index/packages/vision_interfaces
[0.946s] -- Up-to-date: /home/cjh/droncon_ws/install/vision_interfaces/share/vision_interfaces/cmake/export_vision_interfaces__rosidl_generator_cExport.cmake
[0.946s] -- Up-to-date: /home/cjh/droncon_ws/install/vision_interfaces/share/vision_interfaces/cmake/export_vision_interfaces__rosidl_generator_cExport-noconfig.cmake
[0.947s] -- Up-to-date: /home/cjh/droncon_ws/install/vision_interfaces/share/vision_interfaces/cmake/export_vision_interfaces__rosidl_typesupport_fastrtps_cExport.cmake
[0.947s] -- Up-to-date: /home/cjh/droncon_ws/install/vision_interfaces/share/vision_interfaces/cmake/export_vision_interfaces__rosidl_typesupport_fastrtps_cExport-noconfig.cmake
[0.947s] -- Up-to-date: /home/cjh/droncon_ws/install/vision_interfaces/share/vision_interfaces/cmake/vision_interfaces__rosidl_typesupport_introspection_cExport.cmake
[0.948s] -- Up-to-date: /home/cjh/droncon_ws/install/vision_interfaces/share/vision_interfaces/cmake/vision_interfaces__rosidl_typesupport_introspection_cExport-noconfig.cmake
[0.948s] -- Up-to-date: /home/cjh/droncon_ws/install/vision_interfaces/share/vision_interfaces/cmake/vision_interfaces__rosidl_typesupport_cExport.cmake
[0.948s] -- Up-to-date: /home/cjh/droncon_ws/install/vision_interfaces/share/vision_interfaces/cmake/vision_interfaces__rosidl_typesupport_cExport-noconfig.cmake
[0.948s] -- Up-to-date: /home/cjh/droncon_ws/install/vision_interfaces/share/vision_interfaces/cmake/export_vision_interfaces__rosidl_generator_cppExport.cmake
[0.949s] -- Up-to-date: /home/cjh/droncon_ws/install/vision_interfaces/share/vision_interfaces/cmake/export_vision_interfaces__rosidl_typesupport_fastrtps_cppExport.cmake
[0.949s] -- Up-to-date: /home/cjh/droncon_ws/install/vision_interfaces/share/vision_interfaces/cmake/export_vision_interfaces__rosidl_typesupport_fastrtps_cppExport-noconfig.cmake
[0.949s] -- Up-to-date: /home/cjh/droncon_ws/install/vision_interfaces/share/vision_interfaces/cmake/vision_interfaces__rosidl_typesupport_introspection_cppExport.cmake
[0.950s] -- Up-to-date: /home/cjh/droncon_ws/install/vision_interfaces/share/vision_interfaces/cmake/vision_interfaces__rosidl_typesupport_introspection_cppExport-noconfig.cmake
[0.950s] -- Up-to-date: /home/cjh/droncon_ws/install/vision_interfaces/share/vision_interfaces/cmake/vision_interfaces__rosidl_typesupport_cppExport.cmake
[0.950s] -- Up-to-date: /home/cjh/droncon_ws/install/vision_interfaces/share/vision_interfaces/cmake/vision_interfaces__rosidl_typesupport_cppExport-noconfig.cmake
[0.950s] -- Up-to-date: /home/cjh/droncon_ws/install/vision_interfaces/share/vision_interfaces/cmake/export_vision_interfaces__rosidl_generator_pyExport.cmake
[0.951s] -- Up-to-date: /home/cjh/droncon_ws/install/vision_interfaces/share/vision_interfaces/cmake/export_vision_interfaces__rosidl_generator_pyExport-noconfig.cmake
[0.951s] -- Up-to-date: /home/cjh/droncon_ws/install/vision_interfaces/share/vision_interfaces/cmake/rosidl_cmake-extras.cmake
[0.951s] -- Up-to-date: /home/cjh/droncon_ws/install/vision_interfaces/share/vision_interfaces/cmake/ament_cmake_export_include_directories-extras.cmake
[0.951s] -- Up-to-date: /home/cjh/droncon_ws/install/vision_interfaces/share/vision_interfaces/cmake/ament_cmake_export_libraries-extras.cmake
[0.951s] -- Up-to-date: /home/cjh/droncon_ws/install/vision_interfaces/share/vision_interfaces/cmake/ament_cmake_export_targets-extras.cmake
[0.952s] -- Up-to-date: /home/cjh/droncon_ws/install/vision_interfaces/share/vision_interfaces/cmake/rosidl_cmake_export_typesupport_targets-extras.cmake
[0.952s] -- Up-to-date: /home/cjh/droncon_ws/install/vision_interfaces/share/vision_interfaces/cmake/ament_cmake_export_dependencies-extras.cmake
[0.952s] -- Up-to-date: /home/cjh/droncon_ws/install/vision_interfaces/share/vision_interfaces/cmake/rosidl_cmake_export_typesupport_libraries-extras.cmake
[0.952s] -- Up-to-date: /home/cjh/droncon_ws/install/vision_interfaces/share/vision_interfaces/cmake/vision_interfacesConfig.cmake
[0.952s] -- Up-to-date: /home/cjh/droncon_ws/install/vision_interfaces/share/vision_interfaces/cmake/vision_interfacesConfig-version.cmake
[0.952s] -- Up-to-date: /home/cjh/droncon_ws/install/vision_interfaces/share/vision_interfaces/package.xml
[0.956s] Invoked command in '/home/cjh/droncon_ws/build/vision_interfaces' returned '0': CMAKE_PREFIX_PATH=${CMAKE_PREFIX_PATH}:/home/cjh/droncon_ws/install/vision_pkg:/home/cjh/realsense_ws/install/realsense2_ros_mqtt_bridge:/home/cjh/nav2_ros2/install/robot_application://home/cjh/nav2_ros2/install/robot_application:/opt/ros/humble /usr/bin/cmake --install /home/cjh/droncon_ws/build/vision_interfaces
