[1.264s] Invoking command in '/home/cjh/droncon_ws/src/vision_pkg': PYTHONPATH=/home/cjh/droncon_ws/build/vision_pkg/prefix_override:/usr/lib/python3/dist-packages/colcon_core/task/python/colcon_distutils_commands:/home/cjh/droncon_ws/install/vision_pkg/lib/python3.10/site-packages:${PYTHONPATH} /usr/bin/python3 -W ignore:setup.py install is deprecated -W ignore:easy_install command is deprecated setup.py egg_info --egg-base ../../build/vision_pkg build --build-base /home/cjh/droncon_ws/build/vision_pkg/build install --record /home/cjh/droncon_ws/build/vision_pkg/install.log --single-version-externally-managed install_data
[1.757s] running egg_info
[1.758s] writing ../../build/vision_pkg/vision_pkg.egg-info/PKG-INFO
[1.759s] writing dependency_links to ../../build/vision_pkg/vision_pkg.egg-info/dependency_links.txt
[1.760s] writing entry points to ../../build/vision_pkg/vision_pkg.egg-info/entry_points.txt
[1.761s] writing requirements to ../../build/vision_pkg/vision_pkg.egg-info/requires.txt
[1.761s] writing top-level names to ../../build/vision_pkg/vision_pkg.egg-info/top_level.txt
[1.765s] reading manifest file '../../build/vision_pkg/vision_pkg.egg-info/SOURCES.txt'
[1.766s] writing manifest file '../../build/vision_pkg/vision_pkg.egg-info/SOURCES.txt'
[1.766s] running build
[1.767s] running build_py
[1.768s] running install
[1.768s] running install_lib
[1.770s] running install_data
[1.770s] running install_egg_info
[1.773s] removing '/home/cjh/droncon_ws/install/vision_pkg/lib/python3.10/site-packages/vision_pkg-0.0.0-py3.10.egg-info' (and everything under it)
[1.773s] Copying ../../build/vision_pkg/vision_pkg.egg-info to /home/cjh/droncon_ws/install/vision_pkg/lib/python3.10/site-packages/vision_pkg-0.0.0-py3.10.egg-info
[1.776s] running install_scripts
[1.811s] Installing vision_camera script to /home/cjh/droncon_ws/install/vision_pkg/lib/vision_pkg
[1.812s] Installing vision_d435 script to /home/cjh/droncon_ws/install/vision_pkg/lib/vision_pkg
[1.813s] writing list of installed files to '/home/cjh/droncon_ws/build/vision_pkg/install.log'
[1.847s] Invoked command in '/home/cjh/droncon_ws/src/vision_pkg' returned '0': PYTHONPATH=/home/cjh/droncon_ws/build/vision_pkg/prefix_override:/usr/lib/python3/dist-packages/colcon_core/task/python/colcon_distutils_commands:/home/cjh/droncon_ws/install/vision_pkg/lib/python3.10/site-packages:${PYTHONPATH} /usr/bin/python3 -W ignore:setup.py install is deprecated -W ignore:easy_install command is deprecated setup.py egg_info --egg-base ../../build/vision_pkg build --build-base /home/cjh/droncon_ws/build/vision_pkg/build install --record /home/cjh/droncon_ws/build/vision_pkg/install.log --single-version-externally-managed install_data
