[1.240s] Invoking command in '/home/cjh/droncon_ws/src/vision_pkg': PYTHONPATH=/home/cjh/droncon_ws/build/vision_pkg/prefix_override:/usr/lib/python3/dist-packages/colcon_core/task/python/colcon_distutils_commands:/home/cjh/droncon_ws/install/vision_pkg/lib/python3.10/site-packages:${PYTHONPATH} /usr/bin/python3 -W ignore:setup.py install is deprecated -W ignore:easy_install command is deprecated setup.py egg_info --egg-base ../../build/vision_pkg build --build-base /home/cjh/droncon_ws/build/vision_pkg/build install --record /home/cjh/droncon_ws/build/vision_pkg/install.log --single-version-externally-managed install_data
[1.655s] running egg_info
[1.656s] writing ../../build/vision_pkg/vision_pkg.egg-info/PKG-INFO
[1.657s] writing dependency_links to ../../build/vision_pkg/vision_pkg.egg-info/dependency_links.txt
[1.658s] writing entry points to ../../build/vision_pkg/vision_pkg.egg-info/entry_points.txt
[1.659s] writing requirements to ../../build/vision_pkg/vision_pkg.egg-info/requires.txt
[1.659s] writing top-level names to ../../build/vision_pkg/vision_pkg.egg-info/top_level.txt
[1.662s] reading manifest file '../../build/vision_pkg/vision_pkg.egg-info/SOURCES.txt'
[1.663s] writing manifest file '../../build/vision_pkg/vision_pkg.egg-info/SOURCES.txt'
[1.663s] running build
[1.663s] running build_py
[1.663s] copying vision_pkg/vision_base.py -> /home/cjh/droncon_ws/build/vision_pkg/build/lib/vision_pkg
[1.663s] copying vision_pkg/vision_d435.py -> /home/cjh/droncon_ws/build/vision_pkg/build/lib/vision_pkg
[1.664s] running install
[1.665s] running install_lib
[1.666s] copying /home/cjh/droncon_ws/build/vision_pkg/build/lib/vision_pkg/vision_base.py -> /home/cjh/droncon_ws/install/vision_pkg/lib/python3.10/site-packages/vision_pkg
[1.667s] copying /home/cjh/droncon_ws/build/vision_pkg/build/lib/vision_pkg/vision_d435.py -> /home/cjh/droncon_ws/install/vision_pkg/lib/python3.10/site-packages/vision_pkg
[1.668s] byte-compiling /home/cjh/droncon_ws/install/vision_pkg/lib/python3.10/site-packages/vision_pkg/vision_base.py to vision_base.cpython-310.pyc
[1.672s] byte-compiling /home/cjh/droncon_ws/install/vision_pkg/lib/python3.10/site-packages/vision_pkg/vision_d435.py to vision_d435.cpython-310.pyc
[1.675s] running install_data
[1.675s] running install_egg_info
[1.678s] removing '/home/cjh/droncon_ws/install/vision_pkg/lib/python3.10/site-packages/vision_pkg-0.0.0-py3.10.egg-info' (and everything under it)
[1.679s] Copying ../../build/vision_pkg/vision_pkg.egg-info to /home/cjh/droncon_ws/install/vision_pkg/lib/python3.10/site-packages/vision_pkg-0.0.0-py3.10.egg-info
[1.683s] running install_scripts
[1.719s] Installing vision_camera script to /home/cjh/droncon_ws/install/vision_pkg/lib/vision_pkg
[1.720s] Installing vision_d435 script to /home/cjh/droncon_ws/install/vision_pkg/lib/vision_pkg
[1.721s] writing list of installed files to '/home/cjh/droncon_ws/build/vision_pkg/install.log'
[1.761s] Invoked command in '/home/cjh/droncon_ws/src/vision_pkg' returned '0': PYTHONPATH=/home/cjh/droncon_ws/build/vision_pkg/prefix_override:/usr/lib/python3/dist-packages/colcon_core/task/python/colcon_distutils_commands:/home/cjh/droncon_ws/install/vision_pkg/lib/python3.10/site-packages:${PYTHONPATH} /usr/bin/python3 -W ignore:setup.py install is deprecated -W ignore:easy_install command is deprecated setup.py egg_info --egg-base ../../build/vision_pkg build --build-base /home/cjh/droncon_ws/build/vision_pkg/build install --record /home/cjh/droncon_ws/build/vision_pkg/install.log --single-version-externally-managed install_data
