[0.721s] Invoking command in '/home/cjh/droncon_ws/src/vision_pkg': PYTHONPATH=/home/cjh/droncon_ws/build/vision_pkg/prefix_override:/usr/lib/python3/dist-packages/colcon_core/task/python/colcon_distutils_commands:/home/cjh/droncon_ws/install/vision_pkg/lib/python3.10/site-packages:${PYTHONPATH} /usr/bin/python3 -W ignore:setup.py install is deprecated -W ignore:easy_install command is deprecated setup.py egg_info --egg-base ../../build/vision_pkg build --build-base /home/cjh/droncon_ws/build/vision_pkg/build install --record /home/cjh/droncon_ws/build/vision_pkg/install.log --single-version-externally-managed install_data
[0.970s] running egg_info
[0.971s] writing ../../build/vision_pkg/vision_pkg.egg-info/PKG-INFO
[0.971s] writing dependency_links to ../../build/vision_pkg/vision_pkg.egg-info/dependency_links.txt
[0.972s] writing entry points to ../../build/vision_pkg/vision_pkg.egg-info/entry_points.txt
[0.972s] writing requirements to ../../build/vision_pkg/vision_pkg.egg-info/requires.txt
[0.972s] writing top-level names to ../../build/vision_pkg/vision_pkg.egg-info/top_level.txt
[0.974s] reading manifest file '../../build/vision_pkg/vision_pkg.egg-info/SOURCES.txt'
[0.975s] writing manifest file '../../build/vision_pkg/vision_pkg.egg-info/SOURCES.txt'
[0.975s] running build
[0.975s] running build_py
[0.975s] copying vision_pkg/vision_d435.py -> /home/cjh/droncon_ws/build/vision_pkg/build/lib/vision_pkg
[0.976s] running install
[0.976s] running install_lib
[0.977s] copying /home/cjh/droncon_ws/build/vision_pkg/build/lib/vision_pkg/vision_d435.py -> /home/cjh/droncon_ws/install/vision_pkg/lib/python3.10/site-packages/vision_pkg
[0.978s] byte-compiling /home/cjh/droncon_ws/install/vision_pkg/lib/python3.10/site-packages/vision_pkg/vision_d435.py to vision_d435.cpython-310.pyc
[0.980s] running install_data
[0.980s] running install_egg_info
[0.982s] removing '/home/cjh/droncon_ws/install/vision_pkg/lib/python3.10/site-packages/vision_pkg-0.0.0-py3.10.egg-info' (and everything under it)
[0.983s] Copying ../../build/vision_pkg/vision_pkg.egg-info to /home/cjh/droncon_ws/install/vision_pkg/lib/python3.10/site-packages/vision_pkg-0.0.0-py3.10.egg-info
[0.985s] running install_scripts
[1.008s] Installing vision_camera script to /home/cjh/droncon_ws/install/vision_pkg/lib/vision_pkg
[1.009s] Installing vision_d435 script to /home/cjh/droncon_ws/install/vision_pkg/lib/vision_pkg
[1.009s] writing list of installed files to '/home/cjh/droncon_ws/build/vision_pkg/install.log'
[1.036s] Invoked command in '/home/cjh/droncon_ws/src/vision_pkg' returned '0': PYTHONPATH=/home/cjh/droncon_ws/build/vision_pkg/prefix_override:/usr/lib/python3/dist-packages/colcon_core/task/python/colcon_distutils_commands:/home/cjh/droncon_ws/install/vision_pkg/lib/python3.10/site-packages:${PYTHONPATH} /usr/bin/python3 -W ignore:setup.py install is deprecated -W ignore:easy_install command is deprecated setup.py egg_info --egg-base ../../build/vision_pkg build --build-base /home/cjh/droncon_ws/build/vision_pkg/build install --record /home/cjh/droncon_ws/build/vision_pkg/install.log --single-version-externally-managed install_data
