[35m[1mConsolidate compiler generated dependencies of target drone_node[0m
[100%] Built target drone_node
-- Install configuration: ""
-- Up-to-date: /home/cjh/droncon_ws/install/core/lib/core/drone_node
-- Up-to-date: /home/cjh/droncon_ws/install/core/share/core/
-- Up-to-date: /home/cjh/droncon_ws/install/core/share/core//gazebo_launch.py
-- Up-to-date: /home/cjh/droncon_ws/install/core/share/core//core_launch.py
-- Up-to-date: /home/cjh/droncon_ws/install/core/share/ament_index/resource_index/package_run_dependencies/core
-- Up-to-date: /home/cjh/droncon_ws/install/core/share/ament_index/resource_index/parent_prefix_path/core
-- Up-to-date: /home/cjh/droncon_ws/install/core/share/core/environment/ament_prefix_path.sh
-- Up-to-date: /home/cjh/droncon_ws/install/core/share/core/environment/ament_prefix_path.dsv
-- Up-to-date: /home/cjh/droncon_ws/install/core/share/core/environment/path.sh
-- Up-to-date: /home/cjh/droncon_ws/install/core/share/core/environment/path.dsv
-- Up-to-date: /home/cjh/droncon_ws/install/core/share/core/local_setup.bash
-- Up-to-date: /home/cjh/droncon_ws/install/core/share/core/local_setup.sh
-- Up-to-date: /home/cjh/droncon_ws/install/core/share/core/local_setup.zsh
-- Up-to-date: /home/cjh/droncon_ws/install/core/share/core/local_setup.dsv
-- Installing: /home/cjh/droncon_ws/install/core/share/core/package.dsv
-- Up-to-date: /home/cjh/droncon_ws/install/core/share/ament_index/resource_index/packages/core
-- Up-to-date: /home/cjh/droncon_ws/install/core/share/core/cmake/coreConfig.cmake
-- Up-to-date: /home/cjh/droncon_ws/install/core/share/core/cmake/coreConfig-version.cmake
-- Up-to-date: /home/cjh/droncon_ws/install/core/share/core/package.xml
