[0.059s] Invoking command in '/home/cjh/droncon_ws/build/core': CMAKE_PREFIX_PATH=${CMAKE_PREFIX_PATH}:/home/cjh/droncon_ws/install/vision_pkg:/home/cjh/realsense_ws/install/realsense2_ros_mqtt_bridge:/home/cjh/nav2_ros2/install/robot_application://home/cjh/nav2_ros2/install/robot_application:/opt/ros/humble /usr/bin/cmake --build /home/cjh/droncon_ws/build/core -- -j16 -l16
[0.182s] [35m[1mConsolidate compiler generated dependencies of target drone_node[0m
[0.305s] [100%] Built target drone_node
[0.607s] Invoked command in '/home/cjh/droncon_ws/build/core' returned '0': CMAKE_PREFIX_PATH=${CMAKE_PREFIX_PATH}:/home/cjh/droncon_ws/install/vision_pkg:/home/cjh/realsense_ws/install/realsense2_ros_mqtt_bridge:/home/cjh/nav2_ros2/install/robot_application://home/cjh/nav2_ros2/install/robot_application:/opt/ros/humble /usr/bin/cmake --build /home/cjh/droncon_ws/build/core -- -j16 -l16
[0.634s] Invoking command in '/home/cjh/droncon_ws/build/core': CMAKE_PREFIX_PATH=${CMAKE_PREFIX_PATH}:/home/cjh/droncon_ws/install/vision_pkg:/home/cjh/realsense_ws/install/realsense2_ros_mqtt_bridge:/home/cjh/nav2_ros2/install/robot_application://home/cjh/nav2_ros2/install/robot_application:/opt/ros/humble /usr/bin/cmake --install /home/cjh/droncon_ws/build/core
[0.656s] -- Install configuration: ""
[0.657s] -- Up-to-date: /home/cjh/droncon_ws/install/core/lib/core/drone_node
[0.657s] -- Up-to-date: /home/cjh/droncon_ws/install/core/share/core/
[0.658s] -- Up-to-date: /home/cjh/droncon_ws/install/core/share/core//gazebo_launch.py
[0.658s] -- Up-to-date: /home/cjh/droncon_ws/install/core/share/core//core_launch.py
[0.658s] -- Up-to-date: /home/cjh/droncon_ws/install/core/share/ament_index/resource_index/package_run_dependencies/core
[0.658s] -- Up-to-date: /home/cjh/droncon_ws/install/core/share/ament_index/resource_index/parent_prefix_path/core
[0.658s] -- Up-to-date: /home/cjh/droncon_ws/install/core/share/core/environment/ament_prefix_path.sh
[0.658s] -- Up-to-date: /home/cjh/droncon_ws/install/core/share/core/environment/ament_prefix_path.dsv
[0.658s] -- Up-to-date: /home/cjh/droncon_ws/install/core/share/core/environment/path.sh
[0.658s] -- Up-to-date: /home/cjh/droncon_ws/install/core/share/core/environment/path.dsv
[0.659s] -- Up-to-date: /home/cjh/droncon_ws/install/core/share/core/local_setup.bash
[0.659s] -- Up-to-date: /home/cjh/droncon_ws/install/core/share/core/local_setup.sh
[0.659s] -- Up-to-date: /home/cjh/droncon_ws/install/core/share/core/local_setup.zsh
[0.659s] -- Up-to-date: /home/cjh/droncon_ws/install/core/share/core/local_setup.dsv
[0.659s] -- Installing: /home/cjh/droncon_ws/install/core/share/core/package.dsv
[0.660s] -- Up-to-date: /home/cjh/droncon_ws/install/core/share/ament_index/resource_index/packages/core
[0.660s] -- Up-to-date: /home/cjh/droncon_ws/install/core/share/core/cmake/coreConfig.cmake
[0.660s] -- Up-to-date: /home/cjh/droncon_ws/install/core/share/core/cmake/coreConfig-version.cmake
[0.661s] -- Up-to-date: /home/cjh/droncon_ws/install/core/share/core/package.xml
[0.665s] Invoked command in '/home/cjh/droncon_ws/build/core' returned '0': CMAKE_PREFIX_PATH=${CMAKE_PREFIX_PATH}:/home/cjh/droncon_ws/install/vision_pkg:/home/cjh/realsense_ws/install/realsense2_ros_mqtt_bridge:/home/cjh/nav2_ros2/install/robot_application://home/cjh/nav2_ros2/install/robot_application:/opt/ros/humble /usr/bin/cmake --install /home/cjh/droncon_ws/build/core
