[0.076s] Invoking command in '/home/cjh/droncon_ws/build/vision_interfaces': CMAKE_PREFIX_PATH=${CMAKE_PREFIX_PATH}:/home/cjh/droncon_ws/install/vision_pkg:/home/cjh/realsense_ws/install/realsense2_ros_mqtt_bridge:/home/cjh/nav2_ros2/install/robot_application://home/cjh/nav2_ros2/install/robot_application:/opt/ros/humble /usr/bin/cmake --build /home/cjh/droncon_ws/build/vision_interfaces -- -j16 -l16
[0.293s] [  2%] Built target vision_interfaces__cpp
[0.293s] [  4%] Built target vision_interfaces__rs
[0.295s] [ 14%] Built target vision_interfaces__rosidl_generator_c
[0.327s] [ 14%] Built target ament_cmake_python_copy_vision_interfaces
[0.367s] [ 25%] Built target vision_interfaces__rosidl_typesupport_introspection_cpp
[0.377s] [ 35%] Built target vision_interfaces__rosidl_typesupport_fastrtps_cpp
[0.386s] [ 45%] Built target vision_interfaces__rosidl_typesupport_cpp
[0.390s] [ 56%] Built target vision_interfaces__rosidl_typesupport_fastrtps_c
[0.401s] [ 66%] Built target vision_interfaces__rosidl_typesupport_c
[0.441s] [ 77%] Built target vision_interfaces__rosidl_typesupport_introspection_c
[0.528s] [ 77%] Built target vision_interfaces
[0.611s] [ 79%] Built target vision_interfaces__py
[0.724s] [ 87%] Built target vision_interfaces__rosidl_generator_py
[0.819s] [ 91%] Built target vision_interfaces__rosidl_typesupport_fastrtps_c__pyext
[0.827s] [ 95%] Built target vision_interfaces__rosidl_typesupport_c__pyext
[0.829s] [100%] Built target vision_interfaces__rosidl_typesupport_introspection_c__pyext
[0.945s] running egg_info
[0.946s] writing vision_interfaces.egg-info/PKG-INFO
[0.948s] writing dependency_links to vision_interfaces.egg-info/dependency_links.txt
[0.948s] writing top-level names to vision_interfaces.egg-info/top_level.txt
[0.959s] reading manifest file 'vision_interfaces.egg-info/SOURCES.txt'
[0.959s] writing manifest file 'vision_interfaces.egg-info/SOURCES.txt'
[1.035s] [100%] Built target ament_cmake_python_build_vision_interfaces_egg
[1.076s] Invoked command in '/home/cjh/droncon_ws/build/vision_interfaces' returned '0': CMAKE_PREFIX_PATH=${CMAKE_PREFIX_PATH}:/home/cjh/droncon_ws/install/vision_pkg:/home/cjh/realsense_ws/install/realsense2_ros_mqtt_bridge:/home/cjh/nav2_ros2/install/robot_application://home/cjh/nav2_ros2/install/robot_application:/opt/ros/humble /usr/bin/cmake --build /home/cjh/droncon_ws/build/vision_interfaces -- -j16 -l16
[1.089s] Invoking command in '/home/cjh/droncon_ws/build/vision_interfaces': CMAKE_PREFIX_PATH=${CMAKE_PREFIX_PATH}:/home/cjh/droncon_ws/install/vision_pkg:/home/cjh/realsense_ws/install/realsense2_ros_mqtt_bridge:/home/cjh/nav2_ros2/install/robot_application://home/cjh/nav2_ros2/install/robot_application:/opt/ros/humble /usr/bin/cmake --install /home/cjh/droncon_ws/build/vision_interfaces
[1.123s] -- Install configuration: ""
[1.124s] -- Up-to-date: /home/cjh/droncon_ws/install/vision_interfaces/share/ament_index/resource_index/rosidl_interfaces/vision_interfaces
[1.124s] -- Up-to-date: /home/cjh/droncon_ws/install/vision_interfaces/include/vision_interfaces/vision_interfaces
[1.124s] -- Up-to-date: /home/cjh/droncon_ws/install/vision_interfaces/include/vision_interfaces/vision_interfaces/msg
[1.125s] -- Up-to-date: /home/cjh/droncon_ws/install/vision_interfaces/include/vision_interfaces/vision_interfaces/msg/target_array.h
[1.125s] -- Up-to-date: /home/cjh/droncon_ws/install/vision_interfaces/include/vision_interfaces/vision_interfaces/msg/vision.h
[1.125s] -- Up-to-date: /home/cjh/droncon_ws/install/vision_interfaces/include/vision_interfaces/vision_interfaces/msg/rosidl_generator_c__visibility_control.h
[1.125s] -- Up-to-date: /home/cjh/droncon_ws/install/vision_interfaces/include/vision_interfaces/vision_interfaces/msg/target.h
[1.125s] -- Up-to-date: /home/cjh/droncon_ws/install/vision_interfaces/include/vision_interfaces/vision_interfaces/msg/detail
[1.126s] -- Up-to-date: /home/cjh/droncon_ws/install/vision_interfaces/include/vision_interfaces/vision_interfaces/msg/detail/target_array__functions.c
[1.126s] -- Up-to-date: /home/cjh/droncon_ws/install/vision_interfaces/include/vision_interfaces/vision_interfaces/msg/detail/target_array__functions.h
[1.126s] -- Up-to-date: /home/cjh/droncon_ws/install/vision_interfaces/include/vision_interfaces/vision_interfaces/msg/detail/target_array__struct.h
[1.127s] -- Up-to-date: /home/cjh/droncon_ws/install/vision_interfaces/include/vision_interfaces/vision_interfaces/msg/detail/target__functions.c
[1.127s] -- Up-to-date: /home/cjh/droncon_ws/install/vision_interfaces/include/vision_interfaces/vision_interfaces/msg/detail/target__type_support.h
[1.127s] -- Up-to-date: /home/cjh/droncon_ws/install/vision_interfaces/include/vision_interfaces/vision_interfaces/msg/detail/vision__functions.c
[1.127s] -- Up-to-date: /home/cjh/droncon_ws/install/vision_interfaces/include/vision_interfaces/vision_interfaces/msg/detail/target__struct.h
[1.127s] -- Up-to-date: /home/cjh/droncon_ws/install/vision_interfaces/include/vision_interfaces/vision_interfaces/msg/detail/target__functions.h
[1.127s] -- Up-to-date: /home/cjh/droncon_ws/install/vision_interfaces/include/vision_interfaces/vision_interfaces/msg/detail/target_array__type_support.h
[1.128s] -- Up-to-date: /home/cjh/droncon_ws/install/vision_interfaces/include/vision_interfaces/vision_interfaces/msg/detail/vision__struct.h
[1.128s] -- Up-to-date: /home/cjh/droncon_ws/install/vision_interfaces/include/vision_interfaces/vision_interfaces/msg/detail/vision__functions.h
[1.128s] -- Up-to-date: /home/cjh/droncon_ws/install/vision_interfaces/include/vision_interfaces/vision_interfaces/msg/detail/vision__type_support.h
[1.129s] -- Up-to-date: /home/cjh/droncon_ws/install/vision_interfaces/share/vision_interfaces/environment/library_path.sh
[1.129s] -- Up-to-date: /home/cjh/droncon_ws/install/vision_interfaces/share/vision_interfaces/environment/library_path.dsv
[1.129s] -- Up-to-date: /home/cjh/droncon_ws/install/vision_interfaces/lib/libvision_interfaces__rosidl_generator_c.so
[1.129s] -- Up-to-date: /home/cjh/droncon_ws/install/vision_interfaces/include/vision_interfaces/vision_interfaces
[1.129s] -- Up-to-date: /home/cjh/droncon_ws/install/vision_interfaces/include/vision_interfaces/vision_interfaces/msg
[1.130s] -- Up-to-date: /home/cjh/droncon_ws/install/vision_interfaces/include/vision_interfaces/vision_interfaces/msg/detail
[1.130s] -- Up-to-date: /home/cjh/droncon_ws/install/vision_interfaces/include/vision_interfaces/vision_interfaces/msg/detail/vision__rosidl_typesupport_fastrtps_c.h
[1.130s] -- Up-to-date: /home/cjh/droncon_ws/install/vision_interfaces/include/vision_interfaces/vision_interfaces/msg/detail/target_array__rosidl_typesupport_fastrtps_c.h
[1.130s] -- Up-to-date: /home/cjh/droncon_ws/install/vision_interfaces/include/vision_interfaces/vision_interfaces/msg/detail/target__rosidl_typesupport_fastrtps_c.h
[1.130s] -- Up-to-date: /home/cjh/droncon_ws/install/vision_interfaces/include/vision_interfaces/vision_interfaces/msg/rosidl_typesupport_fastrtps_c__visibility_control.h
[1.131s] -- Up-to-date: /home/cjh/droncon_ws/install/vision_interfaces/lib/libvision_interfaces__rosidl_typesupport_fastrtps_c.so
[1.131s] -- Up-to-date: /home/cjh/droncon_ws/install/vision_interfaces/include/vision_interfaces/vision_interfaces
[1.131s] -- Up-to-date: /home/cjh/droncon_ws/install/vision_interfaces/include/vision_interfaces/vision_interfaces/msg
[1.131s] -- Up-to-date: /home/cjh/droncon_ws/install/vision_interfaces/include/vision_interfaces/vision_interfaces/msg/detail
[1.131s] -- Up-to-date: /home/cjh/droncon_ws/install/vision_interfaces/include/vision_interfaces/vision_interfaces/msg/detail/target__type_support.c
[1.132s] -- Up-to-date: /home/cjh/droncon_ws/install/vision_interfaces/include/vision_interfaces/vision_interfaces/msg/detail/vision__rosidl_typesupport_introspection_c.h
[1.132s] -- Up-to-date: /home/cjh/droncon_ws/install/vision_interfaces/include/vision_interfaces/vision_interfaces/msg/detail/vision__type_support.c
[1.132s] -- Up-to-date: /home/cjh/droncon_ws/install/vision_interfaces/include/vision_interfaces/vision_interfaces/msg/detail/target_array__type_support.c
[1.133s] -- Up-to-date: /home/cjh/droncon_ws/install/vision_interfaces/include/vision_interfaces/vision_interfaces/msg/detail/target_array__rosidl_typesupport_introspection_c.h
[1.133s] -- Up-to-date: /home/cjh/droncon_ws/install/vision_interfaces/include/vision_interfaces/vision_interfaces/msg/detail/target__rosidl_typesupport_introspection_c.h
[1.133s] -- Up-to-date: /home/cjh/droncon_ws/install/vision_interfaces/include/vision_interfaces/vision_interfaces/msg/rosidl_typesupport_introspection_c__visibility_control.h
[1.134s] -- Up-to-date: /home/cjh/droncon_ws/install/vision_interfaces/lib/libvision_interfaces__rosidl_typesupport_introspection_c.so
[1.134s] -- Up-to-date: /home/cjh/droncon_ws/install/vision_interfaces/lib/libvision_interfaces__rosidl_typesupport_c.so
[1.134s] -- Up-to-date: /home/cjh/droncon_ws/install/vision_interfaces/include/vision_interfaces/vision_interfaces
[1.135s] -- Up-to-date: /home/cjh/droncon_ws/install/vision_interfaces/include/vision_interfaces/vision_interfaces/msg
[1.135s] -- Up-to-date: /home/cjh/droncon_ws/install/vision_interfaces/include/vision_interfaces/vision_interfaces/msg/rosidl_generator_cpp__visibility_control.hpp
[1.135s] -- Up-to-date: /home/cjh/droncon_ws/install/vision_interfaces/include/vision_interfaces/vision_interfaces/msg/target.hpp
[1.136s] -- Up-to-date: /home/cjh/droncon_ws/install/vision_interfaces/include/vision_interfaces/vision_interfaces/msg/vision.hpp
[1.136s] -- Up-to-date: /home/cjh/droncon_ws/install/vision_interfaces/include/vision_interfaces/vision_interfaces/msg/detail
[1.136s] -- Up-to-date: /home/cjh/droncon_ws/install/vision_interfaces/include/vision_interfaces/vision_interfaces/msg/detail/target_array__type_support.hpp
[1.137s] -- Up-to-date: /home/cjh/droncon_ws/install/vision_interfaces/include/vision_interfaces/vision_interfaces/msg/detail/vision__builder.hpp
[1.137s] -- Up-to-date: /home/cjh/droncon_ws/install/vision_interfaces/include/vision_interfaces/vision_interfaces/msg/detail/target_array__struct.hpp
[1.137s] -- Up-to-date: /home/cjh/droncon_ws/install/vision_interfaces/include/vision_interfaces/vision_interfaces/msg/detail/vision__traits.hpp
[1.137s] -- Up-to-date: /home/cjh/droncon_ws/install/vision_interfaces/include/vision_interfaces/vision_interfaces/msg/detail/target__traits.hpp
[1.137s] -- Up-to-date: /home/cjh/droncon_ws/install/vision_interfaces/include/vision_interfaces/vision_interfaces/msg/detail/target_array__traits.hpp
[1.138s] -- Up-to-date: /home/cjh/droncon_ws/install/vision_interfaces/include/vision_interfaces/vision_interfaces/msg/detail/vision__struct.hpp
[1.138s] -- Up-to-date: /home/cjh/droncon_ws/install/vision_interfaces/include/vision_interfaces/vision_interfaces/msg/detail/vision__type_support.hpp
[1.138s] -- Up-to-date: /home/cjh/droncon_ws/install/vision_interfaces/include/vision_interfaces/vision_interfaces/msg/detail/target__type_support.hpp
[1.138s] -- Up-to-date: /home/cjh/droncon_ws/install/vision_interfaces/include/vision_interfaces/vision_interfaces/msg/detail/target__builder.hpp
[1.139s] -- Up-to-date: /home/cjh/droncon_ws/install/vision_interfaces/include/vision_interfaces/vision_interfaces/msg/detail/target_array__builder.hpp
[1.139s] -- Up-to-date: /home/cjh/droncon_ws/install/vision_interfaces/include/vision_interfaces/vision_interfaces/msg/detail/target__struct.hpp
[1.139s] -- Up-to-date: /home/cjh/droncon_ws/install/vision_interfaces/include/vision_interfaces/vision_interfaces/msg/target_array.hpp
[1.139s] -- Up-to-date: /home/cjh/droncon_ws/install/vision_interfaces/include/vision_interfaces/vision_interfaces
[1.139s] -- Up-to-date: /home/cjh/droncon_ws/install/vision_interfaces/include/vision_interfaces/vision_interfaces/msg
[1.140s] -- Up-to-date: /home/cjh/droncon_ws/install/vision_interfaces/include/vision_interfaces/vision_interfaces/msg/rosidl_typesupport_fastrtps_cpp__visibility_control.h
[1.140s] -- Up-to-date: /home/cjh/droncon_ws/install/vision_interfaces/include/vision_interfaces/vision_interfaces/msg/detail
[1.140s] -- Up-to-date: /home/cjh/droncon_ws/install/vision_interfaces/include/vision_interfaces/vision_interfaces/msg/detail/dds_fastrtps
[1.140s] -- Up-to-date: /home/cjh/droncon_ws/install/vision_interfaces/include/vision_interfaces/vision_interfaces/msg/detail/target__rosidl_typesupport_fastrtps_cpp.hpp
[1.140s] -- Up-to-date: /home/cjh/droncon_ws/install/vision_interfaces/include/vision_interfaces/vision_interfaces/msg/detail/target_array__rosidl_typesupport_fastrtps_cpp.hpp
[1.140s] -- Up-to-date: /home/cjh/droncon_ws/install/vision_interfaces/include/vision_interfaces/vision_interfaces/msg/detail/vision__rosidl_typesupport_fastrtps_cpp.hpp
[1.141s] -- Up-to-date: /home/cjh/droncon_ws/install/vision_interfaces/lib/libvision_interfaces__rosidl_typesupport_fastrtps_cpp.so
[1.141s] -- Up-to-date: /home/cjh/droncon_ws/install/vision_interfaces/include/vision_interfaces/vision_interfaces
[1.141s] -- Up-to-date: /home/cjh/droncon_ws/install/vision_interfaces/include/vision_interfaces/vision_interfaces/msg
[1.141s] -- Up-to-date: /home/cjh/droncon_ws/install/vision_interfaces/include/vision_interfaces/vision_interfaces/msg/detail
[1.141s] -- Up-to-date: /home/cjh/droncon_ws/install/vision_interfaces/include/vision_interfaces/vision_interfaces/msg/detail/vision__rosidl_typesupport_introspection_cpp.hpp
[1.142s] -- Up-to-date: /home/cjh/droncon_ws/install/vision_interfaces/include/vision_interfaces/vision_interfaces/msg/detail/target__type_support.cpp
[1.142s] -- Up-to-date: /home/cjh/droncon_ws/install/vision_interfaces/include/vision_interfaces/vision_interfaces/msg/detail/target_array__rosidl_typesupport_introspection_cpp.hpp
[1.143s] -- Up-to-date: /home/cjh/droncon_ws/install/vision_interfaces/include/vision_interfaces/vision_interfaces/msg/detail/vision__type_support.cpp
[1.143s] -- Up-to-date: /home/cjh/droncon_ws/install/vision_interfaces/include/vision_interfaces/vision_interfaces/msg/detail/target__rosidl_typesupport_introspection_cpp.hpp
[1.143s] -- Up-to-date: /home/cjh/droncon_ws/install/vision_interfaces/include/vision_interfaces/vision_interfaces/msg/detail/target_array__type_support.cpp
[1.145s] -- Up-to-date: /home/cjh/droncon_ws/install/vision_interfaces/lib/libvision_interfaces__rosidl_typesupport_introspection_cpp.so
[1.145s] -- Up-to-date: /home/cjh/droncon_ws/install/vision_interfaces/lib/libvision_interfaces__rosidl_typesupport_cpp.so
[1.145s] -- Up-to-date: /home/cjh/droncon_ws/install/vision_interfaces/share/vision_interfaces/environment/pythonpath.sh
[1.146s] -- Up-to-date: /home/cjh/droncon_ws/install/vision_interfaces/share/vision_interfaces/environment/pythonpath.dsv
[1.146s] -- Up-to-date: /home/cjh/droncon_ws/install/vision_interfaces/local/lib/python3.10/dist-packages/vision_interfaces-0.0.0-py3.10.egg-info
[1.146s] -- Installing: /home/cjh/droncon_ws/install/vision_interfaces/local/lib/python3.10/dist-packages/vision_interfaces-0.0.0-py3.10.egg-info/SOURCES.txt
[1.146s] -- Installing: /home/cjh/droncon_ws/install/vision_interfaces/local/lib/python3.10/dist-packages/vision_interfaces-0.0.0-py3.10.egg-info/dependency_links.txt
[1.146s] -- Installing: /home/cjh/droncon_ws/install/vision_interfaces/local/lib/python3.10/dist-packages/vision_interfaces-0.0.0-py3.10.egg-info/PKG-INFO
[1.146s] -- Installing: /home/cjh/droncon_ws/install/vision_interfaces/local/lib/python3.10/dist-packages/vision_interfaces-0.0.0-py3.10.egg-info/top_level.txt
[1.146s] -- Up-to-date: /home/cjh/droncon_ws/install/vision_interfaces/local/lib/python3.10/dist-packages/vision_interfaces
[1.147s] -- Up-to-date: /home/cjh/droncon_ws/install/vision_interfaces/local/lib/python3.10/dist-packages/vision_interfaces/vision_interfaces_s__rosidl_typesupport_fastrtps_c.cpython-310-x86_64-linux-gnu.so
[1.147s] -- Up-to-date: /home/cjh/droncon_ws/install/vision_interfaces/local/lib/python3.10/dist-packages/vision_interfaces/msg
[1.147s] -- Up-to-date: /home/cjh/droncon_ws/install/vision_interfaces/local/lib/python3.10/dist-packages/vision_interfaces/msg/_target.py
[1.147s] -- Up-to-date: /home/cjh/droncon_ws/install/vision_interfaces/local/lib/python3.10/dist-packages/vision_interfaces/msg/_target_array_s.c
[1.147s] -- Up-to-date: /home/cjh/droncon_ws/install/vision_interfaces/local/lib/python3.10/dist-packages/vision_interfaces/msg/_vision_s.c
[1.148s] -- Up-to-date: /home/cjh/droncon_ws/install/vision_interfaces/local/lib/python3.10/dist-packages/vision_interfaces/msg/_vision.py
[1.148s] -- Up-to-date: /home/cjh/droncon_ws/install/vision_interfaces/local/lib/python3.10/dist-packages/vision_interfaces/msg/_target_array.py
[1.148s] -- Up-to-date: /home/cjh/droncon_ws/install/vision_interfaces/local/lib/python3.10/dist-packages/vision_interfaces/msg/_target_s.c
[1.148s] -- Up-to-date: /home/cjh/droncon_ws/install/vision_interfaces/local/lib/python3.10/dist-packages/vision_interfaces/msg/__init__.py
[1.148s] -- Up-to-date: /home/cjh/droncon_ws/install/vision_interfaces/local/lib/python3.10/dist-packages/vision_interfaces/vision_interfaces_s__rosidl_typesupport_c.cpython-310-x86_64-linux-gnu.so
[1.148s] -- Up-to-date: /home/cjh/droncon_ws/install/vision_interfaces/local/lib/python3.10/dist-packages/vision_interfaces/_vision_interfaces_s.ep.rosidl_typesupport_c.c
[1.148s] -- Up-to-date: /home/cjh/droncon_ws/install/vision_interfaces/local/lib/python3.10/dist-packages/vision_interfaces/_vision_interfaces_s.ep.rosidl_typesupport_fastrtps_c.c
[1.148s] -- Up-to-date: /home/cjh/droncon_ws/install/vision_interfaces/local/lib/python3.10/dist-packages/vision_interfaces/vision_interfaces_s__rosidl_typesupport_introspection_c.cpython-310-x86_64-linux-gnu.so
[1.148s] -- Up-to-date: /home/cjh/droncon_ws/install/vision_interfaces/local/lib/python3.10/dist-packages/vision_interfaces/__init__.py
[1.148s] -- Up-to-date: /home/cjh/droncon_ws/install/vision_interfaces/local/lib/python3.10/dist-packages/vision_interfaces/libvision_interfaces__rosidl_generator_py.so
[1.148s] -- Up-to-date: /home/cjh/droncon_ws/install/vision_interfaces/local/lib/python3.10/dist-packages/vision_interfaces/_vision_interfaces_s.ep.rosidl_typesupport_introspection_c.c
[1.339s] Listing '/home/cjh/droncon_ws/install/vision_interfaces/local/lib/python3.10/dist-packages/vision_interfaces'...
[1.339s] Listing '/home/cjh/droncon_ws/install/vision_interfaces/local/lib/python3.10/dist-packages/vision_interfaces/msg'...
[1.351s] -- Up-to-date: /home/cjh/droncon_ws/install/vision_interfaces/local/lib/python3.10/dist-packages/vision_interfaces/vision_interfaces_s__rosidl_typesupport_fastrtps_c.cpython-310-x86_64-linux-gnu.so
[1.351s] -- Up-to-date: /home/cjh/droncon_ws/install/vision_interfaces/local/lib/python3.10/dist-packages/vision_interfaces/vision_interfaces_s__rosidl_typesupport_introspection_c.cpython-310-x86_64-linux-gnu.so
[1.353s] -- Up-to-date: /home/cjh/droncon_ws/install/vision_interfaces/local/lib/python3.10/dist-packages/vision_interfaces/vision_interfaces_s__rosidl_typesupport_c.cpython-310-x86_64-linux-gnu.so
[1.354s] -- Up-to-date: /home/cjh/droncon_ws/install/vision_interfaces/lib/libvision_interfaces__rosidl_generator_py.so
[1.355s] -- Up-to-date: /home/cjh/droncon_ws/install/vision_interfaces/share/ament_index/resource_index/rust_packages/vision_interfaces
[1.355s] -- Up-to-date: /home/cjh/droncon_ws/install/vision_interfaces/share/vision_interfaces/rust
[1.356s] -- Up-to-date: /home/cjh/droncon_ws/install/vision_interfaces/share/vision_interfaces/rust/build.rs
[1.357s] -- Up-to-date: /home/cjh/droncon_ws/install/vision_interfaces/share/vision_interfaces/rust/src
[1.357s] -- Up-to-date: /home/cjh/droncon_ws/install/vision_interfaces/share/vision_interfaces/rust/src/msg
[1.359s] -- Up-to-date: /home/cjh/droncon_ws/install/vision_interfaces/share/vision_interfaces/rust/src/msg/rmw.rs
[1.359s] -- Up-to-date: /home/cjh/droncon_ws/install/vision_interfaces/share/vision_interfaces/rust/src/lib.rs
[1.359s] -- Up-to-date: /home/cjh/droncon_ws/install/vision_interfaces/share/vision_interfaces/rust/src/msg.rs
[1.359s] -- Up-to-date: /home/cjh/droncon_ws/install/vision_interfaces/share/vision_interfaces/rust/Cargo.toml
[1.359s] -- Up-to-date: /home/cjh/droncon_ws/install/vision_interfaces/share/vision_interfaces/msg/Target.idl
[1.359s] -- Up-to-date: /home/cjh/droncon_ws/install/vision_interfaces/share/vision_interfaces/msg/TargetArray.idl
[1.360s] -- Up-to-date: /home/cjh/droncon_ws/install/vision_interfaces/share/vision_interfaces/msg/Vision.idl
[1.360s] -- Up-to-date: /home/cjh/droncon_ws/install/vision_interfaces/share/vision_interfaces/msg/Target.msg
[1.361s] -- Up-to-date: /home/cjh/droncon_ws/install/vision_interfaces/share/vision_interfaces/msg/TargetArray.msg
[1.361s] -- Up-to-date: /home/cjh/droncon_ws/install/vision_interfaces/share/vision_interfaces/msg/Vision.msg
[1.361s] -- Up-to-date: /home/cjh/droncon_ws/install/vision_interfaces/share/ament_index/resource_index/package_run_dependencies/vision_interfaces
[1.361s] -- Up-to-date: /home/cjh/droncon_ws/install/vision_interfaces/share/ament_index/resource_index/parent_prefix_path/vision_interfaces
[1.361s] -- Up-to-date: /home/cjh/droncon_ws/install/vision_interfaces/share/vision_interfaces/environment/ament_prefix_path.sh
[1.362s] -- Up-to-date: /home/cjh/droncon_ws/install/vision_interfaces/share/vision_interfaces/environment/ament_prefix_path.dsv
[1.362s] -- Up-to-date: /home/cjh/droncon_ws/install/vision_interfaces/share/vision_interfaces/environment/path.sh
[1.362s] -- Up-to-date: /home/cjh/droncon_ws/install/vision_interfaces/share/vision_interfaces/environment/path.dsv
[1.363s] -- Up-to-date: /home/cjh/droncon_ws/install/vision_interfaces/share/vision_interfaces/local_setup.bash
[1.363s] -- Up-to-date: /home/cjh/droncon_ws/install/vision_interfaces/share/vision_interfaces/local_setup.sh
[1.363s] -- Up-to-date: /home/cjh/droncon_ws/install/vision_interfaces/share/vision_interfaces/local_setup.zsh
[1.364s] -- Up-to-date: /home/cjh/droncon_ws/install/vision_interfaces/share/vision_interfaces/local_setup.dsv
[1.364s] -- Installing: /home/cjh/droncon_ws/install/vision_interfaces/share/vision_interfaces/package.dsv
[1.364s] -- Up-to-date: /home/cjh/droncon_ws/install/vision_interfaces/share/ament_index/resource_index/packages/vision_interfaces
[1.365s] -- Up-to-date: /home/cjh/droncon_ws/install/vision_interfaces/share/vision_interfaces/cmake/export_vision_interfaces__rosidl_generator_cExport.cmake
[1.365s] -- Up-to-date: /home/cjh/droncon_ws/install/vision_interfaces/share/vision_interfaces/cmake/export_vision_interfaces__rosidl_generator_cExport-noconfig.cmake
[1.365s] -- Up-to-date: /home/cjh/droncon_ws/install/vision_interfaces/share/vision_interfaces/cmake/export_vision_interfaces__rosidl_typesupport_fastrtps_cExport.cmake
[1.365s] -- Up-to-date: /home/cjh/droncon_ws/install/vision_interfaces/share/vision_interfaces/cmake/export_vision_interfaces__rosidl_typesupport_fastrtps_cExport-noconfig.cmake
[1.365s] -- Up-to-date: /home/cjh/droncon_ws/install/vision_interfaces/share/vision_interfaces/cmake/vision_interfaces__rosidl_typesupport_introspection_cExport.cmake
[1.365s] -- Up-to-date: /home/cjh/droncon_ws/install/vision_interfaces/share/vision_interfaces/cmake/vision_interfaces__rosidl_typesupport_introspection_cExport-noconfig.cmake
[1.365s] -- Up-to-date: /home/cjh/droncon_ws/install/vision_interfaces/share/vision_interfaces/cmake/vision_interfaces__rosidl_typesupport_cExport.cmake
[1.366s] -- Up-to-date: /home/cjh/droncon_ws/install/vision_interfaces/share/vision_interfaces/cmake/vision_interfaces__rosidl_typesupport_cExport-noconfig.cmake
[1.366s] -- Up-to-date: /home/cjh/droncon_ws/install/vision_interfaces/share/vision_interfaces/cmake/export_vision_interfaces__rosidl_generator_cppExport.cmake
[1.369s] -- Up-to-date: /home/cjh/droncon_ws/install/vision_interfaces/share/vision_interfaces/cmake/export_vision_interfaces__rosidl_typesupport_fastrtps_cppExport.cmake
[1.369s] -- Up-to-date: /home/cjh/droncon_ws/install/vision_interfaces/share/vision_interfaces/cmake/export_vision_interfaces__rosidl_typesupport_fastrtps_cppExport-noconfig.cmake
[1.369s] -- Up-to-date: /home/cjh/droncon_ws/install/vision_interfaces/share/vision_interfaces/cmake/vision_interfaces__rosidl_typesupport_introspection_cppExport.cmake
[1.369s] -- Up-to-date: /home/cjh/droncon_ws/install/vision_interfaces/share/vision_interfaces/cmake/vision_interfaces__rosidl_typesupport_introspection_cppExport-noconfig.cmake
[1.369s] -- Up-to-date: /home/cjh/droncon_ws/install/vision_interfaces/share/vision_interfaces/cmake/vision_interfaces__rosidl_typesupport_cppExport.cmake
[1.370s] -- Up-to-date: /home/cjh/droncon_ws/install/vision_interfaces/share/vision_interfaces/cmake/vision_interfaces__rosidl_typesupport_cppExport-noconfig.cmake
[1.370s] -- Up-to-date: /home/cjh/droncon_ws/install/vision_interfaces/share/vision_interfaces/cmake/export_vision_interfaces__rosidl_generator_pyExport.cmake
[1.370s] -- Up-to-date: /home/cjh/droncon_ws/install/vision_interfaces/share/vision_interfaces/cmake/export_vision_interfaces__rosidl_generator_pyExport-noconfig.cmake
[1.370s] -- Up-to-date: /home/cjh/droncon_ws/install/vision_interfaces/share/vision_interfaces/cmake/rosidl_cmake-extras.cmake
[1.370s] -- Up-to-date: /home/cjh/droncon_ws/install/vision_interfaces/share/vision_interfaces/cmake/ament_cmake_export_include_directories-extras.cmake
[1.370s] -- Up-to-date: /home/cjh/droncon_ws/install/vision_interfaces/share/vision_interfaces/cmake/ament_cmake_export_libraries-extras.cmake
[1.370s] -- Up-to-date: /home/cjh/droncon_ws/install/vision_interfaces/share/vision_interfaces/cmake/ament_cmake_export_targets-extras.cmake
[1.370s] -- Up-to-date: /home/cjh/droncon_ws/install/vision_interfaces/share/vision_interfaces/cmake/rosidl_cmake_export_typesupport_targets-extras.cmake
[1.370s] -- Up-to-date: /home/cjh/droncon_ws/install/vision_interfaces/share/vision_interfaces/cmake/ament_cmake_export_dependencies-extras.cmake
[1.371s] -- Up-to-date: /home/cjh/droncon_ws/install/vision_interfaces/share/vision_interfaces/cmake/rosidl_cmake_export_typesupport_libraries-extras.cmake
[1.371s] -- Up-to-date: /home/cjh/droncon_ws/install/vision_interfaces/share/vision_interfaces/cmake/vision_interfacesConfig.cmake
[1.371s] -- Up-to-date: /home/cjh/droncon_ws/install/vision_interfaces/share/vision_interfaces/cmake/vision_interfacesConfig-version.cmake
[1.371s] -- Up-to-date: /home/cjh/droncon_ws/install/vision_interfaces/share/vision_interfaces/package.xml
[1.381s] Invoked command in '/home/cjh/droncon_ws/build/vision_interfaces' returned '0': CMAKE_PREFIX_PATH=${CMAKE_PREFIX_PATH}:/home/cjh/droncon_ws/install/vision_pkg:/home/cjh/realsense_ws/install/realsense2_ros_mqtt_bridge:/home/cjh/nav2_ros2/install/robot_application://home/cjh/nav2_ros2/install/robot_application:/opt/ros/humble /usr/bin/cmake --install /home/cjh/droncon_ws/build/vision_interfaces
