running egg_info
writing ../../build/vision_pkg/vision_pkg.egg-info/PKG-INFO
writing dependency_links to ../../build/vision_pkg/vision_pkg.egg-info/dependency_links.txt
writing entry points to ../../build/vision_pkg/vision_pkg.egg-info/entry_points.txt
writing requirements to ../../build/vision_pkg/vision_pkg.egg-info/requires.txt
writing top-level names to ../../build/vision_pkg/vision_pkg.egg-info/top_level.txt
reading manifest file '../../build/vision_pkg/vision_pkg.egg-info/SOURCES.txt'
writing manifest file '../../build/vision_pkg/vision_pkg.egg-info/SOURCES.txt'
running build
running build_py
running install
running install_lib
running install_data
copying launch/vision_combined.launch.py -> /home/cjh/droncon_ws/install/vision_pkg/share/vision_pkg/launch
running install_egg_info
removing '/home/cjh/droncon_ws/install/vision_pkg/lib/python3.10/site-packages/vision_pkg-0.0.0-py3.10.egg-info' (and everything under it)
Copying ../../build/vision_pkg/vision_pkg.egg-info to /home/cjh/droncon_ws/install/vision_pkg/lib/python3.10/site-packages/vision_pkg-0.0.0-py3.10.egg-info
running install_scripts
Installing vision_camera script to /home/cjh/droncon_ws/install/vision_pkg/lib/vision_pkg
Installing vision_d435 script to /home/cjh/droncon_ws/install/vision_pkg/lib/vision_pkg
writing list of installed files to '/home/cjh/droncon_ws/build/vision_pkg/install.log'
