[0.294s] DEBUG:colcon:Command line arguments: ['/usr/bin/colcon', 'build']
[0.295s] DEBUG:colcon:Parsed command line arguments: Namespace(log_base=None, log_level=None, verb_name='build', build_base='build', install_base='install', merge_install=False, symlink_install=False, test_result_base=None, continue_on_error=False, executor='parallel', parallel_workers=16, event_handlers=None, ignore_user_meta=False, metas=['./colcon.meta'], base_paths=['.'], packages_ignore=None, packages_ignore_regex=None, paths=None, packages_up_to=None, packages_up_to_regex=None, packages_above=None, packages_above_and_dependencies=None, packages_above_depth=None, packages_select_by_dep=None, packages_skip_by_dep=None, packages_skip_up_to=None, packages_select_build_failed=False, packages_skip_build_finished=False, packages_select_test_failures=False, packages_skip_test_passed=False, packages_select=None, packages_skip=None, packages_select_regex=None, packages_skip_regex=None, packages_start=None, packages_end=None, allow_overriding=[], cmake_args=None, cmake_target=None, cmake_target_skip_unavailable=False, cmake_clean_cache=False, cmake_clean_first=False, cmake_force_configure=False, ament_cmake_args=None, catkin_cmake_args=None, catkin_skip_building_tests=False, verb_parser=<colcon_defaults.argument_parser.defaults.DefaultArgumentsDecorator object at 0x7b9c5a05ae00>, verb_extension=<colcon_core.verb.build.BuildVerb object at 0x7b9c5a05a9b0>, main=<bound method BuildVerb.main of <colcon_core.verb.build.BuildVerb object at 0x7b9c5a05a9b0>>)
[0.768s] Level 1:colcon.colcon_core.package_discovery:discover_packages(colcon_meta) check parameters
[0.768s] Level 1:colcon.colcon_core.package_discovery:discover_packages(recursive) check parameters
[0.768s] Level 1:colcon.colcon_core.package_discovery:discover_packages(ignore) check parameters
[0.768s] Level 1:colcon.colcon_core.package_discovery:discover_packages(path) check parameters
[0.768s] Level 1:colcon.colcon_core.package_discovery:discover_packages(colcon_meta) discover
[0.768s] Level 1:colcon.colcon_core.package_discovery:discover_packages(recursive) discover
[0.769s] INFO:colcon.colcon_core.package_discovery:Crawling recursively for packages in '/home/cjh/droncon_ws'
[0.769s] Level 1:colcon.colcon_core.package_identification:_identify(.) by extensions ['ignore', 'ignore_ament_install']
[0.769s] Level 1:colcon.colcon_core.package_identification:_identify(.) by extension 'ignore'
[0.769s] Level 1:colcon.colcon_core.package_identification:_identify(.) by extension 'ignore_ament_install'
[0.770s] Level 1:colcon.colcon_core.package_identification:_identify(.) by extensions ['colcon_pkg']
[0.770s] Level 1:colcon.colcon_core.package_identification:_identify(.) by extension 'colcon_pkg'
[0.770s] Level 1:colcon.colcon_core.package_identification:_identify(.) by extensions ['colcon_meta']
[0.770s] Level 1:colcon.colcon_core.package_identification:_identify(.) by extension 'colcon_meta'
[0.770s] Level 1:colcon.colcon_core.package_identification:_identify(.) by extensions ['ros']
[0.770s] Level 1:colcon.colcon_core.package_identification:_identify(.) by extension 'ros'
[0.788s] Level 1:colcon.colcon_core.package_identification:_identify(.) by extensions ['cmake', 'python']
[0.788s] Level 1:colcon.colcon_core.package_identification:_identify(.) by extension 'cmake'
[0.788s] Level 1:colcon.colcon_core.package_identification:_identify(.) by extension 'python'
[0.788s] Level 1:colcon.colcon_core.package_identification:_identify(.) by extensions ['python_setup_py']
[0.788s] Level 1:colcon.colcon_core.package_identification:_identify(.) by extension 'python_setup_py'
[0.789s] Level 1:colcon.colcon_core.package_identification:_identify(build) by extensions ['ignore', 'ignore_ament_install']
[0.789s] Level 1:colcon.colcon_core.package_identification:_identify(build) by extension 'ignore'
[0.789s] Level 1:colcon.colcon_core.package_identification:_identify(build) ignored
[0.789s] Level 1:colcon.colcon_core.package_identification:_identify(install) by extensions ['ignore', 'ignore_ament_install']
[0.790s] Level 1:colcon.colcon_core.package_identification:_identify(install) by extension 'ignore'
[0.790s] Level 1:colcon.colcon_core.package_identification:_identify(install) ignored
[0.790s] Level 1:colcon.colcon_core.package_identification:_identify(log) by extensions ['ignore', 'ignore_ament_install']
[0.790s] Level 1:colcon.colcon_core.package_identification:_identify(log) by extension 'ignore'
[0.790s] Level 1:colcon.colcon_core.package_identification:_identify(log) ignored
[0.790s] Level 1:colcon.colcon_core.package_identification:_identify(src) by extensions ['ignore', 'ignore_ament_install']
[0.790s] Level 1:colcon.colcon_core.package_identification:_identify(src) by extension 'ignore'
[0.790s] Level 1:colcon.colcon_core.package_identification:_identify(src) by extension 'ignore_ament_install'
[0.791s] Level 1:colcon.colcon_core.package_identification:_identify(src) by extensions ['colcon_pkg']
[0.791s] Level 1:colcon.colcon_core.package_identification:_identify(src) by extension 'colcon_pkg'
[0.791s] Level 1:colcon.colcon_core.package_identification:_identify(src) by extensions ['colcon_meta']
[0.791s] Level 1:colcon.colcon_core.package_identification:_identify(src) by extension 'colcon_meta'
[0.791s] Level 1:colcon.colcon_core.package_identification:_identify(src) by extensions ['ros']
[0.791s] Level 1:colcon.colcon_core.package_identification:_identify(src) by extension 'ros'
[0.791s] Level 1:colcon.colcon_core.package_identification:_identify(src) by extensions ['cmake', 'python']
[0.791s] Level 1:colcon.colcon_core.package_identification:_identify(src) by extension 'cmake'
[0.791s] Level 1:colcon.colcon_core.package_identification:_identify(src) by extension 'python'
[0.791s] Level 1:colcon.colcon_core.package_identification:_identify(src) by extensions ['python_setup_py']
[0.791s] Level 1:colcon.colcon_core.package_identification:_identify(src) by extension 'python_setup_py'
[0.791s] Level 1:colcon.colcon_core.package_identification:_identify(src/core) by extensions ['ignore', 'ignore_ament_install']
[0.791s] Level 1:colcon.colcon_core.package_identification:_identify(src/core) by extension 'ignore'
[0.791s] Level 1:colcon.colcon_core.package_identification:_identify(src/core) by extension 'ignore_ament_install'
[0.792s] Level 1:colcon.colcon_core.package_identification:_identify(src/core) by extensions ['colcon_pkg']
[0.792s] Level 1:colcon.colcon_core.package_identification:_identify(src/core) by extension 'colcon_pkg'
[0.792s] Level 1:colcon.colcon_core.package_identification:_identify(src/core) by extensions ['colcon_meta']
[0.792s] Level 1:colcon.colcon_core.package_identification:_identify(src/core) by extension 'colcon_meta'
[0.792s] Level 1:colcon.colcon_core.package_identification:_identify(src/core) by extensions ['ros']
[0.792s] Level 1:colcon.colcon_core.package_identification:_identify(src/core) by extension 'ros'
[0.797s] DEBUG:colcon.colcon_core.package_identification:Package 'src/core' with type 'ros.ament_cmake' and name 'core'
[0.797s] Level 1:colcon.colcon_core.package_identification:_identify(src/vision_interfaces) by extensions ['ignore', 'ignore_ament_install']
[0.797s] Level 1:colcon.colcon_core.package_identification:_identify(src/vision_interfaces) by extension 'ignore'
[0.797s] Level 1:colcon.colcon_core.package_identification:_identify(src/vision_interfaces) by extension 'ignore_ament_install'
[0.797s] Level 1:colcon.colcon_core.package_identification:_identify(src/vision_interfaces) by extensions ['colcon_pkg']
[0.798s] Level 1:colcon.colcon_core.package_identification:_identify(src/vision_interfaces) by extension 'colcon_pkg'
[0.798s] Level 1:colcon.colcon_core.package_identification:_identify(src/vision_interfaces) by extensions ['colcon_meta']
[0.798s] Level 1:colcon.colcon_core.package_identification:_identify(src/vision_interfaces) by extension 'colcon_meta'
[0.798s] Level 1:colcon.colcon_core.package_identification:_identify(src/vision_interfaces) by extensions ['ros']
[0.798s] Level 1:colcon.colcon_core.package_identification:_identify(src/vision_interfaces) by extension 'ros'
[0.799s] DEBUG:colcon.colcon_core.package_identification:Package 'src/vision_interfaces' with type 'ros.ament_cmake' and name 'vision_interfaces'
[0.799s] Level 1:colcon.colcon_core.package_identification:_identify(src/vision_pkg) by extensions ['ignore', 'ignore_ament_install']
[0.799s] Level 1:colcon.colcon_core.package_identification:_identify(src/vision_pkg) by extension 'ignore'
[0.800s] Level 1:colcon.colcon_core.package_identification:_identify(src/vision_pkg) by extension 'ignore_ament_install'
[0.800s] Level 1:colcon.colcon_core.package_identification:_identify(src/vision_pkg) by extensions ['colcon_pkg']
[0.800s] Level 1:colcon.colcon_core.package_identification:_identify(src/vision_pkg) by extension 'colcon_pkg'
[0.800s] Level 1:colcon.colcon_core.package_identification:_identify(src/vision_pkg) by extensions ['colcon_meta']
[0.800s] Level 1:colcon.colcon_core.package_identification:_identify(src/vision_pkg) by extension 'colcon_meta'
[0.800s] Level 1:colcon.colcon_core.package_identification:_identify(src/vision_pkg) by extensions ['ros']
[0.801s] Level 1:colcon.colcon_core.package_identification:_identify(src/vision_pkg) by extension 'ros'
[0.802s] DEBUG:colcon.colcon_core.package_identification:Package 'src/vision_pkg' with type 'ros.ament_python' and name 'vision_pkg'
[0.802s] Level 1:colcon.colcon_core.package_discovery:discover_packages(recursive) using defaults
[0.802s] Level 1:colcon.colcon_core.package_discovery:discover_packages(ignore) discover
[0.802s] Level 1:colcon.colcon_core.package_discovery:discover_packages(ignore) using defaults
[0.802s] Level 1:colcon.colcon_core.package_discovery:discover_packages(path) discover
[0.802s] Level 1:colcon.colcon_core.package_discovery:discover_packages(path) using defaults
[0.854s] Level 1:colcon.colcon_core.package_discovery:discover_packages(prefix_path) check parameters
[0.855s] Level 1:colcon.colcon_core.package_discovery:discover_packages(prefix_path) discover
[0.874s] DEBUG:colcon.colcon_installed_package_information.package_discovery:Found 1 installed packages in /home/cjh/oradar_ws/install
[0.876s] DEBUG:colcon.colcon_installed_package_information.package_discovery:Found 2 installed packages in //home/cjh/pluginlib_ws/install
[0.876s] DEBUG:colcon.colcon_installed_package_information.package_discovery:Found 4 installed packages in //home/cjh/nav2_ros2/install
[0.877s] DEBUG:colcon.colcon_installed_package_information.package_discovery:Found 5 installed packages in /home/cjh/realsense_ws/install
[0.878s] DEBUG:colcon.colcon_installed_package_information.package_discovery:Found 3 installed packages in /home/cjh/droncon_ws/install
[0.878s] DEBUG:colcon.colcon_installed_package_information.package_discovery:Found 2 installed packages in /home/cjh/px4_control/install
[0.879s] DEBUG:colcon.colcon_installed_package_information.package_discovery:Found 1 installed packages in /home/cjh/pcl_test/install
[0.880s] DEBUG:colcon.colcon_installed_package_information.package_discovery:Found 2 installed packages in /home/cjh/pluginlib_ws/install
[0.882s] DEBUG:colcon.colcon_installed_package_information.package_discovery:Found 4 installed packages in /home/cjh/nav2_ros2/install
[0.888s] DEBUG:colcon.colcon_installed_package_information.package_discovery:Found 464 installed packages in /opt/ros/humble
[0.891s] Level 1:colcon.colcon_core.package_discovery:discover_packages(prefix_path) using defaults
[0.996s] Level 5:colcon.colcon_core.verb:set package 'core' build argument 'cmake_args' from command line to 'None'
[0.996s] Level 5:colcon.colcon_core.verb:set package 'core' build argument 'cmake_target' from command line to 'None'
[0.996s] Level 5:colcon.colcon_core.verb:set package 'core' build argument 'cmake_target_skip_unavailable' from command line to 'False'
[0.996s] Level 5:colcon.colcon_core.verb:set package 'core' build argument 'cmake_clean_cache' from command line to 'False'
[0.996s] Level 5:colcon.colcon_core.verb:set package 'core' build argument 'cmake_clean_first' from command line to 'False'
[0.997s] Level 5:colcon.colcon_core.verb:set package 'core' build argument 'cmake_force_configure' from command line to 'False'
[0.997s] Level 5:colcon.colcon_core.verb:set package 'core' build argument 'ament_cmake_args' from command line to 'None'
[0.997s] Level 5:colcon.colcon_core.verb:set package 'core' build argument 'catkin_cmake_args' from command line to 'None'
[0.997s] Level 5:colcon.colcon_core.verb:set package 'core' build argument 'catkin_skip_building_tests' from command line to 'False'
[0.997s] DEBUG:colcon.colcon_core.verb:Building package 'core' with the following arguments: {'ament_cmake_args': None, 'build_base': '/home/cjh/droncon_ws/build/core', 'catkin_cmake_args': None, 'catkin_skip_building_tests': False, 'cmake_args': None, 'cmake_clean_cache': False, 'cmake_clean_first': False, 'cmake_force_configure': False, 'cmake_target': None, 'cmake_target_skip_unavailable': False, 'install_base': '/home/cjh/droncon_ws/install/core', 'merge_install': False, 'path': '/home/cjh/droncon_ws/src/core', 'symlink_install': False, 'test_result_base': None}
[0.998s] Level 5:colcon.colcon_core.verb:set package 'vision_interfaces' build argument 'cmake_args' from command line to 'None'
[0.998s] Level 5:colcon.colcon_core.verb:set package 'vision_interfaces' build argument 'cmake_target' from command line to 'None'
[0.998s] Level 5:colcon.colcon_core.verb:set package 'vision_interfaces' build argument 'cmake_target_skip_unavailable' from command line to 'False'
[0.998s] Level 5:colcon.colcon_core.verb:set package 'vision_interfaces' build argument 'cmake_clean_cache' from command line to 'False'
[0.998s] Level 5:colcon.colcon_core.verb:set package 'vision_interfaces' build argument 'cmake_clean_first' from command line to 'False'
[0.998s] Level 5:colcon.colcon_core.verb:set package 'vision_interfaces' build argument 'cmake_force_configure' from command line to 'False'
[0.998s] Level 5:colcon.colcon_core.verb:set package 'vision_interfaces' build argument 'ament_cmake_args' from command line to 'None'
[0.998s] Level 5:colcon.colcon_core.verb:set package 'vision_interfaces' build argument 'catkin_cmake_args' from command line to 'None'
[0.998s] Level 5:colcon.colcon_core.verb:set package 'vision_interfaces' build argument 'catkin_skip_building_tests' from command line to 'False'
[0.999s] DEBUG:colcon.colcon_core.verb:Building package 'vision_interfaces' with the following arguments: {'ament_cmake_args': None, 'build_base': '/home/cjh/droncon_ws/build/vision_interfaces', 'catkin_cmake_args': None, 'catkin_skip_building_tests': False, 'cmake_args': None, 'cmake_clean_cache': False, 'cmake_clean_first': False, 'cmake_force_configure': False, 'cmake_target': None, 'cmake_target_skip_unavailable': False, 'install_base': '/home/cjh/droncon_ws/install/vision_interfaces', 'merge_install': False, 'path': '/home/cjh/droncon_ws/src/vision_interfaces', 'symlink_install': False, 'test_result_base': None}
[0.999s] Level 5:colcon.colcon_core.verb:set package 'vision_pkg' build argument 'cmake_args' from command line to 'None'
[0.999s] Level 5:colcon.colcon_core.verb:set package 'vision_pkg' build argument 'cmake_target' from command line to 'None'
[0.999s] Level 5:colcon.colcon_core.verb:set package 'vision_pkg' build argument 'cmake_target_skip_unavailable' from command line to 'False'
[1.000s] Level 5:colcon.colcon_core.verb:set package 'vision_pkg' build argument 'cmake_clean_cache' from command line to 'False'
[1.000s] Level 5:colcon.colcon_core.verb:set package 'vision_pkg' build argument 'cmake_clean_first' from command line to 'False'
[1.000s] Level 5:colcon.colcon_core.verb:set package 'vision_pkg' build argument 'cmake_force_configure' from command line to 'False'
[1.000s] Level 5:colcon.colcon_core.verb:set package 'vision_pkg' build argument 'ament_cmake_args' from command line to 'None'
[1.000s] Level 5:colcon.colcon_core.verb:set package 'vision_pkg' build argument 'catkin_cmake_args' from command line to 'None'
[1.000s] Level 5:colcon.colcon_core.verb:set package 'vision_pkg' build argument 'catkin_skip_building_tests' from command line to 'False'
[1.000s] DEBUG:colcon.colcon_core.verb:Building package 'vision_pkg' with the following arguments: {'ament_cmake_args': None, 'build_base': '/home/cjh/droncon_ws/build/vision_pkg', 'catkin_cmake_args': None, 'catkin_skip_building_tests': False, 'cmake_args': None, 'cmake_clean_cache': False, 'cmake_clean_first': False, 'cmake_force_configure': False, 'cmake_target': None, 'cmake_target_skip_unavailable': False, 'install_base': '/home/cjh/droncon_ws/install/vision_pkg', 'merge_install': False, 'path': '/home/cjh/droncon_ws/src/vision_pkg', 'symlink_install': False, 'test_result_base': None}
[1.000s] INFO:colcon.colcon_core.executor:Executing jobs using 'parallel' executor
[1.002s] DEBUG:colcon.colcon_parallel_executor.executor.parallel:run_until_complete
[1.003s] INFO:colcon.colcon_ros.task.ament_cmake.build:Building ROS package in '/home/cjh/droncon_ws/src/core' with build type 'ament_cmake'
[1.004s] INFO:colcon.colcon_cmake.task.cmake.build:Building CMake package in '/home/cjh/droncon_ws/src/core'
[1.015s] INFO:colcon.colcon_core.plugin_system:Skipping extension 'colcon_core.shell.bat': Not used on non-Windows systems
[1.016s] INFO:colcon.colcon_core.shell:Skip shell extension 'powershell' for command environment: Not usable outside of PowerShell
[1.016s] DEBUG:colcon.colcon_core.shell:Skip shell extension 'dsv' for command environment
[1.033s] INFO:colcon.colcon_ros.task.ament_cmake.build:Building ROS package in '/home/cjh/droncon_ws/src/vision_interfaces' with build type 'ament_cmake'
[1.034s] INFO:colcon.colcon_cmake.task.cmake.build:Building CMake package in '/home/cjh/droncon_ws/src/vision_interfaces'
[1.034s] INFO:colcon.colcon_core.shell:Skip shell extension 'powershell' for command environment: Not usable outside of PowerShell
[1.034s] DEBUG:colcon.colcon_core.shell:Skip shell extension 'dsv' for command environment
[1.051s] INFO:colcon.colcon_ros.task.ament_python.build:Building ROS package in '/home/cjh/droncon_ws/src/vision_pkg' with build type 'ament_python'
[1.052s] Level 1:colcon.colcon_core.shell:create_environment_hook('vision_pkg', 'ament_prefix_path')
[1.052s] INFO:colcon.colcon_core.shell:Creating environment hook '/home/cjh/droncon_ws/install/vision_pkg/share/vision_pkg/hook/ament_prefix_path.ps1'
[1.058s] INFO:colcon.colcon_core.shell:Creating environment descriptor '/home/cjh/droncon_ws/install/vision_pkg/share/vision_pkg/hook/ament_prefix_path.dsv'
[1.060s] INFO:colcon.colcon_core.shell:Creating environment hook '/home/cjh/droncon_ws/install/vision_pkg/share/vision_pkg/hook/ament_prefix_path.sh'
[1.062s] INFO:colcon.colcon_core.shell:Skip shell extension 'powershell' for command environment: Not usable outside of PowerShell
[1.063s] DEBUG:colcon.colcon_core.shell:Skip shell extension 'dsv' for command environment
[1.090s] DEBUG:colcon.colcon_core.event_handler.log_command:Invoking command in '/home/cjh/droncon_ws/build/core': CMAKE_PREFIX_PATH=${CMAKE_PREFIX_PATH}:/home/cjh/droncon_ws/install/vision_pkg:/home/cjh/realsense_ws/install/realsense2_ros_mqtt_bridge:/home/cjh/nav2_ros2/install/robot_application://home/cjh/nav2_ros2/install/robot_application:/opt/ros/humble /usr/bin/cmake --build /home/cjh/droncon_ws/build/core -- -j16 -l16
[1.107s] DEBUG:colcon.colcon_core.event_handler.log_command:Invoking command in '/home/cjh/droncon_ws/build/vision_interfaces': CMAKE_PREFIX_PATH=${CMAKE_PREFIX_PATH}:/home/cjh/droncon_ws/install/vision_pkg:/home/cjh/realsense_ws/install/realsense2_ros_mqtt_bridge:/home/cjh/nav2_ros2/install/robot_application://home/cjh/nav2_ros2/install/robot_application:/opt/ros/humble /usr/bin/cmake --build /home/cjh/droncon_ws/build/vision_interfaces -- -j16 -l16
[1.689s] INFO:colcon.colcon_core.task.python.build:Building Python package in '/home/cjh/droncon_ws/src/vision_pkg'
[1.689s] INFO:colcon.colcon_core.shell:Skip shell extension 'powershell' for command environment: Not usable outside of PowerShell
[1.689s] DEBUG:colcon.colcon_core.shell:Skip shell extension 'dsv' for command environment
[1.713s] DEBUG:colcon.colcon_core.event_handler.log_command:Invoked command in '/home/cjh/droncon_ws/build/core' returned '0': CMAKE_PREFIX_PATH=${CMAKE_PREFIX_PATH}:/home/cjh/droncon_ws/install/vision_pkg:/home/cjh/realsense_ws/install/realsense2_ros_mqtt_bridge:/home/cjh/nav2_ros2/install/robot_application://home/cjh/nav2_ros2/install/robot_application:/opt/ros/humble /usr/bin/cmake --build /home/cjh/droncon_ws/build/core -- -j16 -l16
[1.740s] DEBUG:colcon.colcon_core.event_handler.log_command:Invoking command in '/home/cjh/droncon_ws/build/core': CMAKE_PREFIX_PATH=${CMAKE_PREFIX_PATH}:/home/cjh/droncon_ws/install/vision_pkg:/home/cjh/realsense_ws/install/realsense2_ros_mqtt_bridge:/home/cjh/nav2_ros2/install/robot_application://home/cjh/nav2_ros2/install/robot_application:/opt/ros/humble /usr/bin/cmake --install /home/cjh/droncon_ws/build/core
[1.788s] Level 1:colcon.colcon_core.environment:create_environment_scripts_only(core)
[1.790s] DEBUG:colcon.colcon_core.event_handler.log_command:Invoked command in '/home/cjh/droncon_ws/build/core' returned '0': CMAKE_PREFIX_PATH=${CMAKE_PREFIX_PATH}:/home/cjh/droncon_ws/install/vision_pkg:/home/cjh/realsense_ws/install/realsense2_ros_mqtt_bridge:/home/cjh/nav2_ros2/install/robot_application://home/cjh/nav2_ros2/install/robot_application:/opt/ros/humble /usr/bin/cmake --install /home/cjh/droncon_ws/build/core
[1.807s] Level 1:colcon.colcon_core.environment:checking '/home/cjh/droncon_ws/install/core' for CMake module files
[1.810s] Level 1:colcon.colcon_core.environment:checking '/home/cjh/droncon_ws/install/core' for CMake config files
[1.811s] Level 1:colcon.colcon_core.shell:create_environment_hook('core', 'cmake_prefix_path')
[1.811s] INFO:colcon.colcon_core.shell:Creating environment hook '/home/cjh/droncon_ws/install/core/share/core/hook/cmake_prefix_path.ps1'
[1.812s] INFO:colcon.colcon_core.shell:Creating environment descriptor '/home/cjh/droncon_ws/install/core/share/core/hook/cmake_prefix_path.dsv'
[1.812s] INFO:colcon.colcon_core.shell:Creating environment hook '/home/cjh/droncon_ws/install/core/share/core/hook/cmake_prefix_path.sh'
[1.814s] Level 1:colcon.colcon_core.environment:checking '/home/cjh/droncon_ws/install/core/lib'
[1.814s] Level 1:colcon.colcon_core.environment:checking '/home/cjh/droncon_ws/install/core/bin'
[1.814s] Level 1:colcon.colcon_core.environment:checking '/home/cjh/droncon_ws/install/core/lib/pkgconfig/core.pc'
[1.815s] Level 1:colcon.colcon_core.environment:checking '/home/cjh/droncon_ws/install/core/lib/python3.10/site-packages'
[1.815s] Level 1:colcon.colcon_core.environment:checking '/home/cjh/droncon_ws/install/core/bin'
[1.816s] INFO:colcon.colcon_core.shell:Creating package script '/home/cjh/droncon_ws/install/core/share/core/package.ps1'
[1.820s] INFO:colcon.colcon_core.shell:Creating package descriptor '/home/cjh/droncon_ws/install/core/share/core/package.dsv'
[1.822s] INFO:colcon.colcon_core.shell:Creating package script '/home/cjh/droncon_ws/install/core/share/core/package.sh'
[1.824s] INFO:colcon.colcon_core.shell:Creating package script '/home/cjh/droncon_ws/install/core/share/core/package.bash'
[1.827s] INFO:colcon.colcon_core.shell:Creating package script '/home/cjh/droncon_ws/install/core/share/core/package.zsh'
[1.829s] Level 1:colcon.colcon_core.environment:create_file_with_runtime_dependencies(/home/cjh/droncon_ws/install/core/share/colcon-core/packages/core)
[1.831s] Level 1:colcon.colcon_core.environment:create_environment_scripts_only(core)
[1.831s] Level 1:colcon.colcon_core.environment:checking '/home/cjh/droncon_ws/install/core' for CMake module files
[1.832s] Level 1:colcon.colcon_core.environment:checking '/home/cjh/droncon_ws/install/core' for CMake config files
[1.833s] Level 1:colcon.colcon_core.shell:create_environment_hook('core', 'cmake_prefix_path')
[1.833s] INFO:colcon.colcon_core.shell:Creating environment hook '/home/cjh/droncon_ws/install/core/share/core/hook/cmake_prefix_path.ps1'
[1.835s] INFO:colcon.colcon_core.shell:Creating environment descriptor '/home/cjh/droncon_ws/install/core/share/core/hook/cmake_prefix_path.dsv'
[1.836s] INFO:colcon.colcon_core.shell:Creating environment hook '/home/cjh/droncon_ws/install/core/share/core/hook/cmake_prefix_path.sh'
[1.837s] Level 1:colcon.colcon_core.environment:checking '/home/cjh/droncon_ws/install/core/lib'
[1.837s] Level 1:colcon.colcon_core.environment:checking '/home/cjh/droncon_ws/install/core/bin'
[1.838s] Level 1:colcon.colcon_core.environment:checking '/home/cjh/droncon_ws/install/core/lib/pkgconfig/core.pc'
[1.838s] Level 1:colcon.colcon_core.environment:checking '/home/cjh/droncon_ws/install/core/lib/python3.10/site-packages'
[1.839s] Level 1:colcon.colcon_core.environment:checking '/home/cjh/droncon_ws/install/core/bin'
[1.839s] INFO:colcon.colcon_core.shell:Creating package script '/home/cjh/droncon_ws/install/core/share/core/package.ps1'
[1.841s] INFO:colcon.colcon_core.shell:Creating package descriptor '/home/cjh/droncon_ws/install/core/share/core/package.dsv'
[1.841s] INFO:colcon.colcon_core.shell:Creating package script '/home/cjh/droncon_ws/install/core/share/core/package.sh'
[1.842s] INFO:colcon.colcon_core.shell:Creating package script '/home/cjh/droncon_ws/install/core/share/core/package.bash'
[1.844s] INFO:colcon.colcon_core.shell:Creating package script '/home/cjh/droncon_ws/install/core/share/core/package.zsh'
[1.845s] Level 1:colcon.colcon_core.environment:create_file_with_runtime_dependencies(/home/cjh/droncon_ws/install/core/share/colcon-core/packages/core)
[2.175s] DEBUG:colcon.colcon_core.event_handler.log_command:Invoked command in '/home/cjh/droncon_ws/build/vision_interfaces' returned '0': CMAKE_PREFIX_PATH=${CMAKE_PREFIX_PATH}:/home/cjh/droncon_ws/install/vision_pkg:/home/cjh/realsense_ws/install/realsense2_ros_mqtt_bridge:/home/cjh/nav2_ros2/install/robot_application://home/cjh/nav2_ros2/install/robot_application:/opt/ros/humble /usr/bin/cmake --build /home/cjh/droncon_ws/build/vision_interfaces -- -j16 -l16
[2.182s] DEBUG:colcon.colcon_core.event_handler.log_command:Invoking command in '/home/cjh/droncon_ws/build/vision_interfaces': CMAKE_PREFIX_PATH=${CMAKE_PREFIX_PATH}:/home/cjh/droncon_ws/install/vision_pkg:/home/cjh/realsense_ws/install/realsense2_ros_mqtt_bridge:/home/cjh/nav2_ros2/install/robot_application://home/cjh/nav2_ros2/install/robot_application:/opt/ros/humble /usr/bin/cmake --install /home/cjh/droncon_ws/build/vision_interfaces
[2.370s] Level 1:colcon.colcon_core.environment:create_environment_scripts_only(vision_interfaces)
[2.371s] Level 1:colcon.colcon_core.environment:checking '/home/cjh/droncon_ws/install/vision_interfaces' for CMake module files
[2.372s] DEBUG:colcon.colcon_core.event_handler.log_command:Invoked command in '/home/cjh/droncon_ws/build/vision_interfaces' returned '0': CMAKE_PREFIX_PATH=${CMAKE_PREFIX_PATH}:/home/cjh/droncon_ws/install/vision_pkg:/home/cjh/realsense_ws/install/realsense2_ros_mqtt_bridge:/home/cjh/nav2_ros2/install/robot_application://home/cjh/nav2_ros2/install/robot_application:/opt/ros/humble /usr/bin/cmake --install /home/cjh/droncon_ws/build/vision_interfaces
[2.374s] Level 1:colcon.colcon_core.environment:checking '/home/cjh/droncon_ws/install/vision_interfaces' for CMake config files
[2.375s] Level 1:colcon.colcon_core.shell:create_environment_hook('vision_interfaces', 'cmake_prefix_path')
[2.375s] INFO:colcon.colcon_core.shell:Creating environment hook '/home/cjh/droncon_ws/install/vision_interfaces/share/vision_interfaces/hook/cmake_prefix_path.ps1'
[2.377s] INFO:colcon.colcon_core.shell:Creating environment descriptor '/home/cjh/droncon_ws/install/vision_interfaces/share/vision_interfaces/hook/cmake_prefix_path.dsv'
[2.378s] INFO:colcon.colcon_core.shell:Creating environment hook '/home/cjh/droncon_ws/install/vision_interfaces/share/vision_interfaces/hook/cmake_prefix_path.sh'
[2.379s] Level 1:colcon.colcon_core.environment:checking '/home/cjh/droncon_ws/install/vision_interfaces/lib'
[2.380s] Level 1:colcon.colcon_core.shell:create_environment_hook('vision_interfaces', 'ld_library_path_lib')
[2.380s] INFO:colcon.colcon_core.shell:Creating environment hook '/home/cjh/droncon_ws/install/vision_interfaces/share/vision_interfaces/hook/ld_library_path_lib.ps1'
[2.381s] INFO:colcon.colcon_core.shell:Creating environment descriptor '/home/cjh/droncon_ws/install/vision_interfaces/share/vision_interfaces/hook/ld_library_path_lib.dsv'
[2.382s] INFO:colcon.colcon_core.shell:Creating environment hook '/home/cjh/droncon_ws/install/vision_interfaces/share/vision_interfaces/hook/ld_library_path_lib.sh'
[2.383s] Level 1:colcon.colcon_core.environment:checking '/home/cjh/droncon_ws/install/vision_interfaces/bin'
[2.384s] Level 1:colcon.colcon_core.environment:checking '/home/cjh/droncon_ws/install/vision_interfaces/lib/pkgconfig/vision_interfaces.pc'
[2.384s] Level 1:colcon.colcon_core.environment:checking '/home/cjh/droncon_ws/install/vision_interfaces/lib/python3.10/site-packages'
[2.385s] Level 1:colcon.colcon_core.environment:checking '/home/cjh/droncon_ws/install/vision_interfaces/bin'
[2.386s] INFO:colcon.colcon_core.shell:Creating package script '/home/cjh/droncon_ws/install/vision_interfaces/share/vision_interfaces/package.ps1'
[2.387s] INFO:colcon.colcon_core.shell:Creating package descriptor '/home/cjh/droncon_ws/install/vision_interfaces/share/vision_interfaces/package.dsv'
[2.389s] INFO:colcon.colcon_core.shell:Creating package script '/home/cjh/droncon_ws/install/vision_interfaces/share/vision_interfaces/package.sh'
[2.391s] INFO:colcon.colcon_core.shell:Creating package script '/home/cjh/droncon_ws/install/vision_interfaces/share/vision_interfaces/package.bash'
[2.392s] INFO:colcon.colcon_core.shell:Creating package script '/home/cjh/droncon_ws/install/vision_interfaces/share/vision_interfaces/package.zsh'
[2.392s] Level 1:colcon.colcon_core.environment:create_file_with_runtime_dependencies(/home/cjh/droncon_ws/install/vision_interfaces/share/colcon-core/packages/vision_interfaces)
[2.394s] Level 1:colcon.colcon_core.environment:create_environment_scripts_only(vision_interfaces)
[2.394s] Level 1:colcon.colcon_core.environment:checking '/home/cjh/droncon_ws/install/vision_interfaces' for CMake module files
[2.396s] Level 1:colcon.colcon_core.environment:checking '/home/cjh/droncon_ws/install/vision_interfaces' for CMake config files
[2.397s] Level 1:colcon.colcon_core.shell:create_environment_hook('vision_interfaces', 'cmake_prefix_path')
[2.398s] INFO:colcon.colcon_core.shell:Creating environment hook '/home/cjh/droncon_ws/install/vision_interfaces/share/vision_interfaces/hook/cmake_prefix_path.ps1'
[2.399s] INFO:colcon.colcon_core.shell:Creating environment descriptor '/home/cjh/droncon_ws/install/vision_interfaces/share/vision_interfaces/hook/cmake_prefix_path.dsv'
[2.400s] INFO:colcon.colcon_core.shell:Creating environment hook '/home/cjh/droncon_ws/install/vision_interfaces/share/vision_interfaces/hook/cmake_prefix_path.sh'
[2.401s] Level 1:colcon.colcon_core.environment:checking '/home/cjh/droncon_ws/install/vision_interfaces/lib'
[2.402s] Level 1:colcon.colcon_core.shell:create_environment_hook('vision_interfaces', 'ld_library_path_lib')
[2.402s] INFO:colcon.colcon_core.shell:Creating environment hook '/home/cjh/droncon_ws/install/vision_interfaces/share/vision_interfaces/hook/ld_library_path_lib.ps1'
[2.403s] INFO:colcon.colcon_core.shell:Creating environment descriptor '/home/cjh/droncon_ws/install/vision_interfaces/share/vision_interfaces/hook/ld_library_path_lib.dsv'
[2.404s] INFO:colcon.colcon_core.shell:Creating environment hook '/home/cjh/droncon_ws/install/vision_interfaces/share/vision_interfaces/hook/ld_library_path_lib.sh'
[2.405s] Level 1:colcon.colcon_core.environment:checking '/home/cjh/droncon_ws/install/vision_interfaces/bin'
[2.405s] Level 1:colcon.colcon_core.environment:checking '/home/cjh/droncon_ws/install/vision_interfaces/lib/pkgconfig/vision_interfaces.pc'
[2.406s] Level 1:colcon.colcon_core.environment:checking '/home/cjh/droncon_ws/install/vision_interfaces/lib/python3.10/site-packages'
[2.406s] Level 1:colcon.colcon_core.environment:checking '/home/cjh/droncon_ws/install/vision_interfaces/bin'
[2.407s] INFO:colcon.colcon_core.shell:Creating package script '/home/cjh/droncon_ws/install/vision_interfaces/share/vision_interfaces/package.ps1'
[2.409s] INFO:colcon.colcon_core.shell:Creating package descriptor '/home/cjh/droncon_ws/install/vision_interfaces/share/vision_interfaces/package.dsv'
[2.411s] INFO:colcon.colcon_core.shell:Creating package script '/home/cjh/droncon_ws/install/vision_interfaces/share/vision_interfaces/package.sh'
[2.414s] INFO:colcon.colcon_core.shell:Creating package script '/home/cjh/droncon_ws/install/vision_interfaces/share/vision_interfaces/package.bash'
[2.416s] INFO:colcon.colcon_core.shell:Creating package script '/home/cjh/droncon_ws/install/vision_interfaces/share/vision_interfaces/package.zsh'
[2.417s] Level 1:colcon.colcon_core.environment:create_file_with_runtime_dependencies(/home/cjh/droncon_ws/install/vision_interfaces/share/colcon-core/packages/vision_interfaces)
[3.068s] DEBUG:colcon.colcon_core.event_handler.log_command:Invoking command in '/home/cjh/droncon_ws/src/vision_pkg': PYTHONPATH=/home/cjh/droncon_ws/build/vision_pkg/prefix_override:/usr/lib/python3/dist-packages/colcon_core/task/python/colcon_distutils_commands:/home/cjh/droncon_ws/install/vision_pkg/lib/python3.10/site-packages:${PYTHONPATH} /usr/bin/python3 -W ignore:setup.py install is deprecated -W ignore:easy_install command is deprecated setup.py egg_info --egg-base ../../build/vision_pkg build --build-base /home/cjh/droncon_ws/build/vision_pkg/build install --record /home/cjh/droncon_ws/build/vision_pkg/install.log --single-version-externally-managed install_data
[3.857s] Level 1:colcon.colcon_core.environment:checking '/home/cjh/droncon_ws/install/vision_pkg' for CMake module files
[3.859s] DEBUG:colcon.colcon_core.event_handler.log_command:Invoked command in '/home/cjh/droncon_ws/src/vision_pkg' returned '0': PYTHONPATH=/home/cjh/droncon_ws/build/vision_pkg/prefix_override:/usr/lib/python3/dist-packages/colcon_core/task/python/colcon_distutils_commands:/home/cjh/droncon_ws/install/vision_pkg/lib/python3.10/site-packages:${PYTHONPATH} /usr/bin/python3 -W ignore:setup.py install is deprecated -W ignore:easy_install command is deprecated setup.py egg_info --egg-base ../../build/vision_pkg build --build-base /home/cjh/droncon_ws/build/vision_pkg/build install --record /home/cjh/droncon_ws/build/vision_pkg/install.log --single-version-externally-managed install_data
[3.860s] Level 1:colcon.colcon_core.environment:checking '/home/cjh/droncon_ws/install/vision_pkg' for CMake config files
[3.863s] Level 1:colcon.colcon_core.environment:checking '/home/cjh/droncon_ws/install/vision_pkg/lib'
[3.863s] Level 1:colcon.colcon_core.environment:checking '/home/cjh/droncon_ws/install/vision_pkg/bin'
[3.863s] Level 1:colcon.colcon_core.environment:checking '/home/cjh/droncon_ws/install/vision_pkg/lib/pkgconfig/vision_pkg.pc'
[3.864s] Level 1:colcon.colcon_core.environment:checking '/home/cjh/droncon_ws/install/vision_pkg/lib/python3.10/site-packages'
[3.864s] Level 1:colcon.colcon_core.shell:create_environment_hook('vision_pkg', 'pythonpath')
[3.864s] INFO:colcon.colcon_core.shell:Creating environment hook '/home/cjh/droncon_ws/install/vision_pkg/share/vision_pkg/hook/pythonpath.ps1'
[3.866s] INFO:colcon.colcon_core.shell:Creating environment descriptor '/home/cjh/droncon_ws/install/vision_pkg/share/vision_pkg/hook/pythonpath.dsv'
[3.867s] INFO:colcon.colcon_core.shell:Creating environment hook '/home/cjh/droncon_ws/install/vision_pkg/share/vision_pkg/hook/pythonpath.sh'
[3.869s] Level 1:colcon.colcon_core.environment:checking '/home/cjh/droncon_ws/install/vision_pkg/bin'
[3.870s] Level 1:colcon.colcon_core.environment:create_environment_scripts_only(vision_pkg)
[3.870s] INFO:colcon.colcon_core.shell:Creating package script '/home/cjh/droncon_ws/install/vision_pkg/share/vision_pkg/package.ps1'
[3.871s] INFO:colcon.colcon_core.shell:Creating package descriptor '/home/cjh/droncon_ws/install/vision_pkg/share/vision_pkg/package.dsv'
[3.873s] INFO:colcon.colcon_core.shell:Creating package script '/home/cjh/droncon_ws/install/vision_pkg/share/vision_pkg/package.sh'
[3.874s] INFO:colcon.colcon_core.shell:Creating package script '/home/cjh/droncon_ws/install/vision_pkg/share/vision_pkg/package.bash'
[3.875s] INFO:colcon.colcon_core.shell:Creating package script '/home/cjh/droncon_ws/install/vision_pkg/share/vision_pkg/package.zsh'
[3.876s] Level 1:colcon.colcon_core.environment:create_file_with_runtime_dependencies(/home/cjh/droncon_ws/install/vision_pkg/share/colcon-core/packages/vision_pkg)
[3.878s] DEBUG:colcon.colcon_parallel_executor.executor.parallel:closing loop
[3.879s] DEBUG:colcon.colcon_parallel_executor.executor.parallel:loop closed
[3.881s] DEBUG:colcon.colcon_parallel_executor.executor.parallel:run_until_complete finished with '0'
[3.882s] DEBUG:colcon.colcon_core.event_reactor:joining thread
[3.901s] INFO:colcon.colcon_core.plugin_system:Skipping extension 'colcon_notification.desktop_notification.terminal_notifier': Not used on non-Darwin systems
[3.902s] INFO:colcon.colcon_core.plugin_system:Skipping extension 'colcon_notification.desktop_notification.win32': Not used on non-Windows systems
[3.902s] INFO:colcon.colcon_notification.desktop_notification:Sending desktop notification using 'notify2'
[3.946s] DEBUG:colcon.colcon_core.event_reactor:joined thread
[3.947s] INFO:colcon.colcon_core.shell:Creating prefix script '/home/cjh/droncon_ws/install/local_setup.ps1'
[3.951s] INFO:colcon.colcon_core.shell:Creating prefix util module '/home/cjh/droncon_ws/install/_local_setup_util_ps1.py'
[3.954s] INFO:colcon.colcon_core.shell:Creating prefix chain script '/home/cjh/droncon_ws/install/setup.ps1'
[3.958s] INFO:colcon.colcon_core.shell:Creating prefix script '/home/cjh/droncon_ws/install/local_setup.sh'
[3.960s] INFO:colcon.colcon_core.shell:Creating prefix util module '/home/cjh/droncon_ws/install/_local_setup_util_sh.py'
[3.962s] INFO:colcon.colcon_core.shell:Creating prefix chain script '/home/cjh/droncon_ws/install/setup.sh'
[3.968s] INFO:colcon.colcon_core.shell:Creating prefix script '/home/cjh/droncon_ws/install/local_setup.bash'
[3.969s] INFO:colcon.colcon_core.shell:Creating prefix chain script '/home/cjh/droncon_ws/install/setup.bash'
[3.975s] INFO:colcon.colcon_core.shell:Creating prefix script '/home/cjh/droncon_ws/install/local_setup.zsh'
[3.977s] INFO:colcon.colcon_core.shell:Creating prefix chain script '/home/cjh/droncon_ws/install/setup.zsh'
