[0.306s] DEBUG:colcon:Command line arguments: ['/usr/bin/colcon', 'build']
[0.307s] DEBUG:colcon:Parsed command line arguments: Namespace(log_base=None, log_level=None, verb_name='build', build_base='build', install_base='install', merge_install=False, symlink_install=False, test_result_base=None, continue_on_error=False, executor='parallel', parallel_workers=16, event_handlers=None, ignore_user_meta=False, metas=['./colcon.meta'], base_paths=['.'], packages_ignore=None, packages_ignore_regex=None, paths=None, packages_up_to=None, packages_up_to_regex=None, packages_above=None, packages_above_and_dependencies=None, packages_above_depth=None, packages_select_by_dep=None, packages_skip_by_dep=None, packages_skip_up_to=None, packages_select_build_failed=False, packages_skip_build_finished=False, packages_select_test_failures=False, packages_skip_test_passed=False, packages_select=None, packages_skip=None, packages_select_regex=None, packages_skip_regex=None, packages_start=None, packages_end=None, allow_overriding=[], cmake_args=None, cmake_target=None, cmake_target_skip_unavailable=False, cmake_clean_cache=False, cmake_clean_first=False, cmake_force_configure=False, ament_cmake_args=None, catkin_cmake_args=None, catkin_skip_building_tests=False, verb_parser=<colcon_defaults.argument_parser.defaults.DefaultArgumentsDecorator object at 0x71ecf9c6aaa0>, verb_extension=<colcon_core.verb.build.BuildVerb object at 0x71ecf9c6a650>, main=<bound method BuildVerb.main of <colcon_core.verb.build.BuildVerb object at 0x71ecf9c6a650>>)
[0.744s] Level 1:colcon.colcon_core.package_discovery:discover_packages(colcon_meta) check parameters
[0.744s] Level 1:colcon.colcon_core.package_discovery:discover_packages(recursive) check parameters
[0.744s] Level 1:colcon.colcon_core.package_discovery:discover_packages(ignore) check parameters
[0.744s] Level 1:colcon.colcon_core.package_discovery:discover_packages(path) check parameters
[0.745s] Level 1:colcon.colcon_core.package_discovery:discover_packages(colcon_meta) discover
[0.745s] Level 1:colcon.colcon_core.package_discovery:discover_packages(recursive) discover
[0.745s] INFO:colcon.colcon_core.package_discovery:Crawling recursively for packages in '/home/cjh/droncon_ws'
[0.745s] Level 1:colcon.colcon_core.package_identification:_identify(.) by extensions ['ignore', 'ignore_ament_install']
[0.745s] Level 1:colcon.colcon_core.package_identification:_identify(.) by extension 'ignore'
[0.746s] Level 1:colcon.colcon_core.package_identification:_identify(.) by extension 'ignore_ament_install'
[0.746s] Level 1:colcon.colcon_core.package_identification:_identify(.) by extensions ['colcon_pkg']
[0.746s] Level 1:colcon.colcon_core.package_identification:_identify(.) by extension 'colcon_pkg'
[0.746s] Level 1:colcon.colcon_core.package_identification:_identify(.) by extensions ['colcon_meta']
[0.746s] Level 1:colcon.colcon_core.package_identification:_identify(.) by extension 'colcon_meta'
[0.746s] Level 1:colcon.colcon_core.package_identification:_identify(.) by extensions ['ros']
[0.747s] Level 1:colcon.colcon_core.package_identification:_identify(.) by extension 'ros'
[0.771s] Level 1:colcon.colcon_core.package_identification:_identify(.) by extensions ['cmake', 'python']
[0.772s] Level 1:colcon.colcon_core.package_identification:_identify(.) by extension 'cmake'
[0.772s] Level 1:colcon.colcon_core.package_identification:_identify(.) by extension 'python'
[0.772s] Level 1:colcon.colcon_core.package_identification:_identify(.) by extensions ['python_setup_py']
[0.772s] Level 1:colcon.colcon_core.package_identification:_identify(.) by extension 'python_setup_py'
[0.772s] Level 1:colcon.colcon_core.package_identification:_identify(build) by extensions ['ignore', 'ignore_ament_install']
[0.772s] Level 1:colcon.colcon_core.package_identification:_identify(build) by extension 'ignore'
[0.772s] Level 1:colcon.colcon_core.package_identification:_identify(build) ignored
[0.772s] Level 1:colcon.colcon_core.package_identification:_identify(install) by extensions ['ignore', 'ignore_ament_install']
[0.772s] Level 1:colcon.colcon_core.package_identification:_identify(install) by extension 'ignore'
[0.772s] Level 1:colcon.colcon_core.package_identification:_identify(install) ignored
[0.773s] Level 1:colcon.colcon_core.package_identification:_identify(log) by extensions ['ignore', 'ignore_ament_install']
[0.773s] Level 1:colcon.colcon_core.package_identification:_identify(log) by extension 'ignore'
[0.773s] Level 1:colcon.colcon_core.package_identification:_identify(log) ignored
[0.773s] Level 1:colcon.colcon_core.package_identification:_identify(src) by extensions ['ignore', 'ignore_ament_install']
[0.773s] Level 1:colcon.colcon_core.package_identification:_identify(src) by extension 'ignore'
[0.774s] Level 1:colcon.colcon_core.package_identification:_identify(src) by extension 'ignore_ament_install'
[0.774s] Level 1:colcon.colcon_core.package_identification:_identify(src) by extensions ['colcon_pkg']
[0.774s] Level 1:colcon.colcon_core.package_identification:_identify(src) by extension 'colcon_pkg'
[0.774s] Level 1:colcon.colcon_core.package_identification:_identify(src) by extensions ['colcon_meta']
[0.774s] Level 1:colcon.colcon_core.package_identification:_identify(src) by extension 'colcon_meta'
[0.774s] Level 1:colcon.colcon_core.package_identification:_identify(src) by extensions ['ros']
[0.774s] Level 1:colcon.colcon_core.package_identification:_identify(src) by extension 'ros'
[0.775s] Level 1:colcon.colcon_core.package_identification:_identify(src) by extensions ['cmake', 'python']
[0.775s] Level 1:colcon.colcon_core.package_identification:_identify(src) by extension 'cmake'
[0.775s] Level 1:colcon.colcon_core.package_identification:_identify(src) by extension 'python'
[0.775s] Level 1:colcon.colcon_core.package_identification:_identify(src) by extensions ['python_setup_py']
[0.775s] Level 1:colcon.colcon_core.package_identification:_identify(src) by extension 'python_setup_py'
[0.775s] Level 1:colcon.colcon_core.package_identification:_identify(src/core) by extensions ['ignore', 'ignore_ament_install']
[0.776s] Level 1:colcon.colcon_core.package_identification:_identify(src/core) by extension 'ignore'
[0.776s] Level 1:colcon.colcon_core.package_identification:_identify(src/core) by extension 'ignore_ament_install'
[0.776s] Level 1:colcon.colcon_core.package_identification:_identify(src/core) by extensions ['colcon_pkg']
[0.776s] Level 1:colcon.colcon_core.package_identification:_identify(src/core) by extension 'colcon_pkg'
[0.776s] Level 1:colcon.colcon_core.package_identification:_identify(src/core) by extensions ['colcon_meta']
[0.776s] Level 1:colcon.colcon_core.package_identification:_identify(src/core) by extension 'colcon_meta'
[0.777s] Level 1:colcon.colcon_core.package_identification:_identify(src/core) by extensions ['ros']
[0.777s] Level 1:colcon.colcon_core.package_identification:_identify(src/core) by extension 'ros'
[0.783s] DEBUG:colcon.colcon_core.package_identification:Package 'src/core' with type 'ros.ament_cmake' and name 'core'
[0.783s] Level 1:colcon.colcon_core.package_identification:_identify(src/vision_interfaces) by extensions ['ignore', 'ignore_ament_install']
[0.783s] Level 1:colcon.colcon_core.package_identification:_identify(src/vision_interfaces) by extension 'ignore'
[0.783s] Level 1:colcon.colcon_core.package_identification:_identify(src/vision_interfaces) by extension 'ignore_ament_install'
[0.783s] Level 1:colcon.colcon_core.package_identification:_identify(src/vision_interfaces) by extensions ['colcon_pkg']
[0.783s] Level 1:colcon.colcon_core.package_identification:_identify(src/vision_interfaces) by extension 'colcon_pkg'
[0.783s] Level 1:colcon.colcon_core.package_identification:_identify(src/vision_interfaces) by extensions ['colcon_meta']
[0.783s] Level 1:colcon.colcon_core.package_identification:_identify(src/vision_interfaces) by extension 'colcon_meta'
[0.784s] Level 1:colcon.colcon_core.package_identification:_identify(src/vision_interfaces) by extensions ['ros']
[0.784s] Level 1:colcon.colcon_core.package_identification:_identify(src/vision_interfaces) by extension 'ros'
[0.784s] DEBUG:colcon.colcon_core.package_identification:Package 'src/vision_interfaces' with type 'ros.ament_cmake' and name 'vision_interfaces'
[0.785s] Level 1:colcon.colcon_core.package_identification:_identify(src/vision_pkg) by extensions ['ignore', 'ignore_ament_install']
[0.785s] Level 1:colcon.colcon_core.package_identification:_identify(src/vision_pkg) by extension 'ignore'
[0.785s] Level 1:colcon.colcon_core.package_identification:_identify(src/vision_pkg) by extension 'ignore_ament_install'
[0.785s] Level 1:colcon.colcon_core.package_identification:_identify(src/vision_pkg) by extensions ['colcon_pkg']
[0.786s] Level 1:colcon.colcon_core.package_identification:_identify(src/vision_pkg) by extension 'colcon_pkg'
[0.786s] Level 1:colcon.colcon_core.package_identification:_identify(src/vision_pkg) by extensions ['colcon_meta']
[0.786s] Level 1:colcon.colcon_core.package_identification:_identify(src/vision_pkg) by extension 'colcon_meta'
[0.786s] Level 1:colcon.colcon_core.package_identification:_identify(src/vision_pkg) by extensions ['ros']
[0.786s] Level 1:colcon.colcon_core.package_identification:_identify(src/vision_pkg) by extension 'ros'
[0.787s] DEBUG:colcon.colcon_core.package_identification:Package 'src/vision_pkg' with type 'ros.ament_python' and name 'vision_pkg'
[0.787s] Level 1:colcon.colcon_core.package_discovery:discover_packages(recursive) using defaults
[0.787s] Level 1:colcon.colcon_core.package_discovery:discover_packages(ignore) discover
[0.788s] Level 1:colcon.colcon_core.package_discovery:discover_packages(ignore) using defaults
[0.788s] Level 1:colcon.colcon_core.package_discovery:discover_packages(path) discover
[0.788s] Level 1:colcon.colcon_core.package_discovery:discover_packages(path) using defaults
[0.850s] Level 1:colcon.colcon_core.package_discovery:discover_packages(prefix_path) check parameters
[0.850s] Level 1:colcon.colcon_core.package_discovery:discover_packages(prefix_path) discover
[0.874s] DEBUG:colcon.colcon_installed_package_information.package_discovery:Found 1 installed packages in /home/cjh/oradar_ws/install
[0.875s] DEBUG:colcon.colcon_installed_package_information.package_discovery:Found 2 installed packages in //home/cjh/pluginlib_ws/install
[0.875s] DEBUG:colcon.colcon_installed_package_information.package_discovery:Found 4 installed packages in //home/cjh/nav2_ros2/install
[0.877s] DEBUG:colcon.colcon_installed_package_information.package_discovery:Found 5 installed packages in /home/cjh/realsense_ws/install
[0.878s] DEBUG:colcon.colcon_installed_package_information.package_discovery:Found 3 installed packages in /home/cjh/droncon_ws/install
[0.880s] DEBUG:colcon.colcon_installed_package_information.package_discovery:Found 2 installed packages in /home/cjh/px4_control/install
[0.881s] DEBUG:colcon.colcon_installed_package_information.package_discovery:Found 1 installed packages in /home/cjh/pcl_test/install
[0.881s] DEBUG:colcon.colcon_installed_package_information.package_discovery:Found 2 installed packages in /home/cjh/pluginlib_ws/install
[0.882s] DEBUG:colcon.colcon_installed_package_information.package_discovery:Found 4 installed packages in /home/cjh/nav2_ros2/install
[0.888s] DEBUG:colcon.colcon_installed_package_information.package_discovery:Found 464 installed packages in /opt/ros/humble
[0.893s] Level 1:colcon.colcon_core.package_discovery:discover_packages(prefix_path) using defaults
[1.101s] Level 5:colcon.colcon_core.verb:set package 'core' build argument 'cmake_args' from command line to 'None'
[1.101s] Level 5:colcon.colcon_core.verb:set package 'core' build argument 'cmake_target' from command line to 'None'
[1.101s] Level 5:colcon.colcon_core.verb:set package 'core' build argument 'cmake_target_skip_unavailable' from command line to 'False'
[1.101s] Level 5:colcon.colcon_core.verb:set package 'core' build argument 'cmake_clean_cache' from command line to 'False'
[1.101s] Level 5:colcon.colcon_core.verb:set package 'core' build argument 'cmake_clean_first' from command line to 'False'
[1.101s] Level 5:colcon.colcon_core.verb:set package 'core' build argument 'cmake_force_configure' from command line to 'False'
[1.101s] Level 5:colcon.colcon_core.verb:set package 'core' build argument 'ament_cmake_args' from command line to 'None'
[1.101s] Level 5:colcon.colcon_core.verb:set package 'core' build argument 'catkin_cmake_args' from command line to 'None'
[1.101s] Level 5:colcon.colcon_core.verb:set package 'core' build argument 'catkin_skip_building_tests' from command line to 'False'
[1.101s] DEBUG:colcon.colcon_core.verb:Building package 'core' with the following arguments: {'ament_cmake_args': None, 'build_base': '/home/cjh/droncon_ws/build/core', 'catkin_cmake_args': None, 'catkin_skip_building_tests': False, 'cmake_args': None, 'cmake_clean_cache': False, 'cmake_clean_first': False, 'cmake_force_configure': False, 'cmake_target': None, 'cmake_target_skip_unavailable': False, 'install_base': '/home/cjh/droncon_ws/install/core', 'merge_install': False, 'path': '/home/cjh/droncon_ws/src/core', 'symlink_install': False, 'test_result_base': None}
[1.101s] Level 5:colcon.colcon_core.verb:set package 'vision_interfaces' build argument 'cmake_args' from command line to 'None'
[1.101s] Level 5:colcon.colcon_core.verb:set package 'vision_interfaces' build argument 'cmake_target' from command line to 'None'
[1.101s] Level 5:colcon.colcon_core.verb:set package 'vision_interfaces' build argument 'cmake_target_skip_unavailable' from command line to 'False'
[1.102s] Level 5:colcon.colcon_core.verb:set package 'vision_interfaces' build argument 'cmake_clean_cache' from command line to 'False'
[1.102s] Level 5:colcon.colcon_core.verb:set package 'vision_interfaces' build argument 'cmake_clean_first' from command line to 'False'
[1.102s] Level 5:colcon.colcon_core.verb:set package 'vision_interfaces' build argument 'cmake_force_configure' from command line to 'False'
[1.102s] Level 5:colcon.colcon_core.verb:set package 'vision_interfaces' build argument 'ament_cmake_args' from command line to 'None'
[1.102s] Level 5:colcon.colcon_core.verb:set package 'vision_interfaces' build argument 'catkin_cmake_args' from command line to 'None'
[1.102s] Level 5:colcon.colcon_core.verb:set package 'vision_interfaces' build argument 'catkin_skip_building_tests' from command line to 'False'
[1.102s] DEBUG:colcon.colcon_core.verb:Building package 'vision_interfaces' with the following arguments: {'ament_cmake_args': None, 'build_base': '/home/cjh/droncon_ws/build/vision_interfaces', 'catkin_cmake_args': None, 'catkin_skip_building_tests': False, 'cmake_args': None, 'cmake_clean_cache': False, 'cmake_clean_first': False, 'cmake_force_configure': False, 'cmake_target': None, 'cmake_target_skip_unavailable': False, 'install_base': '/home/cjh/droncon_ws/install/vision_interfaces', 'merge_install': False, 'path': '/home/cjh/droncon_ws/src/vision_interfaces', 'symlink_install': False, 'test_result_base': None}
[1.102s] Level 5:colcon.colcon_core.verb:set package 'vision_pkg' build argument 'cmake_args' from command line to 'None'
[1.102s] Level 5:colcon.colcon_core.verb:set package 'vision_pkg' build argument 'cmake_target' from command line to 'None'
[1.102s] Level 5:colcon.colcon_core.verb:set package 'vision_pkg' build argument 'cmake_target_skip_unavailable' from command line to 'False'
[1.102s] Level 5:colcon.colcon_core.verb:set package 'vision_pkg' build argument 'cmake_clean_cache' from command line to 'False'
[1.103s] Level 5:colcon.colcon_core.verb:set package 'vision_pkg' build argument 'cmake_clean_first' from command line to 'False'
[1.103s] Level 5:colcon.colcon_core.verb:set package 'vision_pkg' build argument 'cmake_force_configure' from command line to 'False'
[1.103s] Level 5:colcon.colcon_core.verb:set package 'vision_pkg' build argument 'ament_cmake_args' from command line to 'None'
[1.103s] Level 5:colcon.colcon_core.verb:set package 'vision_pkg' build argument 'catkin_cmake_args' from command line to 'None'
[1.103s] Level 5:colcon.colcon_core.verb:set package 'vision_pkg' build argument 'catkin_skip_building_tests' from command line to 'False'
[1.103s] DEBUG:colcon.colcon_core.verb:Building package 'vision_pkg' with the following arguments: {'ament_cmake_args': None, 'build_base': '/home/cjh/droncon_ws/build/vision_pkg', 'catkin_cmake_args': None, 'catkin_skip_building_tests': False, 'cmake_args': None, 'cmake_clean_cache': False, 'cmake_clean_first': False, 'cmake_force_configure': False, 'cmake_target': None, 'cmake_target_skip_unavailable': False, 'install_base': '/home/cjh/droncon_ws/install/vision_pkg', 'merge_install': False, 'path': '/home/cjh/droncon_ws/src/vision_pkg', 'symlink_install': False, 'test_result_base': None}
[1.103s] INFO:colcon.colcon_core.executor:Executing jobs using 'parallel' executor
[1.106s] DEBUG:colcon.colcon_parallel_executor.executor.parallel:run_until_complete
[1.107s] INFO:colcon.colcon_ros.task.ament_cmake.build:Building ROS package in '/home/cjh/droncon_ws/src/core' with build type 'ament_cmake'
[1.107s] INFO:colcon.colcon_cmake.task.cmake.build:Building CMake package in '/home/cjh/droncon_ws/src/core'
[1.135s] INFO:colcon.colcon_core.plugin_system:Skipping extension 'colcon_core.shell.bat': Not used on non-Windows systems
[1.136s] INFO:colcon.colcon_core.shell:Skip shell extension 'powershell' for command environment: Not usable outside of PowerShell
[1.137s] DEBUG:colcon.colcon_core.shell:Skip shell extension 'dsv' for command environment
[1.158s] INFO:colcon.colcon_ros.task.ament_cmake.build:Building ROS package in '/home/cjh/droncon_ws/src/vision_interfaces' with build type 'ament_cmake'
[1.159s] INFO:colcon.colcon_cmake.task.cmake.build:Building CMake package in '/home/cjh/droncon_ws/src/vision_interfaces'
[1.160s] INFO:colcon.colcon_core.shell:Skip shell extension 'powershell' for command environment: Not usable outside of PowerShell
[1.160s] DEBUG:colcon.colcon_core.shell:Skip shell extension 'dsv' for command environment
[1.178s] INFO:colcon.colcon_ros.task.ament_python.build:Building ROS package in '/home/cjh/droncon_ws/src/vision_pkg' with build type 'ament_python'
[1.178s] Level 1:colcon.colcon_core.shell:create_environment_hook('vision_pkg', 'ament_prefix_path')
[1.179s] INFO:colcon.colcon_core.shell:Creating environment hook '/home/cjh/droncon_ws/install/vision_pkg/share/vision_pkg/hook/ament_prefix_path.ps1'
[1.182s] INFO:colcon.colcon_core.shell:Creating environment descriptor '/home/cjh/droncon_ws/install/vision_pkg/share/vision_pkg/hook/ament_prefix_path.dsv'
[1.184s] INFO:colcon.colcon_core.shell:Creating environment hook '/home/cjh/droncon_ws/install/vision_pkg/share/vision_pkg/hook/ament_prefix_path.sh'
[1.187s] INFO:colcon.colcon_core.shell:Skip shell extension 'powershell' for command environment: Not usable outside of PowerShell
[1.187s] DEBUG:colcon.colcon_core.shell:Skip shell extension 'dsv' for command environment
[1.227s] DEBUG:colcon.colcon_core.event_handler.log_command:Invoking command in '/home/cjh/droncon_ws/build/core': CMAKE_PREFIX_PATH=${CMAKE_PREFIX_PATH}:/home/cjh/droncon_ws/install/vision_pkg:/home/cjh/realsense_ws/install/realsense2_ros_mqtt_bridge:/home/cjh/nav2_ros2/install/robot_application://home/cjh/nav2_ros2/install/robot_application:/opt/ros/humble /usr/bin/cmake --build /home/cjh/droncon_ws/build/core -- -j16 -l16
[1.266s] DEBUG:colcon.colcon_core.event_handler.log_command:Invoking command in '/home/cjh/droncon_ws/build/vision_interfaces': CMAKE_PREFIX_PATH=${CMAKE_PREFIX_PATH}:/home/cjh/droncon_ws/install/vision_pkg:/home/cjh/realsense_ws/install/realsense2_ros_mqtt_bridge:/home/cjh/nav2_ros2/install/robot_application://home/cjh/nav2_ros2/install/robot_application:/opt/ros/humble /usr/bin/cmake --build /home/cjh/droncon_ws/build/vision_interfaces -- -j16 -l16
[2.051s] INFO:colcon.colcon_core.task.python.build:Building Python package in '/home/cjh/droncon_ws/src/vision_pkg'
[2.052s] INFO:colcon.colcon_core.shell:Skip shell extension 'powershell' for command environment: Not usable outside of PowerShell
[2.052s] DEBUG:colcon.colcon_core.shell:Skip shell extension 'dsv' for command environment
[2.076s] DEBUG:colcon.colcon_core.event_handler.log_command:Invoked command in '/home/cjh/droncon_ws/build/core' returned '0': CMAKE_PREFIX_PATH=${CMAKE_PREFIX_PATH}:/home/cjh/droncon_ws/install/vision_pkg:/home/cjh/realsense_ws/install/realsense2_ros_mqtt_bridge:/home/cjh/nav2_ros2/install/robot_application://home/cjh/nav2_ros2/install/robot_application:/opt/ros/humble /usr/bin/cmake --build /home/cjh/droncon_ws/build/core -- -j16 -l16
[2.115s] DEBUG:colcon.colcon_core.event_handler.log_command:Invoking command in '/home/cjh/droncon_ws/build/core': CMAKE_PREFIX_PATH=${CMAKE_PREFIX_PATH}:/home/cjh/droncon_ws/install/vision_pkg:/home/cjh/realsense_ws/install/realsense2_ros_mqtt_bridge:/home/cjh/nav2_ros2/install/robot_application://home/cjh/nav2_ros2/install/robot_application:/opt/ros/humble /usr/bin/cmake --install /home/cjh/droncon_ws/build/core
[2.152s] Level 1:colcon.colcon_core.environment:create_environment_scripts_only(core)
[2.153s] DEBUG:colcon.colcon_core.event_handler.log_command:Invoked command in '/home/cjh/droncon_ws/build/core' returned '0': CMAKE_PREFIX_PATH=${CMAKE_PREFIX_PATH}:/home/cjh/droncon_ws/install/vision_pkg:/home/cjh/realsense_ws/install/realsense2_ros_mqtt_bridge:/home/cjh/nav2_ros2/install/robot_application://home/cjh/nav2_ros2/install/robot_application:/opt/ros/humble /usr/bin/cmake --install /home/cjh/droncon_ws/build/core
[2.179s] Level 1:colcon.colcon_core.environment:checking '/home/cjh/droncon_ws/install/core' for CMake module files
[2.182s] Level 1:colcon.colcon_core.environment:checking '/home/cjh/droncon_ws/install/core' for CMake config files
[2.184s] Level 1:colcon.colcon_core.shell:create_environment_hook('core', 'cmake_prefix_path')
[2.185s] INFO:colcon.colcon_core.shell:Creating environment hook '/home/cjh/droncon_ws/install/core/share/core/hook/cmake_prefix_path.ps1'
[2.186s] INFO:colcon.colcon_core.shell:Creating environment descriptor '/home/cjh/droncon_ws/install/core/share/core/hook/cmake_prefix_path.dsv'
[2.188s] INFO:colcon.colcon_core.shell:Creating environment hook '/home/cjh/droncon_ws/install/core/share/core/hook/cmake_prefix_path.sh'
[2.190s] Level 1:colcon.colcon_core.environment:checking '/home/cjh/droncon_ws/install/core/lib'
[2.191s] Level 1:colcon.colcon_core.environment:checking '/home/cjh/droncon_ws/install/core/bin'
[2.191s] Level 1:colcon.colcon_core.environment:checking '/home/cjh/droncon_ws/install/core/lib/pkgconfig/core.pc'
[2.192s] Level 1:colcon.colcon_core.environment:checking '/home/cjh/droncon_ws/install/core/lib/python3.10/site-packages'
[2.193s] Level 1:colcon.colcon_core.environment:checking '/home/cjh/droncon_ws/install/core/bin'
[2.194s] INFO:colcon.colcon_core.shell:Creating package script '/home/cjh/droncon_ws/install/core/share/core/package.ps1'
[2.198s] INFO:colcon.colcon_core.shell:Creating package descriptor '/home/cjh/droncon_ws/install/core/share/core/package.dsv'
[2.201s] INFO:colcon.colcon_core.shell:Creating package script '/home/cjh/droncon_ws/install/core/share/core/package.sh'
[2.204s] INFO:colcon.colcon_core.shell:Creating package script '/home/cjh/droncon_ws/install/core/share/core/package.bash'
[2.207s] INFO:colcon.colcon_core.shell:Creating package script '/home/cjh/droncon_ws/install/core/share/core/package.zsh'
[2.212s] Level 1:colcon.colcon_core.environment:create_file_with_runtime_dependencies(/home/cjh/droncon_ws/install/core/share/colcon-core/packages/core)
[2.215s] Level 1:colcon.colcon_core.environment:create_environment_scripts_only(core)
[2.216s] Level 1:colcon.colcon_core.environment:checking '/home/cjh/droncon_ws/install/core' for CMake module files
[2.218s] Level 1:colcon.colcon_core.environment:checking '/home/cjh/droncon_ws/install/core' for CMake config files
[2.218s] Level 1:colcon.colcon_core.shell:create_environment_hook('core', 'cmake_prefix_path')
[2.219s] INFO:colcon.colcon_core.shell:Creating environment hook '/home/cjh/droncon_ws/install/core/share/core/hook/cmake_prefix_path.ps1'
[2.221s] INFO:colcon.colcon_core.shell:Creating environment descriptor '/home/cjh/droncon_ws/install/core/share/core/hook/cmake_prefix_path.dsv'
[2.222s] INFO:colcon.colcon_core.shell:Creating environment hook '/home/cjh/droncon_ws/install/core/share/core/hook/cmake_prefix_path.sh'
[2.225s] Level 1:colcon.colcon_core.environment:checking '/home/cjh/droncon_ws/install/core/lib'
[2.225s] Level 1:colcon.colcon_core.environment:checking '/home/cjh/droncon_ws/install/core/bin'
[2.226s] Level 1:colcon.colcon_core.environment:checking '/home/cjh/droncon_ws/install/core/lib/pkgconfig/core.pc'
[2.227s] Level 1:colcon.colcon_core.environment:checking '/home/cjh/droncon_ws/install/core/lib/python3.10/site-packages'
[2.227s] Level 1:colcon.colcon_core.environment:checking '/home/cjh/droncon_ws/install/core/bin'
[2.228s] INFO:colcon.colcon_core.shell:Creating package script '/home/cjh/droncon_ws/install/core/share/core/package.ps1'
[2.230s] INFO:colcon.colcon_core.shell:Creating package descriptor '/home/cjh/droncon_ws/install/core/share/core/package.dsv'
[2.231s] INFO:colcon.colcon_core.shell:Creating package script '/home/cjh/droncon_ws/install/core/share/core/package.sh'
[2.233s] INFO:colcon.colcon_core.shell:Creating package script '/home/cjh/droncon_ws/install/core/share/core/package.bash'
[2.235s] INFO:colcon.colcon_core.shell:Creating package script '/home/cjh/droncon_ws/install/core/share/core/package.zsh'
[2.236s] Level 1:colcon.colcon_core.environment:create_file_with_runtime_dependencies(/home/cjh/droncon_ws/install/core/share/colcon-core/packages/core)
[2.612s] DEBUG:colcon.colcon_core.event_handler.log_command:Invoked command in '/home/cjh/droncon_ws/build/vision_interfaces' returned '0': CMAKE_PREFIX_PATH=${CMAKE_PREFIX_PATH}:/home/cjh/droncon_ws/install/vision_pkg:/home/cjh/realsense_ws/install/realsense2_ros_mqtt_bridge:/home/cjh/nav2_ros2/install/robot_application://home/cjh/nav2_ros2/install/robot_application:/opt/ros/humble /usr/bin/cmake --build /home/cjh/droncon_ws/build/vision_interfaces -- -j16 -l16
[2.619s] DEBUG:colcon.colcon_core.event_handler.log_command:Invoking command in '/home/cjh/droncon_ws/build/vision_interfaces': CMAKE_PREFIX_PATH=${CMAKE_PREFIX_PATH}:/home/cjh/droncon_ws/install/vision_pkg:/home/cjh/realsense_ws/install/realsense2_ros_mqtt_bridge:/home/cjh/nav2_ros2/install/robot_application://home/cjh/nav2_ros2/install/robot_application:/opt/ros/humble /usr/bin/cmake --install /home/cjh/droncon_ws/build/vision_interfaces
[2.810s] Level 1:colcon.colcon_core.environment:create_environment_scripts_only(vision_interfaces)
[2.811s] Level 1:colcon.colcon_core.environment:checking '/home/cjh/droncon_ws/install/vision_interfaces' for CMake module files
[2.812s] DEBUG:colcon.colcon_core.event_handler.log_command:Invoked command in '/home/cjh/droncon_ws/build/vision_interfaces' returned '0': CMAKE_PREFIX_PATH=${CMAKE_PREFIX_PATH}:/home/cjh/droncon_ws/install/vision_pkg:/home/cjh/realsense_ws/install/realsense2_ros_mqtt_bridge:/home/cjh/nav2_ros2/install/robot_application://home/cjh/nav2_ros2/install/robot_application:/opt/ros/humble /usr/bin/cmake --install /home/cjh/droncon_ws/build/vision_interfaces
[2.813s] Level 1:colcon.colcon_core.environment:checking '/home/cjh/droncon_ws/install/vision_interfaces' for CMake config files
[2.814s] Level 1:colcon.colcon_core.shell:create_environment_hook('vision_interfaces', 'cmake_prefix_path')
[2.815s] INFO:colcon.colcon_core.shell:Creating environment hook '/home/cjh/droncon_ws/install/vision_interfaces/share/vision_interfaces/hook/cmake_prefix_path.ps1'
[2.817s] INFO:colcon.colcon_core.shell:Creating environment descriptor '/home/cjh/droncon_ws/install/vision_interfaces/share/vision_interfaces/hook/cmake_prefix_path.dsv'
[2.818s] INFO:colcon.colcon_core.shell:Creating environment hook '/home/cjh/droncon_ws/install/vision_interfaces/share/vision_interfaces/hook/cmake_prefix_path.sh'
[2.820s] Level 1:colcon.colcon_core.environment:checking '/home/cjh/droncon_ws/install/vision_interfaces/lib'
[2.820s] Level 1:colcon.colcon_core.shell:create_environment_hook('vision_interfaces', 'ld_library_path_lib')
[2.821s] INFO:colcon.colcon_core.shell:Creating environment hook '/home/cjh/droncon_ws/install/vision_interfaces/share/vision_interfaces/hook/ld_library_path_lib.ps1'
[2.822s] INFO:colcon.colcon_core.shell:Creating environment descriptor '/home/cjh/droncon_ws/install/vision_interfaces/share/vision_interfaces/hook/ld_library_path_lib.dsv'
[2.823s] INFO:colcon.colcon_core.shell:Creating environment hook '/home/cjh/droncon_ws/install/vision_interfaces/share/vision_interfaces/hook/ld_library_path_lib.sh'
[2.824s] Level 1:colcon.colcon_core.environment:checking '/home/cjh/droncon_ws/install/vision_interfaces/bin'
[2.824s] Level 1:colcon.colcon_core.environment:checking '/home/cjh/droncon_ws/install/vision_interfaces/lib/pkgconfig/vision_interfaces.pc'
[2.824s] Level 1:colcon.colcon_core.environment:checking '/home/cjh/droncon_ws/install/vision_interfaces/lib/python3.10/site-packages'
[2.825s] Level 1:colcon.colcon_core.environment:checking '/home/cjh/droncon_ws/install/vision_interfaces/bin'
[2.826s] INFO:colcon.colcon_core.shell:Creating package script '/home/cjh/droncon_ws/install/vision_interfaces/share/vision_interfaces/package.ps1'
[2.828s] INFO:colcon.colcon_core.shell:Creating package descriptor '/home/cjh/droncon_ws/install/vision_interfaces/share/vision_interfaces/package.dsv'
[2.830s] INFO:colcon.colcon_core.shell:Creating package script '/home/cjh/droncon_ws/install/vision_interfaces/share/vision_interfaces/package.sh'
[2.832s] INFO:colcon.colcon_core.shell:Creating package script '/home/cjh/droncon_ws/install/vision_interfaces/share/vision_interfaces/package.bash'
[2.833s] INFO:colcon.colcon_core.shell:Creating package script '/home/cjh/droncon_ws/install/vision_interfaces/share/vision_interfaces/package.zsh'
[2.835s] Level 1:colcon.colcon_core.environment:create_file_with_runtime_dependencies(/home/cjh/droncon_ws/install/vision_interfaces/share/colcon-core/packages/vision_interfaces)
[2.836s] Level 1:colcon.colcon_core.environment:create_environment_scripts_only(vision_interfaces)
[2.837s] Level 1:colcon.colcon_core.environment:checking '/home/cjh/droncon_ws/install/vision_interfaces' for CMake module files
[2.839s] Level 1:colcon.colcon_core.environment:checking '/home/cjh/droncon_ws/install/vision_interfaces' for CMake config files
[2.840s] Level 1:colcon.colcon_core.shell:create_environment_hook('vision_interfaces', 'cmake_prefix_path')
[2.841s] INFO:colcon.colcon_core.shell:Creating environment hook '/home/cjh/droncon_ws/install/vision_interfaces/share/vision_interfaces/hook/cmake_prefix_path.ps1'
[2.842s] INFO:colcon.colcon_core.shell:Creating environment descriptor '/home/cjh/droncon_ws/install/vision_interfaces/share/vision_interfaces/hook/cmake_prefix_path.dsv'
[2.843s] INFO:colcon.colcon_core.shell:Creating environment hook '/home/cjh/droncon_ws/install/vision_interfaces/share/vision_interfaces/hook/cmake_prefix_path.sh'
[2.844s] Level 1:colcon.colcon_core.environment:checking '/home/cjh/droncon_ws/install/vision_interfaces/lib'
[2.844s] Level 1:colcon.colcon_core.shell:create_environment_hook('vision_interfaces', 'ld_library_path_lib')
[2.845s] INFO:colcon.colcon_core.shell:Creating environment hook '/home/cjh/droncon_ws/install/vision_interfaces/share/vision_interfaces/hook/ld_library_path_lib.ps1'
[2.847s] INFO:colcon.colcon_core.shell:Creating environment descriptor '/home/cjh/droncon_ws/install/vision_interfaces/share/vision_interfaces/hook/ld_library_path_lib.dsv'
[2.848s] INFO:colcon.colcon_core.shell:Creating environment hook '/home/cjh/droncon_ws/install/vision_interfaces/share/vision_interfaces/hook/ld_library_path_lib.sh'
[2.849s] Level 1:colcon.colcon_core.environment:checking '/home/cjh/droncon_ws/install/vision_interfaces/bin'
[2.849s] Level 1:colcon.colcon_core.environment:checking '/home/cjh/droncon_ws/install/vision_interfaces/lib/pkgconfig/vision_interfaces.pc'
[2.849s] Level 1:colcon.colcon_core.environment:checking '/home/cjh/droncon_ws/install/vision_interfaces/lib/python3.10/site-packages'
[2.850s] Level 1:colcon.colcon_core.environment:checking '/home/cjh/droncon_ws/install/vision_interfaces/bin'
[2.851s] INFO:colcon.colcon_core.shell:Creating package script '/home/cjh/droncon_ws/install/vision_interfaces/share/vision_interfaces/package.ps1'
[2.853s] INFO:colcon.colcon_core.shell:Creating package descriptor '/home/cjh/droncon_ws/install/vision_interfaces/share/vision_interfaces/package.dsv'
[2.855s] INFO:colcon.colcon_core.shell:Creating package script '/home/cjh/droncon_ws/install/vision_interfaces/share/vision_interfaces/package.sh'
[2.858s] INFO:colcon.colcon_core.shell:Creating package script '/home/cjh/droncon_ws/install/vision_interfaces/share/vision_interfaces/package.bash'
[2.860s] INFO:colcon.colcon_core.shell:Creating package script '/home/cjh/droncon_ws/install/vision_interfaces/share/vision_interfaces/package.zsh'
[2.862s] Level 1:colcon.colcon_core.environment:create_file_with_runtime_dependencies(/home/cjh/droncon_ws/install/vision_interfaces/share/colcon-core/packages/vision_interfaces)
[3.395s] DEBUG:colcon.colcon_core.event_handler.log_command:Invoking command in '/home/cjh/droncon_ws/src/vision_pkg': PYTHONPATH=/home/cjh/droncon_ws/build/vision_pkg/prefix_override:/usr/lib/python3/dist-packages/colcon_core/task/python/colcon_distutils_commands:/home/cjh/droncon_ws/install/vision_pkg/lib/python3.10/site-packages:${PYTHONPATH} /usr/bin/python3 -W ignore:setup.py install is deprecated -W ignore:easy_install command is deprecated setup.py egg_info --egg-base ../../build/vision_pkg build --build-base /home/cjh/droncon_ws/build/vision_pkg/build install --record /home/cjh/droncon_ws/build/vision_pkg/install.log --single-version-externally-managed install_data
[4.017s] Level 1:colcon.colcon_core.environment:checking '/home/cjh/droncon_ws/install/vision_pkg' for CMake module files
[4.019s] DEBUG:colcon.colcon_core.event_handler.log_command:Invoked command in '/home/cjh/droncon_ws/src/vision_pkg' returned '0': PYTHONPATH=/home/cjh/droncon_ws/build/vision_pkg/prefix_override:/usr/lib/python3/dist-packages/colcon_core/task/python/colcon_distutils_commands:/home/cjh/droncon_ws/install/vision_pkg/lib/python3.10/site-packages:${PYTHONPATH} /usr/bin/python3 -W ignore:setup.py install is deprecated -W ignore:easy_install command is deprecated setup.py egg_info --egg-base ../../build/vision_pkg build --build-base /home/cjh/droncon_ws/build/vision_pkg/build install --record /home/cjh/droncon_ws/build/vision_pkg/install.log --single-version-externally-managed install_data
[4.020s] Level 1:colcon.colcon_core.environment:checking '/home/cjh/droncon_ws/install/vision_pkg' for CMake config files
[4.020s] Level 1:colcon.colcon_core.environment:checking '/home/cjh/droncon_ws/install/vision_pkg/lib'
[4.020s] Level 1:colcon.colcon_core.environment:checking '/home/cjh/droncon_ws/install/vision_pkg/bin'
[4.021s] Level 1:colcon.colcon_core.environment:checking '/home/cjh/droncon_ws/install/vision_pkg/lib/pkgconfig/vision_pkg.pc'
[4.021s] Level 1:colcon.colcon_core.environment:checking '/home/cjh/droncon_ws/install/vision_pkg/lib/python3.10/site-packages'
[4.021s] Level 1:colcon.colcon_core.shell:create_environment_hook('vision_pkg', 'pythonpath')
[4.021s] INFO:colcon.colcon_core.shell:Creating environment hook '/home/cjh/droncon_ws/install/vision_pkg/share/vision_pkg/hook/pythonpath.ps1'
[4.022s] INFO:colcon.colcon_core.shell:Creating environment descriptor '/home/cjh/droncon_ws/install/vision_pkg/share/vision_pkg/hook/pythonpath.dsv'
[4.023s] INFO:colcon.colcon_core.shell:Creating environment hook '/home/cjh/droncon_ws/install/vision_pkg/share/vision_pkg/hook/pythonpath.sh'
[4.025s] Level 1:colcon.colcon_core.environment:checking '/home/cjh/droncon_ws/install/vision_pkg/bin'
[4.025s] Level 1:colcon.colcon_core.environment:create_environment_scripts_only(vision_pkg)
[4.026s] INFO:colcon.colcon_core.shell:Creating package script '/home/cjh/droncon_ws/install/vision_pkg/share/vision_pkg/package.ps1'
[4.027s] INFO:colcon.colcon_core.shell:Creating package descriptor '/home/cjh/droncon_ws/install/vision_pkg/share/vision_pkg/package.dsv'
[4.028s] INFO:colcon.colcon_core.shell:Creating package script '/home/cjh/droncon_ws/install/vision_pkg/share/vision_pkg/package.sh'
[4.029s] INFO:colcon.colcon_core.shell:Creating package script '/home/cjh/droncon_ws/install/vision_pkg/share/vision_pkg/package.bash'
[4.030s] INFO:colcon.colcon_core.shell:Creating package script '/home/cjh/droncon_ws/install/vision_pkg/share/vision_pkg/package.zsh'
[4.032s] Level 1:colcon.colcon_core.environment:create_file_with_runtime_dependencies(/home/cjh/droncon_ws/install/vision_pkg/share/colcon-core/packages/vision_pkg)
[4.032s] DEBUG:colcon.colcon_parallel_executor.executor.parallel:closing loop
[4.033s] DEBUG:colcon.colcon_parallel_executor.executor.parallel:loop closed
[4.033s] DEBUG:colcon.colcon_parallel_executor.executor.parallel:run_until_complete finished with '0'
[4.034s] DEBUG:colcon.colcon_core.event_reactor:joining thread
[4.053s] INFO:colcon.colcon_core.plugin_system:Skipping extension 'colcon_notification.desktop_notification.terminal_notifier': Not used on non-Darwin systems
[4.054s] INFO:colcon.colcon_core.plugin_system:Skipping extension 'colcon_notification.desktop_notification.win32': Not used on non-Windows systems
[4.054s] INFO:colcon.colcon_notification.desktop_notification:Sending desktop notification using 'notify2'
[4.140s] DEBUG:colcon.colcon_core.event_reactor:joined thread
[4.141s] INFO:colcon.colcon_core.shell:Creating prefix script '/home/cjh/droncon_ws/install/local_setup.ps1'
[4.144s] INFO:colcon.colcon_core.shell:Creating prefix util module '/home/cjh/droncon_ws/install/_local_setup_util_ps1.py'
[4.148s] INFO:colcon.colcon_core.shell:Creating prefix chain script '/home/cjh/droncon_ws/install/setup.ps1'
[4.153s] INFO:colcon.colcon_core.shell:Creating prefix script '/home/cjh/droncon_ws/install/local_setup.sh'
[4.155s] INFO:colcon.colcon_core.shell:Creating prefix util module '/home/cjh/droncon_ws/install/_local_setup_util_sh.py'
[4.156s] INFO:colcon.colcon_core.shell:Creating prefix chain script '/home/cjh/droncon_ws/install/setup.sh'
[4.162s] INFO:colcon.colcon_core.shell:Creating prefix script '/home/cjh/droncon_ws/install/local_setup.bash'
[4.164s] INFO:colcon.colcon_core.shell:Creating prefix chain script '/home/cjh/droncon_ws/install/setup.bash'
[4.169s] INFO:colcon.colcon_core.shell:Creating prefix script '/home/cjh/droncon_ws/install/local_setup.zsh'
[4.170s] INFO:colcon.colcon_core.shell:Creating prefix chain script '/home/cjh/droncon_ws/install/setup.zsh'
