[0.232s] DEBUG:colcon:Command line arguments: ['/usr/bin/colcon', 'build']
[0.232s] DEBUG:colcon:Parsed command line arguments: Namespace(log_base=None, log_level=None, verb_name='build', build_base='build', install_base='install', merge_install=False, symlink_install=False, test_result_base=None, continue_on_error=False, executor='parallel', parallel_workers=16, event_handlers=None, ignore_user_meta=False, metas=['./colcon.meta'], base_paths=['.'], packages_ignore=None, packages_ignore_regex=None, paths=None, packages_up_to=None, packages_up_to_regex=None, packages_above=None, packages_above_and_dependencies=None, packages_above_depth=None, packages_select_by_dep=None, packages_skip_by_dep=None, packages_skip_up_to=None, packages_select_build_failed=False, packages_skip_build_finished=False, packages_select_test_failures=False, packages_skip_test_passed=False, packages_select=None, packages_skip=None, packages_select_regex=None, packages_skip_regex=None, packages_start=None, packages_end=None, allow_overriding=[], cmake_args=None, cmake_target=None, cmake_target_skip_unavailable=False, cmake_clean_cache=False, cmake_clean_first=False, cmake_force_configure=False, ament_cmake_args=None, catkin_cmake_args=None, catkin_skip_building_tests=False, verb_parser=<colcon_defaults.argument_parser.defaults.DefaultArgumentsDecorator object at 0x72ac6455eaa0>, verb_extension=<colcon_core.verb.build.BuildVerb object at 0x72ac6455e650>, main=<bound method BuildVerb.main of <colcon_core.verb.build.BuildVerb object at 0x72ac6455e650>>)
[0.543s] Level 1:colcon.colcon_core.package_discovery:discover_packages(colcon_meta) check parameters
[0.543s] Level 1:colcon.colcon_core.package_discovery:discover_packages(recursive) check parameters
[0.543s] Level 1:colcon.colcon_core.package_discovery:discover_packages(ignore) check parameters
[0.543s] Level 1:colcon.colcon_core.package_discovery:discover_packages(path) check parameters
[0.543s] Level 1:colcon.colcon_core.package_discovery:discover_packages(colcon_meta) discover
[0.543s] Level 1:colcon.colcon_core.package_discovery:discover_packages(recursive) discover
[0.543s] INFO:colcon.colcon_core.package_discovery:Crawling recursively for packages in '/home/cjh/droncon_ws'
[0.544s] Level 1:colcon.colcon_core.package_identification:_identify(.) by extensions ['ignore', 'ignore_ament_install']
[0.544s] Level 1:colcon.colcon_core.package_identification:_identify(.) by extension 'ignore'
[0.544s] Level 1:colcon.colcon_core.package_identification:_identify(.) by extension 'ignore_ament_install'
[0.544s] Level 1:colcon.colcon_core.package_identification:_identify(.) by extensions ['colcon_pkg']
[0.544s] Level 1:colcon.colcon_core.package_identification:_identify(.) by extension 'colcon_pkg'
[0.544s] Level 1:colcon.colcon_core.package_identification:_identify(.) by extensions ['colcon_meta']
[0.544s] Level 1:colcon.colcon_core.package_identification:_identify(.) by extension 'colcon_meta'
[0.544s] Level 1:colcon.colcon_core.package_identification:_identify(.) by extensions ['ros']
[0.544s] Level 1:colcon.colcon_core.package_identification:_identify(.) by extension 'ros'
[0.563s] Level 1:colcon.colcon_core.package_identification:_identify(.) by extensions ['cmake', 'python']
[0.563s] Level 1:colcon.colcon_core.package_identification:_identify(.) by extension 'cmake'
[0.563s] Level 1:colcon.colcon_core.package_identification:_identify(.) by extension 'python'
[0.563s] Level 1:colcon.colcon_core.package_identification:_identify(.) by extensions ['python_setup_py']
[0.563s] Level 1:colcon.colcon_core.package_identification:_identify(.) by extension 'python_setup_py'
[0.564s] Level 1:colcon.colcon_core.package_identification:_identify(build) by extensions ['ignore', 'ignore_ament_install']
[0.564s] Level 1:colcon.colcon_core.package_identification:_identify(build) by extension 'ignore'
[0.564s] Level 1:colcon.colcon_core.package_identification:_identify(build) ignored
[0.564s] Level 1:colcon.colcon_core.package_identification:_identify(install) by extensions ['ignore', 'ignore_ament_install']
[0.564s] Level 1:colcon.colcon_core.package_identification:_identify(install) by extension 'ignore'
[0.564s] Level 1:colcon.colcon_core.package_identification:_identify(install) ignored
[0.564s] Level 1:colcon.colcon_core.package_identification:_identify(log) by extensions ['ignore', 'ignore_ament_install']
[0.564s] Level 1:colcon.colcon_core.package_identification:_identify(log) by extension 'ignore'
[0.564s] Level 1:colcon.colcon_core.package_identification:_identify(log) ignored
[0.564s] Level 1:colcon.colcon_core.package_identification:_identify(src) by extensions ['ignore', 'ignore_ament_install']
[0.564s] Level 1:colcon.colcon_core.package_identification:_identify(src) by extension 'ignore'
[0.565s] Level 1:colcon.colcon_core.package_identification:_identify(src) by extension 'ignore_ament_install'
[0.565s] Level 1:colcon.colcon_core.package_identification:_identify(src) by extensions ['colcon_pkg']
[0.565s] Level 1:colcon.colcon_core.package_identification:_identify(src) by extension 'colcon_pkg'
[0.565s] Level 1:colcon.colcon_core.package_identification:_identify(src) by extensions ['colcon_meta']
[0.565s] Level 1:colcon.colcon_core.package_identification:_identify(src) by extension 'colcon_meta'
[0.565s] Level 1:colcon.colcon_core.package_identification:_identify(src) by extensions ['ros']
[0.565s] Level 1:colcon.colcon_core.package_identification:_identify(src) by extension 'ros'
[0.565s] Level 1:colcon.colcon_core.package_identification:_identify(src) by extensions ['cmake', 'python']
[0.565s] Level 1:colcon.colcon_core.package_identification:_identify(src) by extension 'cmake'
[0.565s] Level 1:colcon.colcon_core.package_identification:_identify(src) by extension 'python'
[0.565s] Level 1:colcon.colcon_core.package_identification:_identify(src) by extensions ['python_setup_py']
[0.565s] Level 1:colcon.colcon_core.package_identification:_identify(src) by extension 'python_setup_py'
[0.565s] Level 1:colcon.colcon_core.package_identification:_identify(src/core) by extensions ['ignore', 'ignore_ament_install']
[0.565s] Level 1:colcon.colcon_core.package_identification:_identify(src/core) by extension 'ignore'
[0.565s] Level 1:colcon.colcon_core.package_identification:_identify(src/core) by extension 'ignore_ament_install'
[0.565s] Level 1:colcon.colcon_core.package_identification:_identify(src/core) by extensions ['colcon_pkg']
[0.565s] Level 1:colcon.colcon_core.package_identification:_identify(src/core) by extension 'colcon_pkg'
[0.565s] Level 1:colcon.colcon_core.package_identification:_identify(src/core) by extensions ['colcon_meta']
[0.565s] Level 1:colcon.colcon_core.package_identification:_identify(src/core) by extension 'colcon_meta'
[0.565s] Level 1:colcon.colcon_core.package_identification:_identify(src/core) by extensions ['ros']
[0.565s] Level 1:colcon.colcon_core.package_identification:_identify(src/core) by extension 'ros'
[0.569s] DEBUG:colcon.colcon_core.package_identification:Package 'src/core' with type 'ros.ament_cmake' and name 'core'
[0.569s] Level 1:colcon.colcon_core.package_identification:_identify(src/vision_interfaces) by extensions ['ignore', 'ignore_ament_install']
[0.570s] Level 1:colcon.colcon_core.package_identification:_identify(src/vision_interfaces) by extension 'ignore'
[0.570s] Level 1:colcon.colcon_core.package_identification:_identify(src/vision_interfaces) by extension 'ignore_ament_install'
[0.570s] Level 1:colcon.colcon_core.package_identification:_identify(src/vision_interfaces) by extensions ['colcon_pkg']
[0.570s] Level 1:colcon.colcon_core.package_identification:_identify(src/vision_interfaces) by extension 'colcon_pkg'
[0.570s] Level 1:colcon.colcon_core.package_identification:_identify(src/vision_interfaces) by extensions ['colcon_meta']
[0.571s] Level 1:colcon.colcon_core.package_identification:_identify(src/vision_interfaces) by extension 'colcon_meta'
[0.571s] Level 1:colcon.colcon_core.package_identification:_identify(src/vision_interfaces) by extensions ['ros']
[0.571s] Level 1:colcon.colcon_core.package_identification:_identify(src/vision_interfaces) by extension 'ros'
[0.572s] DEBUG:colcon.colcon_core.package_identification:Package 'src/vision_interfaces' with type 'ros.ament_cmake' and name 'vision_interfaces'
[0.572s] Level 1:colcon.colcon_core.package_identification:_identify(src/vision_pkg) by extensions ['ignore', 'ignore_ament_install']
[0.572s] Level 1:colcon.colcon_core.package_identification:_identify(src/vision_pkg) by extension 'ignore'
[0.572s] Level 1:colcon.colcon_core.package_identification:_identify(src/vision_pkg) by extension 'ignore_ament_install'
[0.572s] Level 1:colcon.colcon_core.package_identification:_identify(src/vision_pkg) by extensions ['colcon_pkg']
[0.573s] Level 1:colcon.colcon_core.package_identification:_identify(src/vision_pkg) by extension 'colcon_pkg'
[0.573s] Level 1:colcon.colcon_core.package_identification:_identify(src/vision_pkg) by extensions ['colcon_meta']
[0.573s] Level 1:colcon.colcon_core.package_identification:_identify(src/vision_pkg) by extension 'colcon_meta'
[0.573s] Level 1:colcon.colcon_core.package_identification:_identify(src/vision_pkg) by extensions ['ros']
[0.573s] Level 1:colcon.colcon_core.package_identification:_identify(src/vision_pkg) by extension 'ros'
[0.574s] DEBUG:colcon.colcon_core.package_identification:Package 'src/vision_pkg' with type 'ros.ament_python' and name 'vision_pkg'
[0.574s] Level 1:colcon.colcon_core.package_discovery:discover_packages(recursive) using defaults
[0.574s] Level 1:colcon.colcon_core.package_discovery:discover_packages(ignore) discover
[0.574s] Level 1:colcon.colcon_core.package_discovery:discover_packages(ignore) using defaults
[0.575s] Level 1:colcon.colcon_core.package_discovery:discover_packages(path) discover
[0.575s] Level 1:colcon.colcon_core.package_discovery:discover_packages(path) using defaults
[0.618s] Level 1:colcon.colcon_core.package_discovery:discover_packages(prefix_path) check parameters
[0.618s] Level 1:colcon.colcon_core.package_discovery:discover_packages(prefix_path) discover
[0.620s] DEBUG:colcon.colcon_installed_package_information.package_discovery:Found 1 installed packages in /home/cjh/oradar_ws/install
[0.621s] DEBUG:colcon.colcon_installed_package_information.package_discovery:Found 2 installed packages in //home/cjh/pluginlib_ws/install
[0.622s] DEBUG:colcon.colcon_installed_package_information.package_discovery:Found 4 installed packages in //home/cjh/nav2_ros2/install
[0.623s] DEBUG:colcon.colcon_installed_package_information.package_discovery:Found 5 installed packages in /home/cjh/realsense_ws/install
[0.624s] DEBUG:colcon.colcon_installed_package_information.package_discovery:Found 3 installed packages in /home/cjh/droncon_ws/install
[0.625s] DEBUG:colcon.colcon_installed_package_information.package_discovery:Found 2 installed packages in /home/cjh/px4_control/install
[0.626s] DEBUG:colcon.colcon_installed_package_information.package_discovery:Found 1 installed packages in /home/cjh/pcl_test/install
[0.627s] DEBUG:colcon.colcon_installed_package_information.package_discovery:Found 2 installed packages in /home/cjh/pluginlib_ws/install
[0.628s] DEBUG:colcon.colcon_installed_package_information.package_discovery:Found 4 installed packages in /home/cjh/nav2_ros2/install
[0.631s] DEBUG:colcon.colcon_installed_package_information.package_discovery:Found 464 installed packages in /opt/ros/humble
[0.632s] Level 1:colcon.colcon_core.package_discovery:discover_packages(prefix_path) using defaults
[0.735s] Level 5:colcon.colcon_core.verb:set package 'core' build argument 'cmake_args' from command line to 'None'
[0.735s] Level 5:colcon.colcon_core.verb:set package 'core' build argument 'cmake_target' from command line to 'None'
[0.736s] Level 5:colcon.colcon_core.verb:set package 'core' build argument 'cmake_target_skip_unavailable' from command line to 'False'
[0.736s] Level 5:colcon.colcon_core.verb:set package 'core' build argument 'cmake_clean_cache' from command line to 'False'
[0.736s] Level 5:colcon.colcon_core.verb:set package 'core' build argument 'cmake_clean_first' from command line to 'False'
[0.736s] Level 5:colcon.colcon_core.verb:set package 'core' build argument 'cmake_force_configure' from command line to 'False'
[0.736s] Level 5:colcon.colcon_core.verb:set package 'core' build argument 'ament_cmake_args' from command line to 'None'
[0.736s] Level 5:colcon.colcon_core.verb:set package 'core' build argument 'catkin_cmake_args' from command line to 'None'
[0.736s] Level 5:colcon.colcon_core.verb:set package 'core' build argument 'catkin_skip_building_tests' from command line to 'False'
[0.736s] DEBUG:colcon.colcon_core.verb:Building package 'core' with the following arguments: {'ament_cmake_args': None, 'build_base': '/home/cjh/droncon_ws/build/core', 'catkin_cmake_args': None, 'catkin_skip_building_tests': False, 'cmake_args': None, 'cmake_clean_cache': False, 'cmake_clean_first': False, 'cmake_force_configure': False, 'cmake_target': None, 'cmake_target_skip_unavailable': False, 'install_base': '/home/cjh/droncon_ws/install/core', 'merge_install': False, 'path': '/home/cjh/droncon_ws/src/core', 'symlink_install': False, 'test_result_base': None}
[0.737s] Level 5:colcon.colcon_core.verb:set package 'vision_interfaces' build argument 'cmake_args' from command line to 'None'
[0.737s] Level 5:colcon.colcon_core.verb:set package 'vision_interfaces' build argument 'cmake_target' from command line to 'None'
[0.737s] Level 5:colcon.colcon_core.verb:set package 'vision_interfaces' build argument 'cmake_target_skip_unavailable' from command line to 'False'
[0.737s] Level 5:colcon.colcon_core.verb:set package 'vision_interfaces' build argument 'cmake_clean_cache' from command line to 'False'
[0.737s] Level 5:colcon.colcon_core.verb:set package 'vision_interfaces' build argument 'cmake_clean_first' from command line to 'False'
[0.737s] Level 5:colcon.colcon_core.verb:set package 'vision_interfaces' build argument 'cmake_force_configure' from command line to 'False'
[0.737s] Level 5:colcon.colcon_core.verb:set package 'vision_interfaces' build argument 'ament_cmake_args' from command line to 'None'
[0.737s] Level 5:colcon.colcon_core.verb:set package 'vision_interfaces' build argument 'catkin_cmake_args' from command line to 'None'
[0.737s] Level 5:colcon.colcon_core.verb:set package 'vision_interfaces' build argument 'catkin_skip_building_tests' from command line to 'False'
[0.737s] DEBUG:colcon.colcon_core.verb:Building package 'vision_interfaces' with the following arguments: {'ament_cmake_args': None, 'build_base': '/home/cjh/droncon_ws/build/vision_interfaces', 'catkin_cmake_args': None, 'catkin_skip_building_tests': False, 'cmake_args': None, 'cmake_clean_cache': False, 'cmake_clean_first': False, 'cmake_force_configure': False, 'cmake_target': None, 'cmake_target_skip_unavailable': False, 'install_base': '/home/cjh/droncon_ws/install/vision_interfaces', 'merge_install': False, 'path': '/home/cjh/droncon_ws/src/vision_interfaces', 'symlink_install': False, 'test_result_base': None}
[0.738s] Level 5:colcon.colcon_core.verb:set package 'vision_pkg' build argument 'cmake_args' from command line to 'None'
[0.738s] Level 5:colcon.colcon_core.verb:set package 'vision_pkg' build argument 'cmake_target' from command line to 'None'
[0.738s] Level 5:colcon.colcon_core.verb:set package 'vision_pkg' build argument 'cmake_target_skip_unavailable' from command line to 'False'
[0.738s] Level 5:colcon.colcon_core.verb:set package 'vision_pkg' build argument 'cmake_clean_cache' from command line to 'False'
[0.738s] Level 5:colcon.colcon_core.verb:set package 'vision_pkg' build argument 'cmake_clean_first' from command line to 'False'
[0.739s] Level 5:colcon.colcon_core.verb:set package 'vision_pkg' build argument 'cmake_force_configure' from command line to 'False'
[0.739s] Level 5:colcon.colcon_core.verb:set package 'vision_pkg' build argument 'ament_cmake_args' from command line to 'None'
[0.739s] Level 5:colcon.colcon_core.verb:set package 'vision_pkg' build argument 'catkin_cmake_args' from command line to 'None'
[0.739s] Level 5:colcon.colcon_core.verb:set package 'vision_pkg' build argument 'catkin_skip_building_tests' from command line to 'False'
[0.739s] DEBUG:colcon.colcon_core.verb:Building package 'vision_pkg' with the following arguments: {'ament_cmake_args': None, 'build_base': '/home/cjh/droncon_ws/build/vision_pkg', 'catkin_cmake_args': None, 'catkin_skip_building_tests': False, 'cmake_args': None, 'cmake_clean_cache': False, 'cmake_clean_first': False, 'cmake_force_configure': False, 'cmake_target': None, 'cmake_target_skip_unavailable': False, 'install_base': '/home/cjh/droncon_ws/install/vision_pkg', 'merge_install': False, 'path': '/home/cjh/droncon_ws/src/vision_pkg', 'symlink_install': False, 'test_result_base': None}
[0.739s] INFO:colcon.colcon_core.executor:Executing jobs using 'parallel' executor
[0.741s] DEBUG:colcon.colcon_parallel_executor.executor.parallel:run_until_complete
[0.742s] INFO:colcon.colcon_ros.task.ament_cmake.build:Building ROS package in '/home/cjh/droncon_ws/src/core' with build type 'ament_cmake'
[0.742s] INFO:colcon.colcon_cmake.task.cmake.build:Building CMake package in '/home/cjh/droncon_ws/src/core'
[0.747s] INFO:colcon.colcon_core.plugin_system:Skipping extension 'colcon_core.shell.bat': Not used on non-Windows systems
[0.748s] INFO:colcon.colcon_core.shell:Skip shell extension 'powershell' for command environment: Not usable outside of PowerShell
[0.748s] DEBUG:colcon.colcon_core.shell:Skip shell extension 'dsv' for command environment
[0.761s] INFO:colcon.colcon_ros.task.ament_cmake.build:Building ROS package in '/home/cjh/droncon_ws/src/vision_interfaces' with build type 'ament_cmake'
[0.761s] INFO:colcon.colcon_cmake.task.cmake.build:Building CMake package in '/home/cjh/droncon_ws/src/vision_interfaces'
[0.762s] INFO:colcon.colcon_core.shell:Skip shell extension 'powershell' for command environment: Not usable outside of PowerShell
[0.763s] DEBUG:colcon.colcon_core.shell:Skip shell extension 'dsv' for command environment
[0.774s] INFO:colcon.colcon_ros.task.ament_python.build:Building ROS package in '/home/cjh/droncon_ws/src/vision_pkg' with build type 'ament_python'
[0.774s] Level 1:colcon.colcon_core.shell:create_environment_hook('vision_pkg', 'ament_prefix_path')
[0.775s] INFO:colcon.colcon_core.shell:Creating environment hook '/home/cjh/droncon_ws/install/vision_pkg/share/vision_pkg/hook/ament_prefix_path.ps1'
[0.776s] INFO:colcon.colcon_core.shell:Creating environment descriptor '/home/cjh/droncon_ws/install/vision_pkg/share/vision_pkg/hook/ament_prefix_path.dsv'
[0.778s] INFO:colcon.colcon_core.shell:Creating environment hook '/home/cjh/droncon_ws/install/vision_pkg/share/vision_pkg/hook/ament_prefix_path.sh'
[0.779s] INFO:colcon.colcon_core.shell:Skip shell extension 'powershell' for command environment: Not usable outside of PowerShell
[0.779s] DEBUG:colcon.colcon_core.shell:Skip shell extension 'dsv' for command environment
[0.804s] DEBUG:colcon.colcon_core.event_handler.log_command:Invoking command in '/home/cjh/droncon_ws/build/core': CMAKE_PREFIX_PATH=${CMAKE_PREFIX_PATH}:/home/cjh/droncon_ws/install/vision_pkg:/home/cjh/realsense_ws/install/realsense2_ros_mqtt_bridge:/home/cjh/nav2_ros2/install/robot_application://home/cjh/nav2_ros2/install/robot_application:/opt/ros/humble /usr/bin/cmake --build /home/cjh/droncon_ws/build/core -- -j16 -l16
[0.811s] DEBUG:colcon.colcon_core.event_handler.log_command:Invoking command in '/home/cjh/droncon_ws/build/vision_interfaces': CMAKE_PREFIX_PATH=${CMAKE_PREFIX_PATH}:/home/cjh/droncon_ws/install/vision_pkg:/home/cjh/realsense_ws/install/realsense2_ros_mqtt_bridge:/home/cjh/nav2_ros2/install/robot_application://home/cjh/nav2_ros2/install/robot_application:/opt/ros/humble /usr/bin/cmake --build /home/cjh/droncon_ws/build/vision_interfaces -- -j16 -l16
[1.329s] INFO:colcon.colcon_core.task.python.build:Building Python package in '/home/cjh/droncon_ws/src/vision_pkg'
[1.330s] INFO:colcon.colcon_core.shell:Skip shell extension 'powershell' for command environment: Not usable outside of PowerShell
[1.330s] DEBUG:colcon.colcon_core.shell:Skip shell extension 'dsv' for command environment
[1.351s] DEBUG:colcon.colcon_core.event_handler.log_command:Invoked command in '/home/cjh/droncon_ws/build/core' returned '0': CMAKE_PREFIX_PATH=${CMAKE_PREFIX_PATH}:/home/cjh/droncon_ws/install/vision_pkg:/home/cjh/realsense_ws/install/realsense2_ros_mqtt_bridge:/home/cjh/nav2_ros2/install/robot_application://home/cjh/nav2_ros2/install/robot_application:/opt/ros/humble /usr/bin/cmake --build /home/cjh/droncon_ws/build/core -- -j16 -l16
[1.379s] DEBUG:colcon.colcon_core.event_handler.log_command:Invoking command in '/home/cjh/droncon_ws/build/core': CMAKE_PREFIX_PATH=${CMAKE_PREFIX_PATH}:/home/cjh/droncon_ws/install/vision_pkg:/home/cjh/realsense_ws/install/realsense2_ros_mqtt_bridge:/home/cjh/nav2_ros2/install/robot_application://home/cjh/nav2_ros2/install/robot_application:/opt/ros/humble /usr/bin/cmake --install /home/cjh/droncon_ws/build/core
[1.408s] Level 1:colcon.colcon_core.environment:create_environment_scripts_only(core)
[1.410s] DEBUG:colcon.colcon_core.event_handler.log_command:Invoked command in '/home/cjh/droncon_ws/build/core' returned '0': CMAKE_PREFIX_PATH=${CMAKE_PREFIX_PATH}:/home/cjh/droncon_ws/install/vision_pkg:/home/cjh/realsense_ws/install/realsense2_ros_mqtt_bridge:/home/cjh/nav2_ros2/install/robot_application://home/cjh/nav2_ros2/install/robot_application:/opt/ros/humble /usr/bin/cmake --install /home/cjh/droncon_ws/build/core
[1.421s] Level 1:colcon.colcon_core.environment:checking '/home/cjh/droncon_ws/install/core' for CMake module files
[1.422s] Level 1:colcon.colcon_core.environment:checking '/home/cjh/droncon_ws/install/core' for CMake config files
[1.422s] Level 1:colcon.colcon_core.shell:create_environment_hook('core', 'cmake_prefix_path')
[1.423s] INFO:colcon.colcon_core.shell:Creating environment hook '/home/cjh/droncon_ws/install/core/share/core/hook/cmake_prefix_path.ps1'
[1.424s] INFO:colcon.colcon_core.shell:Creating environment descriptor '/home/cjh/droncon_ws/install/core/share/core/hook/cmake_prefix_path.dsv'
[1.425s] INFO:colcon.colcon_core.shell:Creating environment hook '/home/cjh/droncon_ws/install/core/share/core/hook/cmake_prefix_path.sh'
[1.427s] Level 1:colcon.colcon_core.environment:checking '/home/cjh/droncon_ws/install/core/lib'
[1.427s] Level 1:colcon.colcon_core.environment:checking '/home/cjh/droncon_ws/install/core/bin'
[1.427s] Level 1:colcon.colcon_core.environment:checking '/home/cjh/droncon_ws/install/core/lib/pkgconfig/core.pc'
[1.428s] Level 1:colcon.colcon_core.environment:checking '/home/cjh/droncon_ws/install/core/lib/python3.10/site-packages'
[1.428s] Level 1:colcon.colcon_core.environment:checking '/home/cjh/droncon_ws/install/core/bin'
[1.428s] INFO:colcon.colcon_core.shell:Creating package script '/home/cjh/droncon_ws/install/core/share/core/package.ps1'
[1.430s] INFO:colcon.colcon_core.shell:Creating package descriptor '/home/cjh/droncon_ws/install/core/share/core/package.dsv'
[1.432s] INFO:colcon.colcon_core.shell:Creating package script '/home/cjh/droncon_ws/install/core/share/core/package.sh'
[1.433s] INFO:colcon.colcon_core.shell:Creating package script '/home/cjh/droncon_ws/install/core/share/core/package.bash'
[1.435s] INFO:colcon.colcon_core.shell:Creating package script '/home/cjh/droncon_ws/install/core/share/core/package.zsh'
[1.436s] Level 1:colcon.colcon_core.environment:create_file_with_runtime_dependencies(/home/cjh/droncon_ws/install/core/share/colcon-core/packages/core)
[1.438s] Level 1:colcon.colcon_core.environment:create_environment_scripts_only(core)
[1.438s] Level 1:colcon.colcon_core.environment:checking '/home/cjh/droncon_ws/install/core' for CMake module files
[1.439s] Level 1:colcon.colcon_core.environment:checking '/home/cjh/droncon_ws/install/core' for CMake config files
[1.440s] Level 1:colcon.colcon_core.shell:create_environment_hook('core', 'cmake_prefix_path')
[1.440s] INFO:colcon.colcon_core.shell:Creating environment hook '/home/cjh/droncon_ws/install/core/share/core/hook/cmake_prefix_path.ps1'
[1.441s] INFO:colcon.colcon_core.shell:Creating environment descriptor '/home/cjh/droncon_ws/install/core/share/core/hook/cmake_prefix_path.dsv'
[1.442s] INFO:colcon.colcon_core.shell:Creating environment hook '/home/cjh/droncon_ws/install/core/share/core/hook/cmake_prefix_path.sh'
[1.445s] Level 1:colcon.colcon_core.environment:checking '/home/cjh/droncon_ws/install/core/lib'
[1.445s] Level 1:colcon.colcon_core.environment:checking '/home/cjh/droncon_ws/install/core/bin'
[1.445s] Level 1:colcon.colcon_core.environment:checking '/home/cjh/droncon_ws/install/core/lib/pkgconfig/core.pc'
[1.446s] Level 1:colcon.colcon_core.environment:checking '/home/cjh/droncon_ws/install/core/lib/python3.10/site-packages'
[1.447s] Level 1:colcon.colcon_core.environment:checking '/home/cjh/droncon_ws/install/core/bin'
[1.447s] INFO:colcon.colcon_core.shell:Creating package script '/home/cjh/droncon_ws/install/core/share/core/package.ps1'
[1.449s] INFO:colcon.colcon_core.shell:Creating package descriptor '/home/cjh/droncon_ws/install/core/share/core/package.dsv'
[1.450s] INFO:colcon.colcon_core.shell:Creating package script '/home/cjh/droncon_ws/install/core/share/core/package.sh'
[1.451s] INFO:colcon.colcon_core.shell:Creating package script '/home/cjh/droncon_ws/install/core/share/core/package.bash'
[1.452s] INFO:colcon.colcon_core.shell:Creating package script '/home/cjh/droncon_ws/install/core/share/core/package.zsh'
[1.454s] Level 1:colcon.colcon_core.environment:create_file_with_runtime_dependencies(/home/cjh/droncon_ws/install/core/share/colcon-core/packages/core)
[1.599s] DEBUG:colcon.colcon_core.event_handler.log_command:Invoked command in '/home/cjh/droncon_ws/build/vision_interfaces' returned '0': CMAKE_PREFIX_PATH=${CMAKE_PREFIX_PATH}:/home/cjh/droncon_ws/install/vision_pkg:/home/cjh/realsense_ws/install/realsense2_ros_mqtt_bridge:/home/cjh/nav2_ros2/install/robot_application://home/cjh/nav2_ros2/install/robot_application:/opt/ros/humble /usr/bin/cmake --build /home/cjh/droncon_ws/build/vision_interfaces -- -j16 -l16
[1.604s] DEBUG:colcon.colcon_core.event_handler.log_command:Invoking command in '/home/cjh/droncon_ws/build/vision_interfaces': CMAKE_PREFIX_PATH=${CMAKE_PREFIX_PATH}:/home/cjh/droncon_ws/install/vision_pkg:/home/cjh/realsense_ws/install/realsense2_ros_mqtt_bridge:/home/cjh/nav2_ros2/install/robot_application://home/cjh/nav2_ros2/install/robot_application:/opt/ros/humble /usr/bin/cmake --install /home/cjh/droncon_ws/build/vision_interfaces
[1.734s] Level 1:colcon.colcon_core.environment:create_environment_scripts_only(vision_interfaces)
[1.735s] Level 1:colcon.colcon_core.environment:checking '/home/cjh/droncon_ws/install/vision_interfaces' for CMake module files
[1.737s] DEBUG:colcon.colcon_core.event_handler.log_command:Invoked command in '/home/cjh/droncon_ws/build/vision_interfaces' returned '0': CMAKE_PREFIX_PATH=${CMAKE_PREFIX_PATH}:/home/cjh/droncon_ws/install/vision_pkg:/home/cjh/realsense_ws/install/realsense2_ros_mqtt_bridge:/home/cjh/nav2_ros2/install/robot_application://home/cjh/nav2_ros2/install/robot_application:/opt/ros/humble /usr/bin/cmake --install /home/cjh/droncon_ws/build/vision_interfaces
[1.738s] Level 1:colcon.colcon_core.environment:checking '/home/cjh/droncon_ws/install/vision_interfaces' for CMake config files
[1.739s] Level 1:colcon.colcon_core.shell:create_environment_hook('vision_interfaces', 'cmake_prefix_path')
[1.739s] INFO:colcon.colcon_core.shell:Creating environment hook '/home/cjh/droncon_ws/install/vision_interfaces/share/vision_interfaces/hook/cmake_prefix_path.ps1'
[1.740s] INFO:colcon.colcon_core.shell:Creating environment descriptor '/home/cjh/droncon_ws/install/vision_interfaces/share/vision_interfaces/hook/cmake_prefix_path.dsv'
[1.741s] INFO:colcon.colcon_core.shell:Creating environment hook '/home/cjh/droncon_ws/install/vision_interfaces/share/vision_interfaces/hook/cmake_prefix_path.sh'
[1.743s] Level 1:colcon.colcon_core.environment:checking '/home/cjh/droncon_ws/install/vision_interfaces/lib'
[1.743s] Level 1:colcon.colcon_core.shell:create_environment_hook('vision_interfaces', 'ld_library_path_lib')
[1.743s] INFO:colcon.colcon_core.shell:Creating environment hook '/home/cjh/droncon_ws/install/vision_interfaces/share/vision_interfaces/hook/ld_library_path_lib.ps1'
[1.744s] INFO:colcon.colcon_core.shell:Creating environment descriptor '/home/cjh/droncon_ws/install/vision_interfaces/share/vision_interfaces/hook/ld_library_path_lib.dsv'
[1.744s] INFO:colcon.colcon_core.shell:Creating environment hook '/home/cjh/droncon_ws/install/vision_interfaces/share/vision_interfaces/hook/ld_library_path_lib.sh'
[1.746s] Level 1:colcon.colcon_core.environment:checking '/home/cjh/droncon_ws/install/vision_interfaces/bin'
[1.746s] Level 1:colcon.colcon_core.environment:checking '/home/cjh/droncon_ws/install/vision_interfaces/lib/pkgconfig/vision_interfaces.pc'
[1.747s] Level 1:colcon.colcon_core.environment:checking '/home/cjh/droncon_ws/install/vision_interfaces/lib/python3.10/site-packages'
[1.747s] Level 1:colcon.colcon_core.environment:checking '/home/cjh/droncon_ws/install/vision_interfaces/bin'
[1.747s] INFO:colcon.colcon_core.shell:Creating package script '/home/cjh/droncon_ws/install/vision_interfaces/share/vision_interfaces/package.ps1'
[1.748s] INFO:colcon.colcon_core.shell:Creating package descriptor '/home/cjh/droncon_ws/install/vision_interfaces/share/vision_interfaces/package.dsv'
[1.749s] INFO:colcon.colcon_core.shell:Creating package script '/home/cjh/droncon_ws/install/vision_interfaces/share/vision_interfaces/package.sh'
[1.750s] INFO:colcon.colcon_core.shell:Creating package script '/home/cjh/droncon_ws/install/vision_interfaces/share/vision_interfaces/package.bash'
[1.750s] INFO:colcon.colcon_core.shell:Creating package script '/home/cjh/droncon_ws/install/vision_interfaces/share/vision_interfaces/package.zsh'
[1.751s] Level 1:colcon.colcon_core.environment:create_file_with_runtime_dependencies(/home/cjh/droncon_ws/install/vision_interfaces/share/colcon-core/packages/vision_interfaces)
[1.753s] Level 1:colcon.colcon_core.environment:create_environment_scripts_only(vision_interfaces)
[1.753s] Level 1:colcon.colcon_core.environment:checking '/home/cjh/droncon_ws/install/vision_interfaces' for CMake module files
[1.754s] Level 1:colcon.colcon_core.environment:checking '/home/cjh/droncon_ws/install/vision_interfaces' for CMake config files
[1.755s] Level 1:colcon.colcon_core.shell:create_environment_hook('vision_interfaces', 'cmake_prefix_path')
[1.756s] INFO:colcon.colcon_core.shell:Creating environment hook '/home/cjh/droncon_ws/install/vision_interfaces/share/vision_interfaces/hook/cmake_prefix_path.ps1'
[1.757s] INFO:colcon.colcon_core.shell:Creating environment descriptor '/home/cjh/droncon_ws/install/vision_interfaces/share/vision_interfaces/hook/cmake_prefix_path.dsv'
[1.758s] INFO:colcon.colcon_core.shell:Creating environment hook '/home/cjh/droncon_ws/install/vision_interfaces/share/vision_interfaces/hook/cmake_prefix_path.sh'
[1.759s] Level 1:colcon.colcon_core.environment:checking '/home/cjh/droncon_ws/install/vision_interfaces/lib'
[1.759s] Level 1:colcon.colcon_core.shell:create_environment_hook('vision_interfaces', 'ld_library_path_lib')
[1.759s] INFO:colcon.colcon_core.shell:Creating environment hook '/home/cjh/droncon_ws/install/vision_interfaces/share/vision_interfaces/hook/ld_library_path_lib.ps1'
[1.760s] INFO:colcon.colcon_core.shell:Creating environment descriptor '/home/cjh/droncon_ws/install/vision_interfaces/share/vision_interfaces/hook/ld_library_path_lib.dsv'
[1.761s] INFO:colcon.colcon_core.shell:Creating environment hook '/home/cjh/droncon_ws/install/vision_interfaces/share/vision_interfaces/hook/ld_library_path_lib.sh'
[1.762s] Level 1:colcon.colcon_core.environment:checking '/home/cjh/droncon_ws/install/vision_interfaces/bin'
[1.762s] Level 1:colcon.colcon_core.environment:checking '/home/cjh/droncon_ws/install/vision_interfaces/lib/pkgconfig/vision_interfaces.pc'
[1.763s] Level 1:colcon.colcon_core.environment:checking '/home/cjh/droncon_ws/install/vision_interfaces/lib/python3.10/site-packages'
[1.764s] Level 1:colcon.colcon_core.environment:checking '/home/cjh/droncon_ws/install/vision_interfaces/bin'
[1.764s] INFO:colcon.colcon_core.shell:Creating package script '/home/cjh/droncon_ws/install/vision_interfaces/share/vision_interfaces/package.ps1'
[1.766s] INFO:colcon.colcon_core.shell:Creating package descriptor '/home/cjh/droncon_ws/install/vision_interfaces/share/vision_interfaces/package.dsv'
[1.767s] INFO:colcon.colcon_core.shell:Creating package script '/home/cjh/droncon_ws/install/vision_interfaces/share/vision_interfaces/package.sh'
[1.768s] INFO:colcon.colcon_core.shell:Creating package script '/home/cjh/droncon_ws/install/vision_interfaces/share/vision_interfaces/package.bash'
[1.769s] INFO:colcon.colcon_core.shell:Creating package script '/home/cjh/droncon_ws/install/vision_interfaces/share/vision_interfaces/package.zsh'
[1.770s] Level 1:colcon.colcon_core.environment:create_file_with_runtime_dependencies(/home/cjh/droncon_ws/install/vision_interfaces/share/colcon-core/packages/vision_interfaces)
[2.352s] DEBUG:colcon.colcon_core.event_handler.log_command:Invoking command in '/home/cjh/droncon_ws/src/vision_pkg': PYTHONPATH=/home/cjh/droncon_ws/build/vision_pkg/prefix_override:/usr/lib/python3/dist-packages/colcon_core/task/python/colcon_distutils_commands:/home/cjh/droncon_ws/install/vision_pkg/lib/python3.10/site-packages:${PYTHONPATH} /usr/bin/python3 -W ignore:setup.py install is deprecated -W ignore:easy_install command is deprecated setup.py egg_info --egg-base ../../build/vision_pkg build --build-base /home/cjh/droncon_ws/build/vision_pkg/build install --record /home/cjh/droncon_ws/build/vision_pkg/install.log --single-version-externally-managed install_data
[2.909s] Level 1:colcon.colcon_core.environment:checking '/home/cjh/droncon_ws/install/vision_pkg' for CMake module files
[2.910s] DEBUG:colcon.colcon_core.event_handler.log_command:Invoked command in '/home/cjh/droncon_ws/src/vision_pkg' returned '0': PYTHONPATH=/home/cjh/droncon_ws/build/vision_pkg/prefix_override:/usr/lib/python3/dist-packages/colcon_core/task/python/colcon_distutils_commands:/home/cjh/droncon_ws/install/vision_pkg/lib/python3.10/site-packages:${PYTHONPATH} /usr/bin/python3 -W ignore:setup.py install is deprecated -W ignore:easy_install command is deprecated setup.py egg_info --egg-base ../../build/vision_pkg build --build-base /home/cjh/droncon_ws/build/vision_pkg/build install --record /home/cjh/droncon_ws/build/vision_pkg/install.log --single-version-externally-managed install_data
[2.910s] Level 1:colcon.colcon_core.environment:checking '/home/cjh/droncon_ws/install/vision_pkg' for CMake config files
[2.911s] Level 1:colcon.colcon_core.environment:checking '/home/cjh/droncon_ws/install/vision_pkg/lib'
[2.911s] Level 1:colcon.colcon_core.environment:checking '/home/cjh/droncon_ws/install/vision_pkg/bin'
[2.911s] Level 1:colcon.colcon_core.environment:checking '/home/cjh/droncon_ws/install/vision_pkg/lib/pkgconfig/vision_pkg.pc'
[2.911s] Level 1:colcon.colcon_core.environment:checking '/home/cjh/droncon_ws/install/vision_pkg/lib/python3.10/site-packages'
[2.911s] Level 1:colcon.colcon_core.shell:create_environment_hook('vision_pkg', 'pythonpath')
[2.912s] INFO:colcon.colcon_core.shell:Creating environment hook '/home/cjh/droncon_ws/install/vision_pkg/share/vision_pkg/hook/pythonpath.ps1'
[2.912s] INFO:colcon.colcon_core.shell:Creating environment descriptor '/home/cjh/droncon_ws/install/vision_pkg/share/vision_pkg/hook/pythonpath.dsv'
[2.913s] INFO:colcon.colcon_core.shell:Creating environment hook '/home/cjh/droncon_ws/install/vision_pkg/share/vision_pkg/hook/pythonpath.sh'
[2.914s] Level 1:colcon.colcon_core.environment:checking '/home/cjh/droncon_ws/install/vision_pkg/bin'
[2.914s] Level 1:colcon.colcon_core.environment:create_environment_scripts_only(vision_pkg)
[2.914s] INFO:colcon.colcon_core.shell:Creating package script '/home/cjh/droncon_ws/install/vision_pkg/share/vision_pkg/package.ps1'
[2.915s] INFO:colcon.colcon_core.shell:Creating package descriptor '/home/cjh/droncon_ws/install/vision_pkg/share/vision_pkg/package.dsv'
[2.916s] INFO:colcon.colcon_core.shell:Creating package script '/home/cjh/droncon_ws/install/vision_pkg/share/vision_pkg/package.sh'
[2.917s] INFO:colcon.colcon_core.shell:Creating package script '/home/cjh/droncon_ws/install/vision_pkg/share/vision_pkg/package.bash'
[2.917s] INFO:colcon.colcon_core.shell:Creating package script '/home/cjh/droncon_ws/install/vision_pkg/share/vision_pkg/package.zsh'
[2.918s] Level 1:colcon.colcon_core.environment:create_file_with_runtime_dependencies(/home/cjh/droncon_ws/install/vision_pkg/share/colcon-core/packages/vision_pkg)
[2.919s] DEBUG:colcon.colcon_parallel_executor.executor.parallel:closing loop
[2.919s] DEBUG:colcon.colcon_parallel_executor.executor.parallel:loop closed
[2.919s] DEBUG:colcon.colcon_parallel_executor.executor.parallel:run_until_complete finished with '0'
[2.920s] DEBUG:colcon.colcon_core.event_reactor:joining thread
[2.929s] INFO:colcon.colcon_core.plugin_system:Skipping extension 'colcon_notification.desktop_notification.terminal_notifier': Not used on non-Darwin systems
[2.929s] INFO:colcon.colcon_core.plugin_system:Skipping extension 'colcon_notification.desktop_notification.win32': Not used on non-Windows systems
[2.929s] INFO:colcon.colcon_notification.desktop_notification:Sending desktop notification using 'notify2'
[2.966s] DEBUG:colcon.colcon_core.event_reactor:joined thread
[2.967s] INFO:colcon.colcon_core.shell:Creating prefix script '/home/cjh/droncon_ws/install/local_setup.ps1'
[2.969s] INFO:colcon.colcon_core.shell:Creating prefix util module '/home/cjh/droncon_ws/install/_local_setup_util_ps1.py'
[2.972s] INFO:colcon.colcon_core.shell:Creating prefix chain script '/home/cjh/droncon_ws/install/setup.ps1'
[2.976s] INFO:colcon.colcon_core.shell:Creating prefix script '/home/cjh/droncon_ws/install/local_setup.sh'
[2.978s] INFO:colcon.colcon_core.shell:Creating prefix util module '/home/cjh/droncon_ws/install/_local_setup_util_sh.py'
[2.978s] INFO:colcon.colcon_core.shell:Creating prefix chain script '/home/cjh/droncon_ws/install/setup.sh'
[2.981s] INFO:colcon.colcon_core.shell:Creating prefix script '/home/cjh/droncon_ws/install/local_setup.bash'
[2.983s] INFO:colcon.colcon_core.shell:Creating prefix chain script '/home/cjh/droncon_ws/install/setup.bash'
[2.986s] INFO:colcon.colcon_core.shell:Creating prefix script '/home/cjh/droncon_ws/install/local_setup.zsh'
[2.987s] INFO:colcon.colcon_core.shell:Creating prefix chain script '/home/cjh/droncon_ws/install/setup.zsh'
